<?xml version="1.0" encoding="UTF-8"?>
<testsuite xmlns:xsi="http://www.w3.org/2001/XMLSchema-instance" xsi:noNamespaceSchemaLocation="https://maven.apache.org/surefire/maven-surefire-plugin/xsd/surefire-test-report.xsd" name="org.aiotml.testing.providers.GeneralTests" time="44.009" tests="530" errors="0" skipped="0" failures="530">
  <properties>
    <property name="sun.desktop" value="windows"/>
    <property name="awt.toolkit" value="sun.awt.windows.WToolkit"/>
    <property name="java.specification.version" value="9"/>
    <property name="file.encoding.pkg" value="sun.io"/>
    <property name="sun.cpu.isalist" value="amd64"/>
    <property name="sun.jnu.encoding" value="GBK"/>
    <property name="java.class.path" value="D:\Program Files\eclipse\plugins\org.eclipse.m2e.maven.runtime_1.11.0.20190220-2117\jars\plexus-classworlds-2.5.2.jar"/>
    <property name="java.vm.vendor" value="Oracle Corporation"/>
    <property name="sun.arch.data.model" value="64"/>
    <property name="user.variant" value=""/>
    <property name="java.vendor.url" value="http://java.oracle.com/"/>
    <property name="user.timezone" value="Asia/Shanghai"/>
    <property name="os.name" value="Windows 10"/>
    <property name="java.vm.specification.version" value="9"/>
    <property name="sun.java.launcher" value="SUN_STANDARD"/>
    <property name="user.country" value="CN"/>
    <property name="sun.boot.library.path" value="C:\Program Files\Java\jdk-9.0.1\bin"/>
    <property name="sun.java.command" value="org.codehaus.plexus.classworlds.launcher.Launcher -B install"/>
    <property name="jdk.debug" value="release"/>
    <property name="maven.home" value="F:\MasterLab\iot\AiotML-master\testing\EMBEDDED"/>
    <property name="sun.cpu.endian" value="little"/>
    <property name="user.home" value="C:\Users\hm"/>
    <property name="user.language" value="zh"/>
    <property name="java.specification.vendor" value="Oracle Corporation"/>
    <property name="java.home" value="C:\Program Files\Java\jdk-9.0.1"/>
    <property name="file.separator" value="\"/>
    <property name="java.vm.compressedOopsMode" value="32-bit"/>
    <property name="line.separator" value="&#10;"/>
    <property name="java.specification.name" value="Java Platform API Specification"/>
    <property name="java.vm.specification.vendor" value="Oracle Corporation"/>
    <property name="java.awt.graphicsenv" value="sun.awt.Win32GraphicsEnvironment"/>
    <property name="user.script" value=""/>
    <property name="sun.management.compiler" value="HotSpot 64-Bit Tiered Compilers"/>
    <property name="java.runtime.version" value="9.0.1+11"/>
    <property name="user.name" value="hm"/>
    <property name="path.separator" value=";"/>
    <property name="os.version" value="10.0"/>
    <property name="java.runtime.name" value="Java(TM) SE Runtime Environment"/>
    <property name="file.encoding" value="GBK"/>
    <property name="guice.disable.misplaced.annotation.check" value="true"/>
    <property name="java.vm.name" value="Java HotSpot(TM) 64-Bit Server VM"/>
    <property name="java.vendor.url.bug" value="http://bugreport.java.com/bugreport/"/>
    <property name="java.io.tmpdir" value="C:\Users\hm\AppData\Local\Temp\"/>
    <property name="java.version" value="9.0.1"/>
    <property name="user.dir" value="F:\MasterLab\iot\AiotML-master\testing"/>
    <property name="os.arch" value="amd64"/>
    <property name="maven.multiModuleProjectDirectory" value="F:\MasterLab\iot\AiotML-master\testing"/>
    <property name="java.vm.specification.name" value="Java Virtual Machine Specification"/>
    <property name="java.awt.printerjob" value="sun.awt.windows.WPrinterJob"/>
    <property name="sun.os.patch.level" value=""/>
    <property name="java.library.path" value="C:\Program Files\Java\jdk-9.0.1\bin;C:\WINDOWS\Sun\Java\bin;C:\WINDOWS\system32;C:\WINDOWS;C:/Program Files/Java/jre1.8.0_211/bin/server;C:/Program Files/Java/jre1.8.0_211/bin;C:/Program Files/Java/jre1.8.0_211/lib/amd64;C:\ProgramData\Oracle\Java\javapath;C:\WINDOWS\system32;C:\WINDOWS;C:\WINDOWS\System32\Wbem;C:\WINDOWS\System32\WindowsPowerShell\v1.0\;%JAVA_HOME%\bin;D:\Git\cmd;D:\LLVM\bin;D:\Go\bin;D:\Program Files\MATLAB\R2018a\runtime\win64;D:\Program Files\MATLAB\R2018a\bin;C:\Python27\Scripts;C:\Python27;C:\WINDOWS\System32\OpenSSH\;D:\Program Files\Microsoft VS Code\bin;C:\Program Files\ISC BIND 9\bin;D:\Program Files\PuTTY\;C:\Users\hm\AppData\Local\Microsoft\WindowsApps;F:\MasterLab\go-ethereum\bin;D:\texlive\2018\bin\win32;;D:\Program Files\eclipse;;."/>
    <property name="java.vm.info" value="mixed mode"/>
    <property name="java.vendor" value="Oracle Corporation"/>
    <property name="java.vm.version" value="9.0.1+11"/>
    <property name="classworlds.conf" value="D:\Program Files\eclipse\workspace\.metadata\.plugins\org.eclipse.m2e.launching\launches\m2conf7804091219083338409.tmp"/>
    <property name="sun.io.unicode.encoding" value="UnicodeLittle"/>
    <property name="java.class.version" value="53.0"/>
  </properties>
  <testcase name="NodeJS [testArrays]" classname="testArrays [General.Arrays]" time="0.005">
    <failure message="Cannot run compiler&apos;nodejs&apos; on the current platform" type="org.aiotml.testing.errors.AiotMLTestCaseCompilerError">org.aiotml.testing.errors.AiotMLTestCaseCompilerError: Cannot run compiler'nodejs' on the current platform
Caused by: org.aiotml.testing.errors.AiotMLExecutionError: 
node -v - Non-zero return value
[stdout]

[stderr]
'node' �����ڲ����ⲿ���Ҳ���ǿ����еĳ���
���������ļ���

</failure>
  </testcase>
  <testcase name="Java [testArrays]" classname="testArrays [General.Arrays]" time="0.003">
    <failure message="Cannot run compiler&apos;java&apos; on the current platform" type="org.aiotml.testing.errors.AiotMLTestCaseCompilerError">org.aiotml.testing.errors.AiotMLTestCaseCompilerError: Cannot run compiler'java' on the current platform
Caused by: org.aiotml.testing.errors.AiotMLExecutionError: 
mvn -v - Non-zero return value
[stdout]

[stderr]
'mvn' �����ڲ����ⲿ���Ҳ���ǿ����еĳ���
���������ļ���

</failure>
  </testcase>
  <testcase name="Posix [testArrays]" classname="testArrays [General.Arrays]" time="0">
    <failure message="Cannot run compiler&apos;posix&apos; on the current platform" type="org.aiotml.testing.errors.AiotMLTestCaseCompilerError">org.aiotml.testing.errors.AiotMLTestCaseCompilerError: Cannot run compiler'posix' on the current platform
Caused by: org.aiotml.testing.errors.AiotMLExecutionError: 
make -v - Non-zero return value
[stdout]

[stderr]
'make' �����ڲ����ⲿ���Ҳ���ǿ����еĳ���
���������ļ���

</failure>
  </testcase>
  <testcase name="PosixMT [testArrays]" classname="testArrays [General.Arrays]" time="0.003">
    <failure message="Cannot run compiler&apos;posixmt&apos; on the current platform" type="org.aiotml.testing.errors.AiotMLTestCaseCompilerError">org.aiotml.testing.errors.AiotMLTestCaseCompilerError: Cannot run compiler'posixmt' on the current platform
Caused by: org.aiotml.testing.errors.AiotMLExecutionError: 
make -v - Non-zero return value
[stdout]

[stderr]
'make' �����ڲ����ⲿ���Ҳ���ǿ����еĳ���
���������ļ���

</failure>
  </testcase>
  <testcase name="NodeJS [testArrays2]" classname="testArrays2 [General.Arrays]" time="0.002">
    <failure message="Cannot run compiler&apos;nodejs&apos; on the current platform" type="org.aiotml.testing.errors.AiotMLTestCaseCompilerError">org.aiotml.testing.errors.AiotMLTestCaseCompilerError: Cannot run compiler'nodejs' on the current platform
Caused by: org.aiotml.testing.errors.AiotMLExecutionError: 
node -v - Non-zero return value
[stdout]

[stderr]
'node' �����ڲ����ⲿ���Ҳ���ǿ����еĳ���
���������ļ���

</failure>
  </testcase>
  <testcase name="Java [testArrays2]" classname="testArrays2 [General.Arrays]" time="0.001">
    <failure message="Cannot run compiler&apos;java&apos; on the current platform" type="org.aiotml.testing.errors.AiotMLTestCaseCompilerError">org.aiotml.testing.errors.AiotMLTestCaseCompilerError: Cannot run compiler'java' on the current platform
Caused by: org.aiotml.testing.errors.AiotMLExecutionError: 
mvn -v - Non-zero return value
[stdout]

[stderr]
'mvn' �����ڲ����ⲿ���Ҳ���ǿ����еĳ���
���������ļ���

</failure>
  </testcase>
  <testcase name="Posix [testArrays2]" classname="testArrays2 [General.Arrays]" time="0.002">
    <failure message="Cannot run compiler&apos;posix&apos; on the current platform" type="org.aiotml.testing.errors.AiotMLTestCaseCompilerError">org.aiotml.testing.errors.AiotMLTestCaseCompilerError: Cannot run compiler'posix' on the current platform
Caused by: org.aiotml.testing.errors.AiotMLExecutionError: 
make -v - Non-zero return value
[stdout]

[stderr]
'make' �����ڲ����ⲿ���Ҳ���ǿ����еĳ���
���������ļ���

</failure>
  </testcase>
  <testcase name="PosixMT [testArrays2]" classname="testArrays2 [General.Arrays]" time="0.002">
    <failure message="Cannot run compiler&apos;posixmt&apos; on the current platform" type="org.aiotml.testing.errors.AiotMLTestCaseCompilerError">org.aiotml.testing.errors.AiotMLTestCaseCompilerError: Cannot run compiler'posixmt' on the current platform
Caused by: org.aiotml.testing.errors.AiotMLExecutionError: 
make -v - Non-zero return value
[stdout]

[stderr]
'make' �����ڲ����ⲿ���Ҳ���ǿ����еĳ���
���������ļ���

</failure>
  </testcase>
  <testcase name="NodeJS [testArrays3]" classname="testArrays3 [General.Arrays]" time="0.001">
    <failure message="Cannot run compiler&apos;nodejs&apos; on the current platform" type="org.aiotml.testing.errors.AiotMLTestCaseCompilerError">org.aiotml.testing.errors.AiotMLTestCaseCompilerError: Cannot run compiler'nodejs' on the current platform
Caused by: org.aiotml.testing.errors.AiotMLExecutionError: 
node -v - Non-zero return value
[stdout]

[stderr]
'node' �����ڲ����ⲿ���Ҳ���ǿ����еĳ���
���������ļ���

</failure>
  </testcase>
  <testcase name="Java [testArrays3]" classname="testArrays3 [General.Arrays]" time="0.001">
    <failure message="Cannot run compiler&apos;java&apos; on the current platform" type="org.aiotml.testing.errors.AiotMLTestCaseCompilerError">org.aiotml.testing.errors.AiotMLTestCaseCompilerError: Cannot run compiler'java' on the current platform
Caused by: org.aiotml.testing.errors.AiotMLExecutionError: 
mvn -v - Non-zero return value
[stdout]

[stderr]
'mvn' �����ڲ����ⲿ���Ҳ���ǿ����еĳ���
���������ļ���

</failure>
  </testcase>
  <testcase name="Posix [testArrays3]" classname="testArrays3 [General.Arrays]" time="0.001">
    <failure message="Cannot run compiler&apos;posix&apos; on the current platform" type="org.aiotml.testing.errors.AiotMLTestCaseCompilerError">org.aiotml.testing.errors.AiotMLTestCaseCompilerError: Cannot run compiler'posix' on the current platform
Caused by: org.aiotml.testing.errors.AiotMLExecutionError: 
make -v - Non-zero return value
[stdout]

[stderr]
'make' �����ڲ����ⲿ���Ҳ���ǿ����еĳ���
���������ļ���

</failure>
  </testcase>
  <testcase name="PosixMT [testArrays3]" classname="testArrays3 [General.Arrays]" time="0.001">
    <failure message="Cannot run compiler&apos;posixmt&apos; on the current platform" type="org.aiotml.testing.errors.AiotMLTestCaseCompilerError">org.aiotml.testing.errors.AiotMLTestCaseCompilerError: Cannot run compiler'posixmt' on the current platform
Caused by: org.aiotml.testing.errors.AiotMLExecutionError: 
make -v - Non-zero return value
[stdout]

[stderr]
'make' �����ڲ����ⲿ���Ҳ���ǿ����еĳ���
���������ļ���

</failure>
  </testcase>
  <testcase name="Go [testArrays]" classname="testArrays [General.Arrays]" time="6.224">
    <failure message="Test execution - Non-zero return value&#10;[stdout]&#10;&#10;[stderr]&#10;testconfiguration_generated.go:4:2: cannot find package &quot;github.com/SINTEF-9012/gosm&quot; in any of:&#10;	D:\Go\src\github.com\SINTEF-9012\gosm (from $GOROOT)&#10;	F:\MasterLab\go-ethereum\src\github.com\SINTEF-9012\gosm (from $GOPATH)&#10;" type="org.aiotml.testing.errors.AiotMLExecutionError">org.aiotml.testing.errors.AiotMLExecutionError: 
Test execution - Non-zero return value
[stdout]

[stderr]
testconfiguration_generated.go:4:2: cannot find package "github.com/SINTEF-9012/gosm" in any of:
	D:\Go\src\github.com\SINTEF-9012\gosm (from $GOROOT)
	F:\MasterLab\go-ethereum\src\github.com\SINTEF-9012\gosm (from $GOPATH)

</failure>
  </testcase>
  <testcase name="Go [testArrays2]" classname="testArrays2 [General.Arrays]" time="0.003">
    <failure message="Test execution - Non-zero return value&#10;[stdout]&#10;&#10;[stderr]&#10;testconfiguration_generated.go:4:2: cannot find package &quot;github.com/SINTEF-9012/gosm&quot; in any of:&#10;	D:\Go\src\github.com\SINTEF-9012\gosm (from $GOROOT)&#10;	F:\MasterLab\go-ethereum\src\github.com\SINTEF-9012\gosm (from $GOPATH)&#10;" type="org.aiotml.testing.errors.AiotMLExecutionError">org.aiotml.testing.errors.AiotMLExecutionError: 
Test execution - Non-zero return value
[stdout]

[stderr]
testconfiguration_generated.go:4:2: cannot find package "github.com/SINTEF-9012/gosm" in any of:
	D:\Go\src\github.com\SINTEF-9012\gosm (from $GOROOT)
	F:\MasterLab\go-ethereum\src\github.com\SINTEF-9012\gosm (from $GOPATH)

</failure>
  </testcase>
  <testcase name="NodeJS [testArraysInit]" classname="testArraysInit [General.Arrays]" time="0">
    <failure message="Cannot run compiler&apos;nodejs&apos; on the current platform" type="org.aiotml.testing.errors.AiotMLTestCaseCompilerError">org.aiotml.testing.errors.AiotMLTestCaseCompilerError: Cannot run compiler'nodejs' on the current platform
Caused by: org.aiotml.testing.errors.AiotMLExecutionError: 
node -v - Non-zero return value
[stdout]

[stderr]
'node' �����ڲ����ⲿ���Ҳ���ǿ����еĳ���
���������ļ���

</failure>
  </testcase>
  <testcase name="Go [testArrays3]" classname="testArrays3 [General.Arrays]" time="0.001">
    <failure message="Test execution - Non-zero return value&#10;[stdout]&#10;&#10;[stderr]&#10;testconfiguration_generated.go:4:2: cannot find package &quot;github.com/SINTEF-9012/gosm&quot; in any of:&#10;	D:\Go\src\github.com\SINTEF-9012\gosm (from $GOROOT)&#10;	F:\MasterLab\go-ethereum\src\github.com\SINTEF-9012\gosm (from $GOPATH)&#10;" type="org.aiotml.testing.errors.AiotMLExecutionError">org.aiotml.testing.errors.AiotMLExecutionError: 
Test execution - Non-zero return value
[stdout]

[stderr]
testconfiguration_generated.go:4:2: cannot find package "github.com/SINTEF-9012/gosm" in any of:
	D:\Go\src\github.com\SINTEF-9012\gosm (from $GOROOT)
	F:\MasterLab\go-ethereum\src\github.com\SINTEF-9012\gosm (from $GOPATH)

</failure>
  </testcase>
  <testcase name="Java [testArraysInit]" classname="testArraysInit [General.Arrays]" time="0.001">
    <failure message="Cannot run compiler&apos;java&apos; on the current platform" type="org.aiotml.testing.errors.AiotMLTestCaseCompilerError">org.aiotml.testing.errors.AiotMLTestCaseCompilerError: Cannot run compiler'java' on the current platform
Caused by: org.aiotml.testing.errors.AiotMLExecutionError: 
mvn -v - Non-zero return value
[stdout]

[stderr]
'mvn' �����ڲ����ⲿ���Ҳ���ǿ����еĳ���
���������ļ���

</failure>
  </testcase>
  <testcase name="PosixMT [testArraysInit]" classname="testArraysInit [General.Arrays]" time="0.001">
    <failure message="Cannot run compiler&apos;posixmt&apos; on the current platform" type="org.aiotml.testing.errors.AiotMLTestCaseCompilerError">org.aiotml.testing.errors.AiotMLTestCaseCompilerError: Cannot run compiler'posixmt' on the current platform
Caused by: org.aiotml.testing.errors.AiotMLExecutionError: 
make -v - Non-zero return value
[stdout]

[stderr]
'make' �����ڲ����ⲿ���Ҳ���ǿ����еĳ���
���������ļ���

</failure>
  </testcase>
  <testcase name="Posix [testArraysInit]" classname="testArraysInit [General.Arrays]" time="0.002">
    <failure message="Cannot run compiler&apos;posix&apos; on the current platform" type="org.aiotml.testing.errors.AiotMLTestCaseCompilerError">org.aiotml.testing.errors.AiotMLTestCaseCompilerError: Cannot run compiler'posix' on the current platform
Caused by: org.aiotml.testing.errors.AiotMLExecutionError: 
make -v - Non-zero return value
[stdout]

[stderr]
'make' �����ڲ����ⲿ���Ҳ���ǿ����еĳ���
���������ļ���

</failure>
  </testcase>
  <testcase name="NodeJS [testArrays4]" classname="testArrays4 [General.Arrays]" time="0.001">
    <failure message="Cannot run compiler&apos;nodejs&apos; on the current platform" type="org.aiotml.testing.errors.AiotMLTestCaseCompilerError">org.aiotml.testing.errors.AiotMLTestCaseCompilerError: Cannot run compiler'nodejs' on the current platform
Caused by: org.aiotml.testing.errors.AiotMLExecutionError: 
node -v - Non-zero return value
[stdout]

[stderr]
'node' �����ڲ����ⲿ���Ҳ���ǿ����еĳ���
���������ļ���

</failure>
  </testcase>
  <testcase name="Posix [testArrays4]" classname="testArrays4 [General.Arrays]" time="0.003">
    <failure message="Cannot run compiler&apos;posix&apos; on the current platform" type="org.aiotml.testing.errors.AiotMLTestCaseCompilerError">org.aiotml.testing.errors.AiotMLTestCaseCompilerError: Cannot run compiler'posix' on the current platform
Caused by: org.aiotml.testing.errors.AiotMLExecutionError: 
make -v - Non-zero return value
[stdout]

[stderr]
'make' �����ڲ����ⲿ���Ҳ���ǿ����еĳ���
���������ļ���

</failure>
  </testcase>
  <testcase name="Java [testArrays4]" classname="testArrays4 [General.Arrays]" time="0.001">
    <failure message="Cannot run compiler&apos;java&apos; on the current platform" type="org.aiotml.testing.errors.AiotMLTestCaseCompilerError">org.aiotml.testing.errors.AiotMLTestCaseCompilerError: Cannot run compiler'java' on the current platform
Caused by: org.aiotml.testing.errors.AiotMLExecutionError: 
mvn -v - Non-zero return value
[stdout]

[stderr]
'mvn' �����ڲ����ⲿ���Ҳ���ǿ����еĳ���
���������ļ���

</failure>
  </testcase>
  <testcase name="PosixMT [testArrays4]" classname="testArrays4 [General.Arrays]" time="0.001">
    <failure message="Cannot run compiler&apos;posixmt&apos; on the current platform" type="org.aiotml.testing.errors.AiotMLTestCaseCompilerError">org.aiotml.testing.errors.AiotMLTestCaseCompilerError: Cannot run compiler'posixmt' on the current platform
Caused by: org.aiotml.testing.errors.AiotMLExecutionError: 
make -v - Non-zero return value
[stdout]

[stderr]
'make' �����ڲ����ⲿ���Ҳ���ǿ����еĳ���
���������ļ���

</failure>
  </testcase>
  <testcase name="NodeJS [testArraysInit3]" classname="testArraysInit3 [General.Arrays]" time="0.002">
    <failure message="Cannot run compiler&apos;nodejs&apos; on the current platform" type="org.aiotml.testing.errors.AiotMLTestCaseCompilerError">org.aiotml.testing.errors.AiotMLTestCaseCompilerError: Cannot run compiler'nodejs' on the current platform
Caused by: org.aiotml.testing.errors.AiotMLExecutionError: 
node -v - Non-zero return value
[stdout]

[stderr]
'node' �����ڲ����ⲿ���Ҳ���ǿ����еĳ���
���������ļ���

</failure>
  </testcase>
  <testcase name="Java [testArraysInit3]" classname="testArraysInit3 [General.Arrays]" time="0.002">
    <failure message="Cannot run compiler&apos;java&apos; on the current platform" type="org.aiotml.testing.errors.AiotMLTestCaseCompilerError">org.aiotml.testing.errors.AiotMLTestCaseCompilerError: Cannot run compiler'java' on the current platform
Caused by: org.aiotml.testing.errors.AiotMLExecutionError: 
mvn -v - Non-zero return value
[stdout]

[stderr]
'mvn' �����ڲ����ⲿ���Ҳ���ǿ����еĳ���
���������ļ���

</failure>
  </testcase>
  <testcase name="Posix [testArraysInit3]" classname="testArraysInit3 [General.Arrays]" time="0.001">
    <failure message="Cannot run compiler&apos;posix&apos; on the current platform" type="org.aiotml.testing.errors.AiotMLTestCaseCompilerError">org.aiotml.testing.errors.AiotMLTestCaseCompilerError: Cannot run compiler'posix' on the current platform
Caused by: org.aiotml.testing.errors.AiotMLExecutionError: 
make -v - Non-zero return value
[stdout]

[stderr]
'make' �����ڲ����ⲿ���Ҳ���ǿ����еĳ���
���������ļ���

</failure>
  </testcase>
  <testcase name="PosixMT [testArraysInit3]" classname="testArraysInit3 [General.Arrays]" time="0.002">
    <failure message="Cannot run compiler&apos;posixmt&apos; on the current platform" type="org.aiotml.testing.errors.AiotMLTestCaseCompilerError">org.aiotml.testing.errors.AiotMLTestCaseCompilerError: Cannot run compiler'posixmt' on the current platform
Caused by: org.aiotml.testing.errors.AiotMLExecutionError: 
make -v - Non-zero return value
[stdout]

[stderr]
'make' �����ڲ����ⲿ���Ҳ���ǿ����еĳ���
���������ļ���

</failure>
  </testcase>
  <testcase name="Go [testArraysInit]" classname="testArraysInit [General.Arrays]" time="1.418">
    <failure message="Test execution - Non-zero return value&#10;[stdout]&#10;&#10;[stderr]&#10;testconfiguration_generated.go:4:2: cannot find package &quot;github.com/SINTEF-9012/gosm&quot; in any of:&#10;	D:\Go\src\github.com\SINTEF-9012\gosm (from $GOROOT)&#10;	F:\MasterLab\go-ethereum\src\github.com\SINTEF-9012\gosm (from $GOPATH)&#10;" type="org.aiotml.testing.errors.AiotMLExecutionError">org.aiotml.testing.errors.AiotMLExecutionError: 
Test execution - Non-zero return value
[stdout]

[stderr]
testconfiguration_generated.go:4:2: cannot find package "github.com/SINTEF-9012/gosm" in any of:
	D:\Go\src\github.com\SINTEF-9012\gosm (from $GOROOT)
	F:\MasterLab\go-ethereum\src\github.com\SINTEF-9012\gosm (from $GOPATH)

</failure>
  </testcase>
  <testcase name="NodeJS [testArraysInit2]" classname="testArraysInit2 [General.Arrays]" time="0.001">
    <failure message="Cannot run compiler&apos;nodejs&apos; on the current platform" type="org.aiotml.testing.errors.AiotMLTestCaseCompilerError">org.aiotml.testing.errors.AiotMLTestCaseCompilerError: Cannot run compiler'nodejs' on the current platform
Caused by: org.aiotml.testing.errors.AiotMLExecutionError: 
node -v - Non-zero return value
[stdout]

[stderr]
'node' �����ڲ����ⲿ���Ҳ���ǿ����еĳ���
���������ļ���

</failure>
  </testcase>
  <testcase name="Java [testArraysInit2]" classname="testArraysInit2 [General.Arrays]" time="0.001">
    <failure message="Cannot run compiler&apos;java&apos; on the current platform" type="org.aiotml.testing.errors.AiotMLTestCaseCompilerError">org.aiotml.testing.errors.AiotMLTestCaseCompilerError: Cannot run compiler'java' on the current platform
Caused by: org.aiotml.testing.errors.AiotMLExecutionError: 
mvn -v - Non-zero return value
[stdout]

[stderr]
'mvn' �����ڲ����ⲿ���Ҳ���ǿ����еĳ���
���������ļ���

</failure>
  </testcase>
  <testcase name="Posix [testArraysInit2]" classname="testArraysInit2 [General.Arrays]" time="0.004">
    <failure message="Cannot run compiler&apos;posix&apos; on the current platform" type="org.aiotml.testing.errors.AiotMLTestCaseCompilerError">org.aiotml.testing.errors.AiotMLTestCaseCompilerError: Cannot run compiler'posix' on the current platform
Caused by: org.aiotml.testing.errors.AiotMLExecutionError: 
make -v - Non-zero return value
[stdout]

[stderr]
'make' �����ڲ����ⲿ���Ҳ���ǿ����еĳ���
���������ļ���

</failure>
  </testcase>
  <testcase name="PosixMT [testArraysInit2]" classname="testArraysInit2 [General.Arrays]" time="0">
    <failure message="Cannot run compiler&apos;posixmt&apos; on the current platform" type="org.aiotml.testing.errors.AiotMLTestCaseCompilerError">org.aiotml.testing.errors.AiotMLTestCaseCompilerError: Cannot run compiler'posixmt' on the current platform
Caused by: org.aiotml.testing.errors.AiotMLExecutionError: 
make -v - Non-zero return value
[stdout]

[stderr]
'make' �����ڲ����ⲿ���Ҳ���ǿ����еĳ���
���������ļ���

</failure>
  </testcase>
  <testcase name="Go [testArrays4]" classname="testArrays4 [General.Arrays]" time="0.057">
    <failure message="Test execution - Non-zero return value&#10;[stdout]&#10;&#10;[stderr]&#10;testconfiguration_generated.go:4:2: cannot find package &quot;github.com/SINTEF-9012/gosm&quot; in any of:&#10;	D:\Go\src\github.com\SINTEF-9012\gosm (from $GOROOT)&#10;	F:\MasterLab\go-ethereum\src\github.com\SINTEF-9012\gosm (from $GOPATH)&#10;" type="org.aiotml.testing.errors.AiotMLExecutionError">org.aiotml.testing.errors.AiotMLExecutionError: 
Test execution - Non-zero return value
[stdout]

[stderr]
testconfiguration_generated.go:4:2: cannot find package "github.com/SINTEF-9012/gosm" in any of:
	D:\Go\src\github.com\SINTEF-9012\gosm (from $GOROOT)
	F:\MasterLab\go-ethereum\src\github.com\SINTEF-9012\gosm (from $GOPATH)

</failure>
  </testcase>
  <testcase name="NodeJS [testArraysInit5]" classname="testArraysInit5 [General.Arrays]" time="0.001">
    <failure message="Cannot run compiler&apos;nodejs&apos; on the current platform" type="org.aiotml.testing.errors.AiotMLTestCaseCompilerError">org.aiotml.testing.errors.AiotMLTestCaseCompilerError: Cannot run compiler'nodejs' on the current platform
Caused by: org.aiotml.testing.errors.AiotMLExecutionError: 
node -v - Non-zero return value
[stdout]

[stderr]
'node' �����ڲ����ⲿ���Ҳ���ǿ����еĳ���
���������ļ���

</failure>
  </testcase>
  <testcase name="Java [testArraysInit5]" classname="testArraysInit5 [General.Arrays]" time="0.001">
    <failure message="Cannot run compiler&apos;java&apos; on the current platform" type="org.aiotml.testing.errors.AiotMLTestCaseCompilerError">org.aiotml.testing.errors.AiotMLTestCaseCompilerError: Cannot run compiler'java' on the current platform
Caused by: org.aiotml.testing.errors.AiotMLExecutionError: 
mvn -v - Non-zero return value
[stdout]

[stderr]
'mvn' �����ڲ����ⲿ���Ҳ���ǿ����еĳ���
���������ļ���

</failure>
  </testcase>
  <testcase name="Posix [testArraysInit5]" classname="testArraysInit5 [General.Arrays]" time="0.002">
    <failure message="Cannot run compiler&apos;posix&apos; on the current platform" type="org.aiotml.testing.errors.AiotMLTestCaseCompilerError">org.aiotml.testing.errors.AiotMLTestCaseCompilerError: Cannot run compiler'posix' on the current platform
Caused by: org.aiotml.testing.errors.AiotMLExecutionError: 
make -v - Non-zero return value
[stdout]

[stderr]
'make' �����ڲ����ⲿ���Ҳ���ǿ����еĳ���
���������ļ���

</failure>
  </testcase>
  <testcase name="PosixMT [testArraysInit5]" classname="testArraysInit5 [General.Arrays]" time="0.002">
    <failure message="Cannot run compiler&apos;posixmt&apos; on the current platform" type="org.aiotml.testing.errors.AiotMLTestCaseCompilerError">org.aiotml.testing.errors.AiotMLTestCaseCompilerError: Cannot run compiler'posixmt' on the current platform
Caused by: org.aiotml.testing.errors.AiotMLExecutionError: 
make -v - Non-zero return value
[stdout]

[stderr]
'make' �����ڲ����ⲿ���Ҳ���ǿ����еĳ���
���������ļ���

</failure>
  </testcase>
  <testcase name="Go [testArraysInit3]" classname="testArraysInit3 [General.Arrays]" time="0.194">
    <failure message="Test execution - Non-zero return value&#10;[stdout]&#10;&#10;[stderr]&#10;testconfiguration_generated.go:4:2: cannot find package &quot;github.com/SINTEF-9012/gosm&quot; in any of:&#10;	D:\Go\src\github.com\SINTEF-9012\gosm (from $GOROOT)&#10;	F:\MasterLab\go-ethereum\src\github.com\SINTEF-9012\gosm (from $GOPATH)&#10;" type="org.aiotml.testing.errors.AiotMLExecutionError">org.aiotml.testing.errors.AiotMLExecutionError: 
Test execution - Non-zero return value
[stdout]

[stderr]
testconfiguration_generated.go:4:2: cannot find package "github.com/SINTEF-9012/gosm" in any of:
	D:\Go\src\github.com\SINTEF-9012\gosm (from $GOROOT)
	F:\MasterLab\go-ethereum\src\github.com\SINTEF-9012\gosm (from $GOPATH)

</failure>
  </testcase>
  <testcase name="NodeJS [testArraysInit4]" classname="testArraysInit4 [General.Arrays]" time="0.083">
    <failure message="Cannot run compiler&apos;nodejs&apos; on the current platform" type="org.aiotml.testing.errors.AiotMLTestCaseCompilerError">org.aiotml.testing.errors.AiotMLTestCaseCompilerError: Cannot run compiler'nodejs' on the current platform
Caused by: org.aiotml.testing.errors.AiotMLExecutionError: 
node -v - Non-zero return value
[stdout]

[stderr]
'node' �����ڲ����ⲿ���Ҳ���ǿ����еĳ���
���������ļ���

</failure>
  </testcase>
  <testcase name="Java [testArraysInit4]" classname="testArraysInit4 [General.Arrays]" time="0.001">
    <failure message="Cannot run compiler&apos;java&apos; on the current platform" type="org.aiotml.testing.errors.AiotMLTestCaseCompilerError">org.aiotml.testing.errors.AiotMLTestCaseCompilerError: Cannot run compiler'java' on the current platform
Caused by: org.aiotml.testing.errors.AiotMLExecutionError: 
mvn -v - Non-zero return value
[stdout]

[stderr]
'mvn' �����ڲ����ⲿ���Ҳ���ǿ����еĳ���
���������ļ���

</failure>
  </testcase>
  <testcase name="Posix [testArraysInit4]" classname="testArraysInit4 [General.Arrays]" time="0.001">
    <failure message="Cannot run compiler&apos;posix&apos; on the current platform" type="org.aiotml.testing.errors.AiotMLTestCaseCompilerError">org.aiotml.testing.errors.AiotMLTestCaseCompilerError: Cannot run compiler'posix' on the current platform
Caused by: org.aiotml.testing.errors.AiotMLExecutionError: 
make -v - Non-zero return value
[stdout]

[stderr]
'make' �����ڲ����ⲿ���Ҳ���ǿ����еĳ���
���������ļ���

</failure>
  </testcase>
  <testcase name="PosixMT [testArraysInit4]" classname="testArraysInit4 [General.Arrays]" time="0.002">
    <failure message="Cannot run compiler&apos;posixmt&apos; on the current platform" type="org.aiotml.testing.errors.AiotMLTestCaseCompilerError">org.aiotml.testing.errors.AiotMLTestCaseCompilerError: Cannot run compiler'posixmt' on the current platform
Caused by: org.aiotml.testing.errors.AiotMLExecutionError: 
make -v - Non-zero return value
[stdout]

[stderr]
'make' �����ڲ����ⲿ���Ҳ���ǿ����еĳ���
���������ļ���

</failure>
  </testcase>
  <testcase name="Go [testArraysInit2]" classname="testArraysInit2 [General.Arrays]" time="0.977">
    <failure message="Test execution - Non-zero return value&#10;[stdout]&#10;&#10;[stderr]&#10;testconfiguration_generated.go:4:2: cannot find package &quot;github.com/SINTEF-9012/gosm&quot; in any of:&#10;	D:\Go\src\github.com\SINTEF-9012\gosm (from $GOROOT)&#10;	F:\MasterLab\go-ethereum\src\github.com\SINTEF-9012\gosm (from $GOPATH)&#10;" type="org.aiotml.testing.errors.AiotMLExecutionError">org.aiotml.testing.errors.AiotMLExecutionError: 
Test execution - Non-zero return value
[stdout]

[stderr]
testconfiguration_generated.go:4:2: cannot find package "github.com/SINTEF-9012/gosm" in any of:
	D:\Go\src\github.com\SINTEF-9012\gosm (from $GOROOT)
	F:\MasterLab\go-ethereum\src\github.com\SINTEF-9012\gosm (from $GOPATH)

</failure>
    <system-out><![CDATA[TODO: Type checking for org.aiotml.xtext.aiotML.impl.ArrayInitImpl
]]></system-out>
  </testcase>
  <testcase name="NodeJS [testFor2]" classname="testFor2 [General.Arrays]" time="0">
    <failure message="Cannot run compiler&apos;nodejs&apos; on the current platform" type="org.aiotml.testing.errors.AiotMLTestCaseCompilerError">org.aiotml.testing.errors.AiotMLTestCaseCompilerError: Cannot run compiler'nodejs' on the current platform
Caused by: org.aiotml.testing.errors.AiotMLExecutionError: 
node -v - Non-zero return value
[stdout]

[stderr]
'node' �����ڲ����ⲿ���Ҳ���ǿ����еĳ���
���������ļ���

</failure>
  </testcase>
  <testcase name="Java [testFor2]" classname="testFor2 [General.Arrays]" time="0">
    <failure message="Cannot run compiler&apos;java&apos; on the current platform" type="org.aiotml.testing.errors.AiotMLTestCaseCompilerError">org.aiotml.testing.errors.AiotMLTestCaseCompilerError: Cannot run compiler'java' on the current platform
Caused by: org.aiotml.testing.errors.AiotMLExecutionError: 
mvn -v - Non-zero return value
[stdout]

[stderr]
'mvn' �����ڲ����ⲿ���Ҳ���ǿ����еĳ���
���������ļ���

</failure>
  </testcase>
  <testcase name="Posix [testFor2]" classname="testFor2 [General.Arrays]" time="0">
    <failure message="Cannot run compiler&apos;posix&apos; on the current platform" type="org.aiotml.testing.errors.AiotMLTestCaseCompilerError">org.aiotml.testing.errors.AiotMLTestCaseCompilerError: Cannot run compiler'posix' on the current platform
Caused by: org.aiotml.testing.errors.AiotMLExecutionError: 
make -v - Non-zero return value
[stdout]

[stderr]
'make' �����ڲ����ⲿ���Ҳ���ǿ����еĳ���
���������ļ���

</failure>
  </testcase>
  <testcase name="PosixMT [testFor2]" classname="testFor2 [General.Arrays]" time="0">
    <failure message="Cannot run compiler&apos;posixmt&apos; on the current platform" type="org.aiotml.testing.errors.AiotMLTestCaseCompilerError">org.aiotml.testing.errors.AiotMLTestCaseCompilerError: Cannot run compiler'posixmt' on the current platform
Caused by: org.aiotml.testing.errors.AiotMLExecutionError: 
make -v - Non-zero return value
[stdout]

[stderr]
'make' �����ڲ����ⲿ���Ҳ���ǿ����еĳ���
���������ļ���

</failure>
  </testcase>
  <testcase name="Go [testArraysInit5]" classname="testArraysInit5 [General.Arrays]" time="0.235">
    <failure message="Test execution - Non-zero return value&#10;[stdout]&#10;&#10;[stderr]&#10;testconfiguration_generated.go:4:2: cannot find package &quot;github.com/SINTEF-9012/gosm&quot; in any of:&#10;	D:\Go\src\github.com\SINTEF-9012\gosm (from $GOROOT)&#10;	F:\MasterLab\go-ethereum\src\github.com\SINTEF-9012\gosm (from $GOPATH)&#10;" type="org.aiotml.testing.errors.AiotMLExecutionError">org.aiotml.testing.errors.AiotMLExecutionError: 
Test execution - Non-zero return value
[stdout]

[stderr]
testconfiguration_generated.go:4:2: cannot find package "github.com/SINTEF-9012/gosm" in any of:
	D:\Go\src\github.com\SINTEF-9012\gosm (from $GOROOT)
	F:\MasterLab\go-ethereum\src\github.com\SINTEF-9012\gosm (from $GOPATH)

</failure>
  </testcase>
  <testcase name="NodeJS [testFor]" classname="testFor [General.Arrays]" time="0.093">
    <failure message="Cannot run compiler&apos;nodejs&apos; on the current platform" type="org.aiotml.testing.errors.AiotMLTestCaseCompilerError">org.aiotml.testing.errors.AiotMLTestCaseCompilerError: Cannot run compiler'nodejs' on the current platform
Caused by: org.aiotml.testing.errors.AiotMLExecutionError: 
node -v - Non-zero return value
[stdout]

[stderr]
'node' �����ڲ����ⲿ���Ҳ���ǿ����еĳ���
���������ļ���

</failure>
  </testcase>
  <testcase name="Java [testFor]" classname="testFor [General.Arrays]" time="0">
    <failure message="Cannot run compiler&apos;java&apos; on the current platform" type="org.aiotml.testing.errors.AiotMLTestCaseCompilerError">org.aiotml.testing.errors.AiotMLTestCaseCompilerError: Cannot run compiler'java' on the current platform
Caused by: org.aiotml.testing.errors.AiotMLExecutionError: 
mvn -v - Non-zero return value
[stdout]

[stderr]
'mvn' �����ڲ����ⲿ���Ҳ���ǿ����еĳ���
���������ļ���

</failure>
  </testcase>
  <testcase name="Posix [testFor]" classname="testFor [General.Arrays]" time="0">
    <failure message="Cannot run compiler&apos;posix&apos; on the current platform" type="org.aiotml.testing.errors.AiotMLTestCaseCompilerError">org.aiotml.testing.errors.AiotMLTestCaseCompilerError: Cannot run compiler'posix' on the current platform
Caused by: org.aiotml.testing.errors.AiotMLExecutionError: 
make -v - Non-zero return value
[stdout]

[stderr]
'make' �����ڲ����ⲿ���Ҳ���ǿ����еĳ���
���������ļ���

</failure>
  </testcase>
  <testcase name="PosixMT [testFor]" classname="testFor [General.Arrays]" time="0">
    <failure message="Cannot run compiler&apos;posixmt&apos; on the current platform" type="org.aiotml.testing.errors.AiotMLTestCaseCompilerError">org.aiotml.testing.errors.AiotMLTestCaseCompilerError: Cannot run compiler'posixmt' on the current platform
Caused by: org.aiotml.testing.errors.AiotMLExecutionError: 
make -v - Non-zero return value
[stdout]

[stderr]
'make' �����ڲ����ⲿ���Ҳ���ǿ����еĳ���
���������ļ���

</failure>
  </testcase>
  <testcase name="Go [testArraysInit4]" classname="testArraysInit4 [General.Arrays]" time="0">
    <failure message="Test execution - Non-zero return value&#10;[stdout]&#10;&#10;[stderr]&#10;testconfiguration_generated.go:4:2: cannot find package &quot;github.com/SINTEF-9012/gosm&quot; in any of:&#10;	D:\Go\src\github.com\SINTEF-9012\gosm (from $GOROOT)&#10;	F:\MasterLab\go-ethereum\src\github.com\SINTEF-9012\gosm (from $GOPATH)&#10;" type="org.aiotml.testing.errors.AiotMLExecutionError">org.aiotml.testing.errors.AiotMLExecutionError: 
Test execution - Non-zero return value
[stdout]

[stderr]
testconfiguration_generated.go:4:2: cannot find package "github.com/SINTEF-9012/gosm" in any of:
	D:\Go\src\github.com\SINTEF-9012\gosm (from $GOROOT)
	F:\MasterLab\go-ethereum\src\github.com\SINTEF-9012\gosm (from $GOPATH)

</failure>
  </testcase>
  <testcase name="NodeJS [testMessageArrays]" classname="testMessageArrays [General.Arrays]" time="0.002">
    <failure message="Cannot run compiler&apos;nodejs&apos; on the current platform" type="org.aiotml.testing.errors.AiotMLTestCaseCompilerError">org.aiotml.testing.errors.AiotMLTestCaseCompilerError: Cannot run compiler'nodejs' on the current platform
Caused by: org.aiotml.testing.errors.AiotMLExecutionError: 
node -v - Non-zero return value
[stdout]

[stderr]
'node' �����ڲ����ⲿ���Ҳ���ǿ����еĳ���
���������ļ���

</failure>
  </testcase>
  <testcase name="Java [testMessageArrays]" classname="testMessageArrays [General.Arrays]" time="0.001">
    <failure message="Cannot run compiler&apos;java&apos; on the current platform" type="org.aiotml.testing.errors.AiotMLTestCaseCompilerError">org.aiotml.testing.errors.AiotMLTestCaseCompilerError: Cannot run compiler'java' on the current platform
Caused by: org.aiotml.testing.errors.AiotMLExecutionError: 
mvn -v - Non-zero return value
[stdout]

[stderr]
'mvn' �����ڲ����ⲿ���Ҳ���ǿ����еĳ���
���������ļ���

</failure>
  </testcase>
  <testcase name="Posix [testMessageArrays]" classname="testMessageArrays [General.Arrays]" time="0.001">
    <failure message="Cannot run compiler&apos;posix&apos; on the current platform" type="org.aiotml.testing.errors.AiotMLTestCaseCompilerError">org.aiotml.testing.errors.AiotMLTestCaseCompilerError: Cannot run compiler'posix' on the current platform
Caused by: org.aiotml.testing.errors.AiotMLExecutionError: 
make -v - Non-zero return value
[stdout]

[stderr]
'make' �����ڲ����ⲿ���Ҳ���ǿ����еĳ���
���������ļ���

</failure>
  </testcase>
  <testcase name="PosixMT [testMessageArrays]" classname="testMessageArrays [General.Arrays]" time="0.001">
    <failure message="Cannot run compiler&apos;posixmt&apos; on the current platform" type="org.aiotml.testing.errors.AiotMLTestCaseCompilerError">org.aiotml.testing.errors.AiotMLTestCaseCompilerError: Cannot run compiler'posixmt' on the current platform
Caused by: org.aiotml.testing.errors.AiotMLExecutionError: 
make -v - Non-zero return value
[stdout]

[stderr]
'make' �����ڲ����ⲿ���Ҳ���ǿ����еĳ���
���������ļ���

</failure>
  </testcase>
  <testcase name="Go [testFor2]" classname="testFor2 [General.Arrays]" time="0.558">
    <failure message="Test execution - Non-zero return value&#10;[stdout]&#10;&#10;[stderr]&#10;testconfiguration_generated.go:4:2: cannot find package &quot;github.com/SINTEF-9012/gosm&quot; in any of:&#10;	D:\Go\src\github.com\SINTEF-9012\gosm (from $GOROOT)&#10;	F:\MasterLab\go-ethereum\src\github.com\SINTEF-9012\gosm (from $GOPATH)&#10;" type="org.aiotml.testing.errors.AiotMLExecutionError">org.aiotml.testing.errors.AiotMLExecutionError: 
Test execution - Non-zero return value
[stdout]

[stderr]
testconfiguration_generated.go:4:2: cannot find package "github.com/SINTEF-9012/gosm" in any of:
	D:\Go\src\github.com\SINTEF-9012\gosm (from $GOROOT)
	F:\MasterLab\go-ethereum\src\github.com\SINTEF-9012\gosm (from $GOPATH)

</failure>
  </testcase>
  <testcase name="NodeJS [testFunctionArrays]" classname="testFunctionArrays [General.Arrays]" time="0.141">
    <failure message="Cannot run compiler&apos;nodejs&apos; on the current platform" type="org.aiotml.testing.errors.AiotMLTestCaseCompilerError">org.aiotml.testing.errors.AiotMLTestCaseCompilerError: Cannot run compiler'nodejs' on the current platform
Caused by: org.aiotml.testing.errors.AiotMLExecutionError: 
node -v - Non-zero return value
[stdout]

[stderr]
'node' �����ڲ����ⲿ���Ҳ���ǿ����еĳ���
���������ļ���

</failure>
  </testcase>
  <testcase name="Java [testFunctionArrays]" classname="testFunctionArrays [General.Arrays]" time="0">
    <failure message="Cannot run compiler&apos;java&apos; on the current platform" type="org.aiotml.testing.errors.AiotMLTestCaseCompilerError">org.aiotml.testing.errors.AiotMLTestCaseCompilerError: Cannot run compiler'java' on the current platform
Caused by: org.aiotml.testing.errors.AiotMLExecutionError: 
mvn -v - Non-zero return value
[stdout]

[stderr]
'mvn' �����ڲ����ⲿ���Ҳ���ǿ����еĳ���
���������ļ���

</failure>
  </testcase>
  <testcase name="Posix [testFunctionArrays]" classname="testFunctionArrays [General.Arrays]" time="0">
    <failure message="Cannot run compiler&apos;posix&apos; on the current platform" type="org.aiotml.testing.errors.AiotMLTestCaseCompilerError">org.aiotml.testing.errors.AiotMLTestCaseCompilerError: Cannot run compiler'posix' on the current platform
Caused by: org.aiotml.testing.errors.AiotMLExecutionError: 
make -v - Non-zero return value
[stdout]

[stderr]
'make' �����ڲ����ⲿ���Ҳ���ǿ����еĳ���
���������ļ���

</failure>
  </testcase>
  <testcase name="PosixMT [testFunctionArrays]" classname="testFunctionArrays [General.Arrays]" time="0">
    <failure message="Cannot run compiler&apos;posixmt&apos; on the current platform" type="org.aiotml.testing.errors.AiotMLTestCaseCompilerError">org.aiotml.testing.errors.AiotMLTestCaseCompilerError: Cannot run compiler'posixmt' on the current platform
Caused by: org.aiotml.testing.errors.AiotMLExecutionError: 
make -v - Non-zero return value
[stdout]

[stderr]
'make' �����ڲ����ⲿ���Ҳ���ǿ����еĳ���
���������ļ���

</failure>
  </testcase>
  <testcase name="Go [testFor]" classname="testFor [General.Arrays]" time="0.319">
    <failure message="Test execution - Non-zero return value&#10;[stdout]&#10;&#10;[stderr]&#10;testconfiguration_generated.go:4:2: cannot find package &quot;github.com/SINTEF-9012/gosm&quot; in any of:&#10;	D:\Go\src\github.com\SINTEF-9012\gosm (from $GOROOT)&#10;	F:\MasterLab\go-ethereum\src\github.com\SINTEF-9012\gosm (from $GOPATH)&#10;" type="org.aiotml.testing.errors.AiotMLExecutionError">org.aiotml.testing.errors.AiotMLExecutionError: 
Test execution - Non-zero return value
[stdout]

[stderr]
testconfiguration_generated.go:4:2: cannot find package "github.com/SINTEF-9012/gosm" in any of:
	D:\Go\src\github.com\SINTEF-9012\gosm (from $GOROOT)
	F:\MasterLab\go-ethereum\src\github.com\SINTEF-9012\gosm (from $GOPATH)

</failure>
  </testcase>
  <testcase name="NodeJS [testImportMsgs]" classname="testImportMsgs [General.Import]" time="0.122">
    <failure message="Cannot run compiler&apos;nodejs&apos; on the current platform" type="org.aiotml.testing.errors.AiotMLTestCaseCompilerError">org.aiotml.testing.errors.AiotMLTestCaseCompilerError: Cannot run compiler'nodejs' on the current platform
Caused by: org.aiotml.testing.errors.AiotMLExecutionError: 
node -v - Non-zero return value
[stdout]

[stderr]
'node' �����ڲ����ⲿ���Ҳ���ǿ����еĳ���
���������ļ���

</failure>
  </testcase>
  <testcase name="Java [testImportMsgs]" classname="testImportMsgs [General.Import]" time="0">
    <failure message="Cannot run compiler&apos;java&apos; on the current platform" type="org.aiotml.testing.errors.AiotMLTestCaseCompilerError">org.aiotml.testing.errors.AiotMLTestCaseCompilerError: Cannot run compiler'java' on the current platform
Caused by: org.aiotml.testing.errors.AiotMLExecutionError: 
mvn -v - Non-zero return value
[stdout]

[stderr]
'mvn' �����ڲ����ⲿ���Ҳ���ǿ����еĳ���
���������ļ���

</failure>
  </testcase>
  <testcase name="Posix [testImportMsgs]" classname="testImportMsgs [General.Import]" time="0">
    <failure message="Cannot run compiler&apos;posix&apos; on the current platform" type="org.aiotml.testing.errors.AiotMLTestCaseCompilerError">org.aiotml.testing.errors.AiotMLTestCaseCompilerError: Cannot run compiler'posix' on the current platform
Caused by: org.aiotml.testing.errors.AiotMLExecutionError: 
make -v - Non-zero return value
[stdout]

[stderr]
'make' �����ڲ����ⲿ���Ҳ���ǿ����еĳ���
���������ļ���

</failure>
  </testcase>
  <testcase name="PosixMT [testImportMsgs]" classname="testImportMsgs [General.Import]" time="0">
    <failure message="Cannot run compiler&apos;posixmt&apos; on the current platform" type="org.aiotml.testing.errors.AiotMLTestCaseCompilerError">org.aiotml.testing.errors.AiotMLTestCaseCompilerError: Cannot run compiler'posixmt' on the current platform
Caused by: org.aiotml.testing.errors.AiotMLExecutionError: 
make -v - Non-zero return value
[stdout]

[stderr]
'make' �����ڲ����ⲿ���Ҳ���ǿ����еĳ���
���������ļ���

</failure>
  </testcase>
  <testcase name="Go [testMessageArrays]" classname="testMessageArrays [General.Arrays]" time="0.141">
    <failure message="Test execution - Non-zero return value&#10;[stdout]&#10;&#10;[stderr]&#10;testconfiguration_generated.go:4:2: cannot find package &quot;github.com/SINTEF-9012/gosm&quot; in any of:&#10;	D:\Go\src\github.com\SINTEF-9012\gosm (from $GOROOT)&#10;	F:\MasterLab\go-ethereum\src\github.com\SINTEF-9012\gosm (from $GOPATH)&#10;" type="org.aiotml.testing.errors.AiotMLExecutionError">org.aiotml.testing.errors.AiotMLExecutionError: 
Test execution - Non-zero return value
[stdout]

[stderr]
testconfiguration_generated.go:4:2: cannot find package "github.com/SINTEF-9012/gosm" in any of:
	D:\Go\src\github.com\SINTEF-9012\gosm (from $GOROOT)
	F:\MasterLab\go-ethereum\src\github.com\SINTEF-9012\gosm (from $GOPATH)

</failure>
  </testcase>
  <testcase name="NodeJS [testImportFunction]" classname="testImportFunction [General.Import]" time="0.002">
    <failure message="Cannot run compiler&apos;nodejs&apos; on the current platform" type="org.aiotml.testing.errors.AiotMLTestCaseCompilerError">org.aiotml.testing.errors.AiotMLTestCaseCompilerError: Cannot run compiler'nodejs' on the current platform
Caused by: org.aiotml.testing.errors.AiotMLExecutionError: 
node -v - Non-zero return value
[stdout]

[stderr]
'node' �����ڲ����ⲿ���Ҳ���ǿ����еĳ���
���������ļ���

</failure>
  </testcase>
  <testcase name="Java [testImportFunction]" classname="testImportFunction [General.Import]" time="0.002">
    <failure message="Cannot run compiler&apos;java&apos; on the current platform" type="org.aiotml.testing.errors.AiotMLTestCaseCompilerError">org.aiotml.testing.errors.AiotMLTestCaseCompilerError: Cannot run compiler'java' on the current platform
Caused by: org.aiotml.testing.errors.AiotMLExecutionError: 
mvn -v - Non-zero return value
[stdout]

[stderr]
'mvn' �����ڲ����ⲿ���Ҳ���ǿ����еĳ���
���������ļ���

</failure>
  </testcase>
  <testcase name="Posix [testImportFunction]" classname="testImportFunction [General.Import]" time="0.003">
    <failure message="Cannot run compiler&apos;posix&apos; on the current platform" type="org.aiotml.testing.errors.AiotMLTestCaseCompilerError">org.aiotml.testing.errors.AiotMLTestCaseCompilerError: Cannot run compiler'posix' on the current platform
Caused by: org.aiotml.testing.errors.AiotMLExecutionError: 
make -v - Non-zero return value
[stdout]

[stderr]
'make' �����ڲ����ⲿ���Ҳ���ǿ����еĳ���
���������ļ���

</failure>
  </testcase>
  <testcase name="PosixMT [testImportFunction]" classname="testImportFunction [General.Import]" time="0.001">
    <failure message="Cannot run compiler&apos;posixmt&apos; on the current platform" type="org.aiotml.testing.errors.AiotMLTestCaseCompilerError">org.aiotml.testing.errors.AiotMLTestCaseCompilerError: Cannot run compiler'posixmt' on the current platform
Caused by: org.aiotml.testing.errors.AiotMLExecutionError: 
make -v - Non-zero return value
[stdout]

[stderr]
'make' �����ڲ����ⲿ���Ҳ���ǿ����еĳ���
���������ļ���

</failure>
  </testcase>
  <testcase name="Go [testFunctionArrays]" classname="testFunctionArrays [General.Arrays]" time="0.458">
    <failure message="Test execution - Non-zero return value&#10;[stdout]&#10;&#10;[stderr]&#10;testconfiguration_generated.go:4:2: cannot find package &quot;github.com/SINTEF-9012/gosm&quot; in any of:&#10;	D:\Go\src\github.com\SINTEF-9012\gosm (from $GOROOT)&#10;	F:\MasterLab\go-ethereum\src\github.com\SINTEF-9012\gosm (from $GOPATH)&#10;" type="org.aiotml.testing.errors.AiotMLExecutionError">org.aiotml.testing.errors.AiotMLExecutionError: 
Test execution - Non-zero return value
[stdout]

[stderr]
testconfiguration_generated.go:4:2: cannot find package "github.com/SINTEF-9012/gosm" in any of:
	D:\Go\src\github.com\SINTEF-9012\gosm (from $GOROOT)
	F:\MasterLab\go-ethereum\src\github.com\SINTEF-9012\gosm (from $GOPATH)

</failure>
  </testcase>
  <testcase name="NodeJS [testImportProperties]" classname="testImportProperties [General.Import]" time="0.002">
    <failure message="Cannot run compiler&apos;nodejs&apos; on the current platform" type="org.aiotml.testing.errors.AiotMLTestCaseCompilerError">org.aiotml.testing.errors.AiotMLTestCaseCompilerError: Cannot run compiler'nodejs' on the current platform
Caused by: org.aiotml.testing.errors.AiotMLExecutionError: 
node -v - Non-zero return value
[stdout]

[stderr]
'node' �����ڲ����ⲿ���Ҳ���ǿ����еĳ���
���������ļ���

</failure>
  </testcase>
  <testcase name="Java [testImportProperties]" classname="testImportProperties [General.Import]" time="0.001">
    <failure message="Cannot run compiler&apos;java&apos; on the current platform" type="org.aiotml.testing.errors.AiotMLTestCaseCompilerError">org.aiotml.testing.errors.AiotMLTestCaseCompilerError: Cannot run compiler'java' on the current platform
Caused by: org.aiotml.testing.errors.AiotMLExecutionError: 
mvn -v - Non-zero return value
[stdout]

[stderr]
'mvn' �����ڲ����ⲿ���Ҳ���ǿ����еĳ���
���������ļ���

</failure>
  </testcase>
  <testcase name="Posix [testImportProperties]" classname="testImportProperties [General.Import]" time="0.001">
    <failure message="Cannot run compiler&apos;posix&apos; on the current platform" type="org.aiotml.testing.errors.AiotMLTestCaseCompilerError">org.aiotml.testing.errors.AiotMLTestCaseCompilerError: Cannot run compiler'posix' on the current platform
Caused by: org.aiotml.testing.errors.AiotMLExecutionError: 
make -v - Non-zero return value
[stdout]

[stderr]
'make' �����ڲ����ⲿ���Ҳ���ǿ����еĳ���
���������ļ���

</failure>
  </testcase>
  <testcase name="PosixMT [testImportProperties]" classname="testImportProperties [General.Import]" time="0.001">
    <failure message="Cannot run compiler&apos;posixmt&apos; on the current platform" type="org.aiotml.testing.errors.AiotMLTestCaseCompilerError">org.aiotml.testing.errors.AiotMLTestCaseCompilerError: Cannot run compiler'posixmt' on the current platform
Caused by: org.aiotml.testing.errors.AiotMLExecutionError: 
make -v - Non-zero return value
[stdout]

[stderr]
'make' �����ڲ����ⲿ���Ҳ���ǿ����еĳ���
���������ļ���

</failure>
  </testcase>
  <testcase name="Go [testImportMsgs]" classname="testImportMsgs [General.Import]" time="0.614">
    <failure message="Test execution - Non-zero return value&#10;[stdout]&#10;&#10;[stderr]&#10;testconfiguration_generated.go:4:2: cannot find package &quot;github.com/SINTEF-9012/gosm&quot; in any of:&#10;	D:\Go\src\github.com\SINTEF-9012\gosm (from $GOROOT)&#10;	F:\MasterLab\go-ethereum\src\github.com\SINTEF-9012\gosm (from $GOPATH)&#10;" type="org.aiotml.testing.errors.AiotMLExecutionError">org.aiotml.testing.errors.AiotMLExecutionError: 
Test execution - Non-zero return value
[stdout]

[stderr]
testconfiguration_generated.go:4:2: cannot find package "github.com/SINTEF-9012/gosm" in any of:
	D:\Go\src\github.com\SINTEF-9012\gosm (from $GOROOT)
	F:\MasterLab\go-ethereum\src\github.com\SINTEF-9012\gosm (from $GOPATH)

</failure>
  </testcase>
  <testcase name="NodeJS [testImportPort]" classname="testImportPort [General.Import]" time="0.001">
    <failure message="Cannot run compiler&apos;nodejs&apos; on the current platform" type="org.aiotml.testing.errors.AiotMLTestCaseCompilerError">org.aiotml.testing.errors.AiotMLTestCaseCompilerError: Cannot run compiler'nodejs' on the current platform
Caused by: org.aiotml.testing.errors.AiotMLExecutionError: 
node -v - Non-zero return value
[stdout]

[stderr]
'node' �����ڲ����ⲿ���Ҳ���ǿ����еĳ���
���������ļ���

</failure>
  </testcase>
  <testcase name="Java [testImportPort]" classname="testImportPort [General.Import]" time="0.002">
    <failure message="Cannot run compiler&apos;java&apos; on the current platform" type="org.aiotml.testing.errors.AiotMLTestCaseCompilerError">org.aiotml.testing.errors.AiotMLTestCaseCompilerError: Cannot run compiler'java' on the current platform
Caused by: org.aiotml.testing.errors.AiotMLExecutionError: 
mvn -v - Non-zero return value
[stdout]

[stderr]
'mvn' �����ڲ����ⲿ���Ҳ���ǿ����еĳ���
���������ļ���

</failure>
  </testcase>
  <testcase name="Posix [testImportPort]" classname="testImportPort [General.Import]" time="0.001">
    <failure message="Cannot run compiler&apos;posix&apos; on the current platform" type="org.aiotml.testing.errors.AiotMLTestCaseCompilerError">org.aiotml.testing.errors.AiotMLTestCaseCompilerError: Cannot run compiler'posix' on the current platform
Caused by: org.aiotml.testing.errors.AiotMLExecutionError: 
make -v - Non-zero return value
[stdout]

[stderr]
'make' �����ڲ����ⲿ���Ҳ���ǿ����еĳ���
���������ļ���

</failure>
  </testcase>
  <testcase name="PosixMT [testImportPort]" classname="testImportPort [General.Import]" time="0.001">
    <failure message="Cannot run compiler&apos;posixmt&apos; on the current platform" type="org.aiotml.testing.errors.AiotMLTestCaseCompilerError">org.aiotml.testing.errors.AiotMLTestCaseCompilerError: Cannot run compiler'posixmt' on the current platform
Caused by: org.aiotml.testing.errors.AiotMLExecutionError: 
make -v - Non-zero return value
[stdout]

[stderr]
'make' �����ڲ����ⲿ���Ҳ���ǿ����еĳ���
���������ļ���

</failure>
  </testcase>
  <testcase name="Go [testImportFunction]" classname="testImportFunction [General.Import]" time="0.05">
    <failure message="Test execution - Non-zero return value&#10;[stdout]&#10;&#10;[stderr]&#10;testconfiguration_generated.go:4:2: cannot find package &quot;github.com/SINTEF-9012/gosm&quot; in any of:&#10;	D:\Go\src\github.com\SINTEF-9012\gosm (from $GOROOT)&#10;	F:\MasterLab\go-ethereum\src\github.com\SINTEF-9012\gosm (from $GOPATH)&#10;" type="org.aiotml.testing.errors.AiotMLExecutionError">org.aiotml.testing.errors.AiotMLExecutionError: 
Test execution - Non-zero return value
[stdout]

[stderr]
testconfiguration_generated.go:4:2: cannot find package "github.com/SINTEF-9012/gosm" in any of:
	D:\Go\src\github.com\SINTEF-9012\gosm (from $GOROOT)
	F:\MasterLab\go-ethereum\src\github.com\SINTEF-9012\gosm (from $GOPATH)

</failure>
  </testcase>
  <testcase name="NodeJS [testArithmetic]" classname="testArithmetic [General.Others]" time="0.002">
    <failure message="Cannot run compiler&apos;nodejs&apos; on the current platform" type="org.aiotml.testing.errors.AiotMLTestCaseCompilerError">org.aiotml.testing.errors.AiotMLTestCaseCompilerError: Cannot run compiler'nodejs' on the current platform
Caused by: org.aiotml.testing.errors.AiotMLExecutionError: 
node -v - Non-zero return value
[stdout]

[stderr]
'node' �����ڲ����ⲿ���Ҳ���ǿ����еĳ���
���������ļ���

</failure>
  </testcase>
  <testcase name="Java [testArithmetic]" classname="testArithmetic [General.Others]" time="0.002">
    <failure message="Cannot run compiler&apos;java&apos; on the current platform" type="org.aiotml.testing.errors.AiotMLTestCaseCompilerError">org.aiotml.testing.errors.AiotMLTestCaseCompilerError: Cannot run compiler'java' on the current platform
Caused by: org.aiotml.testing.errors.AiotMLExecutionError: 
mvn -v - Non-zero return value
[stdout]

[stderr]
'mvn' �����ڲ����ⲿ���Ҳ���ǿ����еĳ���
���������ļ���

</failure>
  </testcase>
  <testcase name="Posix [testArithmetic]" classname="testArithmetic [General.Others]" time="0.004">
    <failure message="Cannot run compiler&apos;posix&apos; on the current platform" type="org.aiotml.testing.errors.AiotMLTestCaseCompilerError">org.aiotml.testing.errors.AiotMLTestCaseCompilerError: Cannot run compiler'posix' on the current platform
Caused by: org.aiotml.testing.errors.AiotMLExecutionError: 
make -v - Non-zero return value
[stdout]

[stderr]
'make' �����ڲ����ⲿ���Ҳ���ǿ����еĳ���
���������ļ���

</failure>
  </testcase>
  <testcase name="PosixMT [testArithmetic]" classname="testArithmetic [General.Others]" time="0.001">
    <failure message="Cannot run compiler&apos;posixmt&apos; on the current platform" type="org.aiotml.testing.errors.AiotMLTestCaseCompilerError">org.aiotml.testing.errors.AiotMLTestCaseCompilerError: Cannot run compiler'posixmt' on the current platform
Caused by: org.aiotml.testing.errors.AiotMLExecutionError: 
make -v - Non-zero return value
[stdout]

[stderr]
'make' �����ڲ����ⲿ���Ҳ���ǿ����еĳ���
���������ļ���

</failure>
  </testcase>
  <testcase name="Go [testImportProperties]" classname="testImportProperties [General.Import]" time="0.205">
    <failure message="Test execution - Non-zero return value&#10;[stdout]&#10;&#10;[stderr]&#10;testconfiguration_generated.go:4:2: cannot find package &quot;github.com/SINTEF-9012/gosm&quot; in any of:&#10;	D:\Go\src\github.com\SINTEF-9012\gosm (from $GOROOT)&#10;	F:\MasterLab\go-ethereum\src\github.com\SINTEF-9012\gosm (from $GOPATH)&#10;" type="org.aiotml.testing.errors.AiotMLExecutionError">org.aiotml.testing.errors.AiotMLExecutionError: 
Test execution - Non-zero return value
[stdout]

[stderr]
testconfiguration_generated.go:4:2: cannot find package "github.com/SINTEF-9012/gosm" in any of:
	D:\Go\src\github.com\SINTEF-9012\gosm (from $GOROOT)
	F:\MasterLab\go-ethereum\src\github.com\SINTEF-9012\gosm (from $GOPATH)

</failure>
  </testcase>
  <testcase name="NodeJS [testAbstractFunction]" classname="testAbstractFunction [General.Others]" time="0.046">
    <failure message="Cannot run compiler&apos;nodejs&apos; on the current platform" type="org.aiotml.testing.errors.AiotMLTestCaseCompilerError">org.aiotml.testing.errors.AiotMLTestCaseCompilerError: Cannot run compiler'nodejs' on the current platform
Caused by: org.aiotml.testing.errors.AiotMLExecutionError: 
node -v - Non-zero return value
[stdout]

[stderr]
'node' �����ڲ����ⲿ���Ҳ���ǿ����еĳ���
���������ļ���

</failure>
  </testcase>
  <testcase name="Java [testAbstractFunction]" classname="testAbstractFunction [General.Others]" time="0">
    <failure message="Cannot run compiler&apos;java&apos; on the current platform" type="org.aiotml.testing.errors.AiotMLTestCaseCompilerError">org.aiotml.testing.errors.AiotMLTestCaseCompilerError: Cannot run compiler'java' on the current platform
Caused by: org.aiotml.testing.errors.AiotMLExecutionError: 
mvn -v - Non-zero return value
[stdout]

[stderr]
'mvn' �����ڲ����ⲿ���Ҳ���ǿ����еĳ���
���������ļ���

</failure>
  </testcase>
  <testcase name="Posix [testAbstractFunction]" classname="testAbstractFunction [General.Others]" time="0">
    <failure message="Cannot run compiler&apos;posix&apos; on the current platform" type="org.aiotml.testing.errors.AiotMLTestCaseCompilerError">org.aiotml.testing.errors.AiotMLTestCaseCompilerError: Cannot run compiler'posix' on the current platform
Caused by: org.aiotml.testing.errors.AiotMLExecutionError: 
make -v - Non-zero return value
[stdout]

[stderr]
'make' �����ڲ����ⲿ���Ҳ���ǿ����еĳ���
���������ļ���

</failure>
  </testcase>
  <testcase name="PosixMT [testAbstractFunction]" classname="testAbstractFunction [General.Others]" time="0">
    <failure message="Cannot run compiler&apos;posixmt&apos; on the current platform" type="org.aiotml.testing.errors.AiotMLTestCaseCompilerError">org.aiotml.testing.errors.AiotMLTestCaseCompilerError: Cannot run compiler'posixmt' on the current platform
Caused by: org.aiotml.testing.errors.AiotMLExecutionError: 
make -v - Non-zero return value
[stdout]

[stderr]
'make' �����ڲ����ⲿ���Ҳ���ǿ����еĳ���
���������ļ���

</failure>
  </testcase>
  <testcase name="Go [testImportPort]" classname="testImportPort [General.Import]" time="0.581">
    <failure message="Test execution - Non-zero return value&#10;[stdout]&#10;&#10;[stderr]&#10;testconfiguration_generated.go:4:2: cannot find package &quot;github.com/SINTEF-9012/gosm&quot; in any of:&#10;	D:\Go\src\github.com\SINTEF-9012\gosm (from $GOROOT)&#10;	F:\MasterLab\go-ethereum\src\github.com\SINTEF-9012\gosm (from $GOPATH)&#10;" type="org.aiotml.testing.errors.AiotMLExecutionError">org.aiotml.testing.errors.AiotMLExecutionError: 
Test execution - Non-zero return value
[stdout]

[stderr]
testconfiguration_generated.go:4:2: cannot find package "github.com/SINTEF-9012/gosm" in any of:
	D:\Go\src\github.com\SINTEF-9012\gosm (from $GOROOT)
	F:\MasterLab\go-ethereum\src\github.com\SINTEF-9012\gosm (from $GOPATH)

</failure>
  </testcase>
  <testcase name="NodeJS [testArithmetic3]" classname="testArithmetic3 [General.Others]" time="0.001">
    <failure message="Cannot run compiler&apos;nodejs&apos; on the current platform" type="org.aiotml.testing.errors.AiotMLTestCaseCompilerError">org.aiotml.testing.errors.AiotMLTestCaseCompilerError: Cannot run compiler'nodejs' on the current platform
Caused by: org.aiotml.testing.errors.AiotMLExecutionError: 
node -v - Non-zero return value
[stdout]

[stderr]
'node' �����ڲ����ⲿ���Ҳ���ǿ����еĳ���
���������ļ���

</failure>
  </testcase>
  <testcase name="Java [testArithmetic3]" classname="testArithmetic3 [General.Others]" time="0.001">
    <failure message="Cannot run compiler&apos;java&apos; on the current platform" type="org.aiotml.testing.errors.AiotMLTestCaseCompilerError">org.aiotml.testing.errors.AiotMLTestCaseCompilerError: Cannot run compiler'java' on the current platform
Caused by: org.aiotml.testing.errors.AiotMLExecutionError: 
mvn -v - Non-zero return value
[stdout]

[stderr]
'mvn' �����ڲ����ⲿ���Ҳ���ǿ����еĳ���
���������ļ���

</failure>
  </testcase>
  <testcase name="Posix [testArithmetic3]" classname="testArithmetic3 [General.Others]" time="0.001">
    <failure message="Cannot run compiler&apos;posix&apos; on the current platform" type="org.aiotml.testing.errors.AiotMLTestCaseCompilerError">org.aiotml.testing.errors.AiotMLTestCaseCompilerError: Cannot run compiler'posix' on the current platform
Caused by: org.aiotml.testing.errors.AiotMLExecutionError: 
make -v - Non-zero return value
[stdout]

[stderr]
'make' �����ڲ����ⲿ���Ҳ���ǿ����еĳ���
���������ļ���

</failure>
  </testcase>
  <testcase name="PosixMT [testArithmetic3]" classname="testArithmetic3 [General.Others]" time="0">
    <failure message="Cannot run compiler&apos;posixmt&apos; on the current platform" type="org.aiotml.testing.errors.AiotMLTestCaseCompilerError">org.aiotml.testing.errors.AiotMLTestCaseCompilerError: Cannot run compiler'posixmt' on the current platform
Caused by: org.aiotml.testing.errors.AiotMLExecutionError: 
make -v - Non-zero return value
[stdout]

[stderr]
'make' �����ڲ����ⲿ���Ҳ���ǿ����еĳ���
���������ļ���

</failure>
  </testcase>
  <testcase name="Go [testArithmetic]" classname="testArithmetic [General.Others]" time="0.204">
    <failure message="Test execution - Non-zero return value&#10;[stdout]&#10;&#10;[stderr]&#10;testconfiguration_generated.go:4:2: cannot find package &quot;github.com/SINTEF-9012/gosm&quot; in any of:&#10;	D:\Go\src\github.com\SINTEF-9012\gosm (from $GOROOT)&#10;	F:\MasterLab\go-ethereum\src\github.com\SINTEF-9012\gosm (from $GOPATH)&#10;" type="org.aiotml.testing.errors.AiotMLExecutionError">org.aiotml.testing.errors.AiotMLExecutionError: 
Test execution - Non-zero return value
[stdout]

[stderr]
testconfiguration_generated.go:4:2: cannot find package "github.com/SINTEF-9012/gosm" in any of:
	D:\Go\src\github.com\SINTEF-9012\gosm (from $GOROOT)
	F:\MasterLab\go-ethereum\src\github.com\SINTEF-9012\gosm (from $GOPATH)

</failure>
  </testcase>
  <testcase name="NodeJS [testArithmetic2]" classname="testArithmetic2 [General.Others]" time="0.005">
    <failure message="Cannot run compiler&apos;nodejs&apos; on the current platform" type="org.aiotml.testing.errors.AiotMLTestCaseCompilerError">org.aiotml.testing.errors.AiotMLTestCaseCompilerError: Cannot run compiler'nodejs' on the current platform
Caused by: org.aiotml.testing.errors.AiotMLExecutionError: 
node -v - Non-zero return value
[stdout]

[stderr]
'node' �����ڲ����ⲿ���Ҳ���ǿ����еĳ���
���������ļ���

</failure>
  </testcase>
  <testcase name="Java [testArithmetic2]" classname="testArithmetic2 [General.Others]" time="0">
    <failure message="Cannot run compiler&apos;java&apos; on the current platform" type="org.aiotml.testing.errors.AiotMLTestCaseCompilerError">org.aiotml.testing.errors.AiotMLTestCaseCompilerError: Cannot run compiler'java' on the current platform
Caused by: org.aiotml.testing.errors.AiotMLExecutionError: 
mvn -v - Non-zero return value
[stdout]

[stderr]
'mvn' �����ڲ����ⲿ���Ҳ���ǿ����еĳ���
���������ļ���

</failure>
  </testcase>
  <testcase name="Posix [testArithmetic2]" classname="testArithmetic2 [General.Others]" time="0">
    <failure message="Cannot run compiler&apos;posix&apos; on the current platform" type="org.aiotml.testing.errors.AiotMLTestCaseCompilerError">org.aiotml.testing.errors.AiotMLTestCaseCompilerError: Cannot run compiler'posix' on the current platform
Caused by: org.aiotml.testing.errors.AiotMLExecutionError: 
make -v - Non-zero return value
[stdout]

[stderr]
'make' �����ڲ����ⲿ���Ҳ���ǿ����еĳ���
���������ļ���

</failure>
  </testcase>
  <testcase name="PosixMT [testArithmetic2]" classname="testArithmetic2 [General.Others]" time="0">
    <failure message="Cannot run compiler&apos;posixmt&apos; on the current platform" type="org.aiotml.testing.errors.AiotMLTestCaseCompilerError">org.aiotml.testing.errors.AiotMLTestCaseCompilerError: Cannot run compiler'posixmt' on the current platform
Caused by: org.aiotml.testing.errors.AiotMLExecutionError: 
make -v - Non-zero return value
[stdout]

[stderr]
'make' �����ڲ����ⲿ���Ҳ���ǿ����еĳ���
���������ļ���

</failure>
  </testcase>
  <testcase name="Go [testAbstractFunction]" classname="testAbstractFunction [General.Others]" time="0.217">
    <failure message="Test execution - Non-zero return value&#10;[stdout]&#10;&#10;[stderr]&#10;testconfiguration_generated.go:4:2: cannot find package &quot;github.com/SINTEF-9012/gosm&quot; in any of:&#10;	D:\Go\src\github.com\SINTEF-9012\gosm (from $GOROOT)&#10;	F:\MasterLab\go-ethereum\src\github.com\SINTEF-9012\gosm (from $GOPATH)&#10;" type="org.aiotml.testing.errors.AiotMLExecutionError">org.aiotml.testing.errors.AiotMLExecutionError: 
Test execution - Non-zero return value
[stdout]

[stderr]
testconfiguration_generated.go:4:2: cannot find package "github.com/SINTEF-9012/gosm" in any of:
	D:\Go\src\github.com\SINTEF-9012\gosm (from $GOROOT)
	F:\MasterLab\go-ethereum\src\github.com\SINTEF-9012\gosm (from $GOPATH)

</failure>
  </testcase>
  <testcase name="NodeJS [testArithmetic5]" classname="testArithmetic5 [General.Others]" time="0.152">
    <failure message="Cannot run compiler&apos;nodejs&apos; on the current platform" type="org.aiotml.testing.errors.AiotMLTestCaseCompilerError">org.aiotml.testing.errors.AiotMLTestCaseCompilerError: Cannot run compiler'nodejs' on the current platform
Caused by: org.aiotml.testing.errors.AiotMLExecutionError: 
node -v - Non-zero return value
[stdout]

[stderr]
'node' �����ڲ����ⲿ���Ҳ���ǿ����еĳ���
���������ļ���

</failure>
  </testcase>
  <testcase name="Java [testArithmetic5]" classname="testArithmetic5 [General.Others]" time="0.001">
    <failure message="Cannot run compiler&apos;java&apos; on the current platform" type="org.aiotml.testing.errors.AiotMLTestCaseCompilerError">org.aiotml.testing.errors.AiotMLTestCaseCompilerError: Cannot run compiler'java' on the current platform
Caused by: org.aiotml.testing.errors.AiotMLExecutionError: 
mvn -v - Non-zero return value
[stdout]

[stderr]
'mvn' �����ڲ����ⲿ���Ҳ���ǿ����еĳ���
���������ļ���

</failure>
  </testcase>
  <testcase name="Posix [testArithmetic5]" classname="testArithmetic5 [General.Others]" time="0.001">
    <failure message="Cannot run compiler&apos;posix&apos; on the current platform" type="org.aiotml.testing.errors.AiotMLTestCaseCompilerError">org.aiotml.testing.errors.AiotMLTestCaseCompilerError: Cannot run compiler'posix' on the current platform
Caused by: org.aiotml.testing.errors.AiotMLExecutionError: 
make -v - Non-zero return value
[stdout]

[stderr]
'make' �����ڲ����ⲿ���Ҳ���ǿ����еĳ���
���������ļ���

</failure>
  </testcase>
  <testcase name="PosixMT [testArithmetic5]" classname="testArithmetic5 [General.Others]" time="0.001">
    <failure message="Cannot run compiler&apos;posixmt&apos; on the current platform" type="org.aiotml.testing.errors.AiotMLTestCaseCompilerError">org.aiotml.testing.errors.AiotMLTestCaseCompilerError: Cannot run compiler'posixmt' on the current platform
Caused by: org.aiotml.testing.errors.AiotMLExecutionError: 
make -v - Non-zero return value
[stdout]

[stderr]
'make' �����ڲ����ⲿ���Ҳ���ǿ����еĳ���
���������ļ���

</failure>
  </testcase>
  <testcase name="Go [testArithmetic3]" classname="testArithmetic3 [General.Others]" time="0.235">
    <failure message="Test execution - Non-zero return value&#10;[stdout]&#10;&#10;[stderr]&#10;testconfiguration_generated.go:4:2: cannot find package &quot;github.com/SINTEF-9012/gosm&quot; in any of:&#10;	D:\Go\src\github.com\SINTEF-9012\gosm (from $GOROOT)&#10;	F:\MasterLab\go-ethereum\src\github.com\SINTEF-9012\gosm (from $GOPATH)&#10;" type="org.aiotml.testing.errors.AiotMLExecutionError">org.aiotml.testing.errors.AiotMLExecutionError: 
Test execution - Non-zero return value
[stdout]

[stderr]
testconfiguration_generated.go:4:2: cannot find package "github.com/SINTEF-9012/gosm" in any of:
	D:\Go\src\github.com\SINTEF-9012\gosm (from $GOROOT)
	F:\MasterLab\go-ethereum\src\github.com\SINTEF-9012\gosm (from $GOPATH)

</failure>
  </testcase>
  <testcase name="NodeJS [testArithmetic4]" classname="testArithmetic4 [General.Others]" time="0.096">
    <failure message="Cannot run compiler&apos;nodejs&apos; on the current platform" type="org.aiotml.testing.errors.AiotMLTestCaseCompilerError">org.aiotml.testing.errors.AiotMLTestCaseCompilerError: Cannot run compiler'nodejs' on the current platform
Caused by: org.aiotml.testing.errors.AiotMLExecutionError: 
node -v - Non-zero return value
[stdout]

[stderr]
'node' �����ڲ����ⲿ���Ҳ���ǿ����еĳ���
���������ļ���

</failure>
  </testcase>
  <testcase name="Java [testArithmetic4]" classname="testArithmetic4 [General.Others]" time="0.001">
    <failure message="Cannot run compiler&apos;java&apos; on the current platform" type="org.aiotml.testing.errors.AiotMLTestCaseCompilerError">org.aiotml.testing.errors.AiotMLTestCaseCompilerError: Cannot run compiler'java' on the current platform
Caused by: org.aiotml.testing.errors.AiotMLExecutionError: 
mvn -v - Non-zero return value
[stdout]

[stderr]
'mvn' �����ڲ����ⲿ���Ҳ���ǿ����еĳ���
���������ļ���

</failure>
  </testcase>
  <testcase name="Posix [testArithmetic4]" classname="testArithmetic4 [General.Others]" time="0.001">
    <failure message="Cannot run compiler&apos;posix&apos; on the current platform" type="org.aiotml.testing.errors.AiotMLTestCaseCompilerError">org.aiotml.testing.errors.AiotMLTestCaseCompilerError: Cannot run compiler'posix' on the current platform
Caused by: org.aiotml.testing.errors.AiotMLExecutionError: 
make -v - Non-zero return value
[stdout]

[stderr]
'make' �����ڲ����ⲿ���Ҳ���ǿ����еĳ���
���������ļ���

</failure>
  </testcase>
  <testcase name="PosixMT [testArithmetic4]" classname="testArithmetic4 [General.Others]" time="0.001">
    <failure message="Cannot run compiler&apos;posixmt&apos; on the current platform" type="org.aiotml.testing.errors.AiotMLTestCaseCompilerError">org.aiotml.testing.errors.AiotMLTestCaseCompilerError: Cannot run compiler'posixmt' on the current platform
Caused by: org.aiotml.testing.errors.AiotMLExecutionError: 
make -v - Non-zero return value
[stdout]

[stderr]
'make' �����ڲ����ⲿ���Ҳ���ǿ����еĳ���
���������ļ���

</failure>
  </testcase>
  <testcase name="Go [testArithmetic2]" classname="testArithmetic2 [General.Others]" time="0.091">
    <failure message="Test execution - Non-zero return value&#10;[stdout]&#10;&#10;[stderr]&#10;testconfiguration_generated.go:4:2: cannot find package &quot;github.com/SINTEF-9012/gosm&quot; in any of:&#10;	D:\Go\src\github.com\SINTEF-9012\gosm (from $GOROOT)&#10;	F:\MasterLab\go-ethereum\src\github.com\SINTEF-9012\gosm (from $GOPATH)&#10;" type="org.aiotml.testing.errors.AiotMLExecutionError">org.aiotml.testing.errors.AiotMLExecutionError: 
Test execution - Non-zero return value
[stdout]

[stderr]
testconfiguration_generated.go:4:2: cannot find package "github.com/SINTEF-9012/gosm" in any of:
	D:\Go\src\github.com\SINTEF-9012\gosm (from $GOROOT)
	F:\MasterLab\go-ethereum\src\github.com\SINTEF-9012\gosm (from $GOPATH)

</failure>
  </testcase>
  <testcase name="NodeJS [testDisymetricalPort]" classname="testDisymetricalPort [General.Others]" time="0.001">
    <failure message="Cannot run compiler&apos;nodejs&apos; on the current platform" type="org.aiotml.testing.errors.AiotMLTestCaseCompilerError">org.aiotml.testing.errors.AiotMLTestCaseCompilerError: Cannot run compiler'nodejs' on the current platform
Caused by: org.aiotml.testing.errors.AiotMLExecutionError: 
node -v - Non-zero return value
[stdout]

[stderr]
'node' �����ڲ����ⲿ���Ҳ���ǿ����еĳ���
���������ļ���

</failure>
  </testcase>
  <testcase name="Java [testDisymetricalPort]" classname="testDisymetricalPort [General.Others]" time="0.002">
    <failure message="Cannot run compiler&apos;java&apos; on the current platform" type="org.aiotml.testing.errors.AiotMLTestCaseCompilerError">org.aiotml.testing.errors.AiotMLTestCaseCompilerError: Cannot run compiler'java' on the current platform
Caused by: org.aiotml.testing.errors.AiotMLExecutionError: 
mvn -v - Non-zero return value
[stdout]

[stderr]
'mvn' �����ڲ����ⲿ���Ҳ���ǿ����еĳ���
���������ļ���

</failure>
  </testcase>
  <testcase name="Posix [testDisymetricalPort]" classname="testDisymetricalPort [General.Others]" time="0">
    <failure message="Cannot run compiler&apos;posix&apos; on the current platform" type="org.aiotml.testing.errors.AiotMLTestCaseCompilerError">org.aiotml.testing.errors.AiotMLTestCaseCompilerError: Cannot run compiler'posix' on the current platform
Caused by: org.aiotml.testing.errors.AiotMLExecutionError: 
make -v - Non-zero return value
[stdout]

[stderr]
'make' �����ڲ����ⲿ���Ҳ���ǿ����еĳ���
���������ļ���

</failure>
  </testcase>
  <testcase name="PosixMT [testDisymetricalPort]" classname="testDisymetricalPort [General.Others]" time="0.001">
    <failure message="Cannot run compiler&apos;posixmt&apos; on the current platform" type="org.aiotml.testing.errors.AiotMLTestCaseCompilerError">org.aiotml.testing.errors.AiotMLTestCaseCompilerError: Cannot run compiler'posixmt' on the current platform
Caused by: org.aiotml.testing.errors.AiotMLExecutionError: 
make -v - Non-zero return value
[stdout]

[stderr]
'make' �����ڲ����ⲿ���Ҳ���ǿ����еĳ���
���������ļ���

</failure>
  </testcase>
  <testcase name="Go [testArithmetic5]" classname="testArithmetic5 [General.Others]" time="0.35">
    <failure message="Test execution - Non-zero return value&#10;[stdout]&#10;&#10;[stderr]&#10;testconfiguration_generated.go:4:2: cannot find package &quot;github.com/SINTEF-9012/gosm&quot; in any of:&#10;	D:\Go\src\github.com\SINTEF-9012\gosm (from $GOROOT)&#10;	F:\MasterLab\go-ethereum\src\github.com\SINTEF-9012\gosm (from $GOPATH)&#10;" type="org.aiotml.testing.errors.AiotMLExecutionError">org.aiotml.testing.errors.AiotMLExecutionError: 
Test execution - Non-zero return value
[stdout]

[stderr]
testconfiguration_generated.go:4:2: cannot find package "github.com/SINTEF-9012/gosm" in any of:
	D:\Go\src\github.com\SINTEF-9012\gosm (from $GOROOT)
	F:\MasterLab\go-ethereum\src\github.com\SINTEF-9012\gosm (from $GOPATH)

</failure>
  </testcase>
  <testcase name="NodeJS [testDisymetricalConnector]" classname="testDisymetricalConnector [General.Others]" time="0.055">
    <failure message="Cannot run compiler&apos;nodejs&apos; on the current platform" type="org.aiotml.testing.errors.AiotMLTestCaseCompilerError">org.aiotml.testing.errors.AiotMLTestCaseCompilerError: Cannot run compiler'nodejs' on the current platform
Caused by: org.aiotml.testing.errors.AiotMLExecutionError: 
node -v - Non-zero return value
[stdout]

[stderr]
'node' �����ڲ����ⲿ���Ҳ���ǿ����еĳ���
���������ļ���

</failure>
  </testcase>
  <testcase name="Java [testDisymetricalConnector]" classname="testDisymetricalConnector [General.Others]" time="0">
    <failure message="Cannot run compiler&apos;java&apos; on the current platform" type="org.aiotml.testing.errors.AiotMLTestCaseCompilerError">org.aiotml.testing.errors.AiotMLTestCaseCompilerError: Cannot run compiler'java' on the current platform
Caused by: org.aiotml.testing.errors.AiotMLExecutionError: 
mvn -v - Non-zero return value
[stdout]

[stderr]
'mvn' �����ڲ����ⲿ���Ҳ���ǿ����еĳ���
���������ļ���

</failure>
  </testcase>
  <testcase name="Posix [testDisymetricalConnector]" classname="testDisymetricalConnector [General.Others]" time="0">
    <failure message="Cannot run compiler&apos;posix&apos; on the current platform" type="org.aiotml.testing.errors.AiotMLTestCaseCompilerError">org.aiotml.testing.errors.AiotMLTestCaseCompilerError: Cannot run compiler'posix' on the current platform
Caused by: org.aiotml.testing.errors.AiotMLExecutionError: 
make -v - Non-zero return value
[stdout]

[stderr]
'make' �����ڲ����ⲿ���Ҳ���ǿ����еĳ���
���������ļ���

</failure>
  </testcase>
  <testcase name="PosixMT [testDisymetricalConnector]" classname="testDisymetricalConnector [General.Others]" time="0.002">
    <failure message="Cannot run compiler&apos;posixmt&apos; on the current platform" type="org.aiotml.testing.errors.AiotMLTestCaseCompilerError">org.aiotml.testing.errors.AiotMLTestCaseCompilerError: Cannot run compiler'posixmt' on the current platform
Caused by: org.aiotml.testing.errors.AiotMLExecutionError: 
make -v - Non-zero return value
[stdout]

[stderr]
'make' �����ڲ����ⲿ���Ҳ���ǿ����еĳ���
���������ļ���

</failure>
  </testcase>
  <testcase name="Go [testArithmetic4]" classname="testArithmetic4 [General.Others]" time="0.292">
    <failure message="Test execution - Non-zero return value&#10;[stdout]&#10;&#10;[stderr]&#10;testconfiguration_generated.go:4:2: cannot find package &quot;github.com/SINTEF-9012/gosm&quot; in any of:&#10;	D:\Go\src\github.com\SINTEF-9012\gosm (from $GOROOT)&#10;	F:\MasterLab\go-ethereum\src\github.com\SINTEF-9012\gosm (from $GOPATH)&#10;" type="org.aiotml.testing.errors.AiotMLExecutionError">org.aiotml.testing.errors.AiotMLExecutionError: 
Test execution - Non-zero return value
[stdout]

[stderr]
testconfiguration_generated.go:4:2: cannot find package "github.com/SINTEF-9012/gosm" in any of:
	D:\Go\src\github.com\SINTEF-9012\gosm (from $GOROOT)
	F:\MasterLab\go-ethereum\src\github.com\SINTEF-9012\gosm (from $GOPATH)

</failure>
  </testcase>
  <testcase name="NodeJS [testDisymetricalPort3]" classname="testDisymetricalPort3 [General.Others]" time="0.091">
    <failure message="Cannot run compiler&apos;nodejs&apos; on the current platform" type="org.aiotml.testing.errors.AiotMLTestCaseCompilerError">org.aiotml.testing.errors.AiotMLTestCaseCompilerError: Cannot run compiler'nodejs' on the current platform
Caused by: org.aiotml.testing.errors.AiotMLExecutionError: 
node -v - Non-zero return value
[stdout]

[stderr]
'node' �����ڲ����ⲿ���Ҳ���ǿ����еĳ���
���������ļ���

</failure>
  </testcase>
  <testcase name="Java [testDisymetricalPort3]" classname="testDisymetricalPort3 [General.Others]" time="0.001">
    <failure message="Cannot run compiler&apos;java&apos; on the current platform" type="org.aiotml.testing.errors.AiotMLTestCaseCompilerError">org.aiotml.testing.errors.AiotMLTestCaseCompilerError: Cannot run compiler'java' on the current platform
Caused by: org.aiotml.testing.errors.AiotMLExecutionError: 
mvn -v - Non-zero return value
[stdout]

[stderr]
'mvn' �����ڲ����ⲿ���Ҳ���ǿ����еĳ���
���������ļ���

</failure>
  </testcase>
  <testcase name="Posix [testDisymetricalPort3]" classname="testDisymetricalPort3 [General.Others]" time="0.001">
    <failure message="Cannot run compiler&apos;posix&apos; on the current platform" type="org.aiotml.testing.errors.AiotMLTestCaseCompilerError">org.aiotml.testing.errors.AiotMLTestCaseCompilerError: Cannot run compiler'posix' on the current platform
Caused by: org.aiotml.testing.errors.AiotMLExecutionError: 
make -v - Non-zero return value
[stdout]

[stderr]
'make' �����ڲ����ⲿ���Ҳ���ǿ����еĳ���
���������ļ���

</failure>
  </testcase>
  <testcase name="PosixMT [testDisymetricalPort3]" classname="testDisymetricalPort3 [General.Others]" time="0.002">
    <failure message="Cannot run compiler&apos;posixmt&apos; on the current platform" type="org.aiotml.testing.errors.AiotMLTestCaseCompilerError">org.aiotml.testing.errors.AiotMLTestCaseCompilerError: Cannot run compiler'posixmt' on the current platform
Caused by: org.aiotml.testing.errors.AiotMLExecutionError: 
make -v - Non-zero return value
[stdout]

[stderr]
'make' �����ڲ����ⲿ���Ҳ���ǿ����еĳ���
���������ļ���

</failure>
  </testcase>
  <testcase name="Go [testDisymetricalPort]" classname="testDisymetricalPort [General.Others]" time="0.057">
    <failure message="Test execution - Non-zero return value&#10;[stdout]&#10;&#10;[stderr]&#10;testconfiguration_generated.go:4:2: cannot find package &quot;github.com/SINTEF-9012/gosm&quot; in any of:&#10;	D:\Go\src\github.com\SINTEF-9012\gosm (from $GOROOT)&#10;	F:\MasterLab\go-ethereum\src\github.com\SINTEF-9012\gosm (from $GOPATH)&#10;" type="org.aiotml.testing.errors.AiotMLExecutionError">org.aiotml.testing.errors.AiotMLExecutionError: 
Test execution - Non-zero return value
[stdout]

[stderr]
testconfiguration_generated.go:4:2: cannot find package "github.com/SINTEF-9012/gosm" in any of:
	D:\Go\src\github.com\SINTEF-9012\gosm (from $GOROOT)
	F:\MasterLab\go-ethereum\src\github.com\SINTEF-9012\gosm (from $GOPATH)

</failure>
  </testcase>
  <testcase name="NodeJS [testDisymetricalPort2]" classname="testDisymetricalPort2 [General.Others]" time="0.002">
    <failure message="Cannot run compiler&apos;nodejs&apos; on the current platform" type="org.aiotml.testing.errors.AiotMLTestCaseCompilerError">org.aiotml.testing.errors.AiotMLTestCaseCompilerError: Cannot run compiler'nodejs' on the current platform
Caused by: org.aiotml.testing.errors.AiotMLExecutionError: 
node -v - Non-zero return value
[stdout]

[stderr]
'node' �����ڲ����ⲿ���Ҳ���ǿ����еĳ���
���������ļ���

</failure>
  </testcase>
  <testcase name="Java [testDisymetricalPort2]" classname="testDisymetricalPort2 [General.Others]" time="0.001">
    <failure message="Cannot run compiler&apos;java&apos; on the current platform" type="org.aiotml.testing.errors.AiotMLTestCaseCompilerError">org.aiotml.testing.errors.AiotMLTestCaseCompilerError: Cannot run compiler'java' on the current platform
Caused by: org.aiotml.testing.errors.AiotMLExecutionError: 
mvn -v - Non-zero return value
[stdout]

[stderr]
'mvn' �����ڲ����ⲿ���Ҳ���ǿ����еĳ���
���������ļ���

</failure>
  </testcase>
  <testcase name="Posix [testDisymetricalPort2]" classname="testDisymetricalPort2 [General.Others]" time="0.001">
    <failure message="Cannot run compiler&apos;posix&apos; on the current platform" type="org.aiotml.testing.errors.AiotMLTestCaseCompilerError">org.aiotml.testing.errors.AiotMLTestCaseCompilerError: Cannot run compiler'posix' on the current platform
Caused by: org.aiotml.testing.errors.AiotMLExecutionError: 
make -v - Non-zero return value
[stdout]

[stderr]
'make' �����ڲ����ⲿ���Ҳ���ǿ����еĳ���
���������ļ���

</failure>
  </testcase>
  <testcase name="PosixMT [testDisymetricalPort2]" classname="testDisymetricalPort2 [General.Others]" time="0.001">
    <failure message="Cannot run compiler&apos;posixmt&apos; on the current platform" type="org.aiotml.testing.errors.AiotMLTestCaseCompilerError">org.aiotml.testing.errors.AiotMLTestCaseCompilerError: Cannot run compiler'posixmt' on the current platform
Caused by: org.aiotml.testing.errors.AiotMLExecutionError: 
make -v - Non-zero return value
[stdout]

[stderr]
'make' �����ڲ����ⲿ���Ҳ���ǿ����еĳ���
���������ļ���

</failure>
  </testcase>
  <testcase name="Go [testDisymetricalConnector]" classname="testDisymetricalConnector [General.Others]" time="0.41">
    <failure message="Test execution - Non-zero return value&#10;[stdout]&#10;&#10;[stderr]&#10;testconfiguration_generated.go:4:2: cannot find package &quot;github.com/SINTEF-9012/gosm&quot; in any of:&#10;	D:\Go\src\github.com\SINTEF-9012\gosm (from $GOROOT)&#10;	F:\MasterLab\go-ethereum\src\github.com\SINTEF-9012\gosm (from $GOPATH)&#10;" type="org.aiotml.testing.errors.AiotMLExecutionError">org.aiotml.testing.errors.AiotMLExecutionError: 
Test execution - Non-zero return value
[stdout]

[stderr]
testconfiguration_generated.go:4:2: cannot find package "github.com/SINTEF-9012/gosm" in any of:
	D:\Go\src\github.com\SINTEF-9012\gosm (from $GOROOT)
	F:\MasterLab\go-ethereum\src\github.com\SINTEF-9012\gosm (from $GOPATH)

</failure>
  </testcase>
  <testcase name="NodeJS [testEnumeration2]" classname="testEnumeration2 [General.Others]" time="0.001">
    <failure message="Cannot run compiler&apos;nodejs&apos; on the current platform" type="org.aiotml.testing.errors.AiotMLTestCaseCompilerError">org.aiotml.testing.errors.AiotMLTestCaseCompilerError: Cannot run compiler'nodejs' on the current platform
Caused by: org.aiotml.testing.errors.AiotMLExecutionError: 
node -v - Non-zero return value
[stdout]

[stderr]
'node' �����ڲ����ⲿ���Ҳ���ǿ����еĳ���
���������ļ���

</failure>
  </testcase>
  <testcase name="Java [testEnumeration2]" classname="testEnumeration2 [General.Others]" time="0.001">
    <failure message="Cannot run compiler&apos;java&apos; on the current platform" type="org.aiotml.testing.errors.AiotMLTestCaseCompilerError">org.aiotml.testing.errors.AiotMLTestCaseCompilerError: Cannot run compiler'java' on the current platform
Caused by: org.aiotml.testing.errors.AiotMLExecutionError: 
mvn -v - Non-zero return value
[stdout]

[stderr]
'mvn' �����ڲ����ⲿ���Ҳ���ǿ����еĳ���
���������ļ���

</failure>
  </testcase>
  <testcase name="Posix [testEnumeration2]" classname="testEnumeration2 [General.Others]" time="0.001">
    <failure message="Cannot run compiler&apos;posix&apos; on the current platform" type="org.aiotml.testing.errors.AiotMLTestCaseCompilerError">org.aiotml.testing.errors.AiotMLTestCaseCompilerError: Cannot run compiler'posix' on the current platform
Caused by: org.aiotml.testing.errors.AiotMLExecutionError: 
make -v - Non-zero return value
[stdout]

[stderr]
'make' �����ڲ����ⲿ���Ҳ���ǿ����еĳ���
���������ļ���

</failure>
  </testcase>
  <testcase name="PosixMT [testEnumeration2]" classname="testEnumeration2 [General.Others]" time="0.001">
    <failure message="Cannot run compiler&apos;posixmt&apos; on the current platform" type="org.aiotml.testing.errors.AiotMLTestCaseCompilerError">org.aiotml.testing.errors.AiotMLTestCaseCompilerError: Cannot run compiler'posixmt' on the current platform
Caused by: org.aiotml.testing.errors.AiotMLExecutionError: 
make -v - Non-zero return value
[stdout]

[stderr]
'make' �����ڲ����ⲿ���Ҳ���ǿ����еĳ���
���������ļ���

</failure>
  </testcase>
  <testcase name="Go [testDisymetricalPort3]" classname="testDisymetricalPort3 [General.Others]" time="0.482">
    <failure message="Test execution - Non-zero return value&#10;[stdout]&#10;&#10;[stderr]&#10;testconfiguration_generated.go:4:2: cannot find package &quot;github.com/SINTEF-9012/gosm&quot; in any of:&#10;	D:\Go\src\github.com\SINTEF-9012\gosm (from $GOROOT)&#10;	F:\MasterLab\go-ethereum\src\github.com\SINTEF-9012\gosm (from $GOPATH)&#10;" type="org.aiotml.testing.errors.AiotMLExecutionError">org.aiotml.testing.errors.AiotMLExecutionError: 
Test execution - Non-zero return value
[stdout]

[stderr]
testconfiguration_generated.go:4:2: cannot find package "github.com/SINTEF-9012/gosm" in any of:
	D:\Go\src\github.com\SINTEF-9012\gosm (from $GOROOT)
	F:\MasterLab\go-ethereum\src\github.com\SINTEF-9012\gosm (from $GOPATH)

</failure>
  </testcase>
  <testcase name="NodeJS [testEnumeration]" classname="testEnumeration [General.Others]" time="0.001">
    <failure message="Cannot run compiler&apos;nodejs&apos; on the current platform" type="org.aiotml.testing.errors.AiotMLTestCaseCompilerError">org.aiotml.testing.errors.AiotMLTestCaseCompilerError: Cannot run compiler'nodejs' on the current platform
Caused by: org.aiotml.testing.errors.AiotMLExecutionError: 
node -v - Non-zero return value
[stdout]

[stderr]
'node' �����ڲ����ⲿ���Ҳ���ǿ����еĳ���
���������ļ���

</failure>
  </testcase>
  <testcase name="Java [testEnumeration]" classname="testEnumeration [General.Others]" time="0.001">
    <failure message="Cannot run compiler&apos;java&apos; on the current platform" type="org.aiotml.testing.errors.AiotMLTestCaseCompilerError">org.aiotml.testing.errors.AiotMLTestCaseCompilerError: Cannot run compiler'java' on the current platform
Caused by: org.aiotml.testing.errors.AiotMLExecutionError: 
mvn -v - Non-zero return value
[stdout]

[stderr]
'mvn' �����ڲ����ⲿ���Ҳ���ǿ����еĳ���
���������ļ���

</failure>
  </testcase>
  <testcase name="Posix [testEnumeration]" classname="testEnumeration [General.Others]" time="0.002">
    <failure message="Cannot run compiler&apos;posix&apos; on the current platform" type="org.aiotml.testing.errors.AiotMLTestCaseCompilerError">org.aiotml.testing.errors.AiotMLTestCaseCompilerError: Cannot run compiler'posix' on the current platform
Caused by: org.aiotml.testing.errors.AiotMLExecutionError: 
make -v - Non-zero return value
[stdout]

[stderr]
'make' �����ڲ����ⲿ���Ҳ���ǿ����еĳ���
���������ļ���

</failure>
  </testcase>
  <testcase name="PosixMT [testEnumeration]" classname="testEnumeration [General.Others]" time="0">
    <failure message="Cannot run compiler&apos;posixmt&apos; on the current platform" type="org.aiotml.testing.errors.AiotMLTestCaseCompilerError">org.aiotml.testing.errors.AiotMLTestCaseCompilerError: Cannot run compiler'posixmt' on the current platform
Caused by: org.aiotml.testing.errors.AiotMLExecutionError: 
make -v - Non-zero return value
[stdout]

[stderr]
'make' �����ڲ����ⲿ���Ҳ���ǿ����еĳ���
���������ļ���

</failure>
  </testcase>
  <testcase name="Go [testDisymetricalPort2]" classname="testDisymetricalPort2 [General.Others]" time="0.092">
    <failure message="Test execution - Non-zero return value&#10;[stdout]&#10;&#10;[stderr]&#10;testconfiguration_generated.go:4:2: cannot find package &quot;github.com/SINTEF-9012/gosm&quot; in any of:&#10;	D:\Go\src\github.com\SINTEF-9012\gosm (from $GOROOT)&#10;	F:\MasterLab\go-ethereum\src\github.com\SINTEF-9012\gosm (from $GOPATH)&#10;" type="org.aiotml.testing.errors.AiotMLExecutionError">org.aiotml.testing.errors.AiotMLExecutionError: 
Test execution - Non-zero return value
[stdout]

[stderr]
testconfiguration_generated.go:4:2: cannot find package "github.com/SINTEF-9012/gosm" in any of:
	D:\Go\src\github.com\SINTEF-9012\gosm (from $GOROOT)
	F:\MasterLab\go-ethereum\src\github.com\SINTEF-9012\gosm (from $GOPATH)

</failure>
  </testcase>
  <testcase name="NodeJS [testForkFunction]" classname="testForkFunction [General.Others]" time="0.001">
    <failure message="Cannot run compiler&apos;nodejs&apos; on the current platform" type="org.aiotml.testing.errors.AiotMLTestCaseCompilerError">org.aiotml.testing.errors.AiotMLTestCaseCompilerError: Cannot run compiler'nodejs' on the current platform
Caused by: org.aiotml.testing.errors.AiotMLExecutionError: 
node -v - Non-zero return value
[stdout]

[stderr]
'node' �����ڲ����ⲿ���Ҳ���ǿ����еĳ���
���������ļ���

</failure>
  </testcase>
  <testcase name="Java [testForkFunction]" classname="testForkFunction [General.Others]" time="0.001">
    <failure message="Cannot run compiler&apos;java&apos; on the current platform" type="org.aiotml.testing.errors.AiotMLTestCaseCompilerError">org.aiotml.testing.errors.AiotMLTestCaseCompilerError: Cannot run compiler'java' on the current platform
Caused by: org.aiotml.testing.errors.AiotMLExecutionError: 
mvn -v - Non-zero return value
[stdout]

[stderr]
'mvn' �����ڲ����ⲿ���Ҳ���ǿ����еĳ���
���������ļ���

</failure>
  </testcase>
  <testcase name="Posix [testForkFunction]" classname="testForkFunction [General.Others]" time="0">
    <failure message="Cannot run compiler&apos;posix&apos; on the current platform" type="org.aiotml.testing.errors.AiotMLTestCaseCompilerError">org.aiotml.testing.errors.AiotMLTestCaseCompilerError: Cannot run compiler'posix' on the current platform
Caused by: org.aiotml.testing.errors.AiotMLExecutionError: 
make -v - Non-zero return value
[stdout]

[stderr]
'make' �����ڲ����ⲿ���Ҳ���ǿ����еĳ���
���������ļ���

</failure>
  </testcase>
  <testcase name="PosixMT [testForkFunction]" classname="testForkFunction [General.Others]" time="0.001">
    <failure message="Cannot run compiler&apos;posixmt&apos; on the current platform" type="org.aiotml.testing.errors.AiotMLTestCaseCompilerError">org.aiotml.testing.errors.AiotMLTestCaseCompilerError: Cannot run compiler'posixmt' on the current platform
Caused by: org.aiotml.testing.errors.AiotMLExecutionError: 
make -v - Non-zero return value
[stdout]

[stderr]
'make' �����ڲ����ⲿ���Ҳ���ǿ����еĳ���
���������ļ���

</failure>
  </testcase>
  <testcase name="Go [testEnumeration2]" classname="testEnumeration2 [General.Others]" time="0.181">
    <failure message="Test execution - Non-zero return value&#10;[stdout]&#10;&#10;[stderr]&#10;testconfiguration_generated.go:4:2: cannot find package &quot;github.com/SINTEF-9012/gosm&quot; in any of:&#10;	D:\Go\src\github.com\SINTEF-9012\gosm (from $GOROOT)&#10;	F:\MasterLab\go-ethereum\src\github.com\SINTEF-9012\gosm (from $GOPATH)&#10;" type="org.aiotml.testing.errors.AiotMLExecutionError">org.aiotml.testing.errors.AiotMLExecutionError: 
Test execution - Non-zero return value
[stdout]

[stderr]
testconfiguration_generated.go:4:2: cannot find package "github.com/SINTEF-9012/gosm" in any of:
	D:\Go\src\github.com\SINTEF-9012\gosm (from $GOROOT)
	F:\MasterLab\go-ethereum\src\github.com\SINTEF-9012\gosm (from $GOPATH)

</failure>
  </testcase>
  <testcase name="NodeJS [testEnumeration3]" classname="testEnumeration3 [General.Others]" time="0.117">
    <failure message="Cannot run compiler&apos;nodejs&apos; on the current platform" type="org.aiotml.testing.errors.AiotMLTestCaseCompilerError">org.aiotml.testing.errors.AiotMLTestCaseCompilerError: Cannot run compiler'nodejs' on the current platform
Caused by: org.aiotml.testing.errors.AiotMLExecutionError: 
node -v - Non-zero return value
[stdout]

[stderr]
'node' �����ڲ����ⲿ���Ҳ���ǿ����еĳ���
���������ļ���

</failure>
  </testcase>
  <testcase name="Java [testEnumeration3]" classname="testEnumeration3 [General.Others]" time="0">
    <failure message="Cannot run compiler&apos;java&apos; on the current platform" type="org.aiotml.testing.errors.AiotMLTestCaseCompilerError">org.aiotml.testing.errors.AiotMLTestCaseCompilerError: Cannot run compiler'java' on the current platform
Caused by: org.aiotml.testing.errors.AiotMLExecutionError: 
mvn -v - Non-zero return value
[stdout]

[stderr]
'mvn' �����ڲ����ⲿ���Ҳ���ǿ����еĳ���
���������ļ���

</failure>
  </testcase>
  <testcase name="Posix [testEnumeration3]" classname="testEnumeration3 [General.Others]" time="0">
    <failure message="Cannot run compiler&apos;posix&apos; on the current platform" type="org.aiotml.testing.errors.AiotMLTestCaseCompilerError">org.aiotml.testing.errors.AiotMLTestCaseCompilerError: Cannot run compiler'posix' on the current platform
Caused by: org.aiotml.testing.errors.AiotMLExecutionError: 
make -v - Non-zero return value
[stdout]

[stderr]
'make' �����ڲ����ⲿ���Ҳ���ǿ����еĳ���
���������ļ���

</failure>
  </testcase>
  <testcase name="PosixMT [testEnumeration3]" classname="testEnumeration3 [General.Others]" time="0.001">
    <failure message="Cannot run compiler&apos;posixmt&apos; on the current platform" type="org.aiotml.testing.errors.AiotMLTestCaseCompilerError">org.aiotml.testing.errors.AiotMLTestCaseCompilerError: Cannot run compiler'posixmt' on the current platform
Caused by: org.aiotml.testing.errors.AiotMLExecutionError: 
make -v - Non-zero return value
[stdout]

[stderr]
'make' �����ڲ����ⲿ���Ҳ���ǿ����еĳ���
���������ļ���

</failure>
  </testcase>
  <testcase name="Go [testEnumeration]" classname="testEnumeration [General.Others]" time="0.477">
    <failure message="Test execution - Non-zero return value&#10;[stdout]&#10;&#10;[stderr]&#10;testconfiguration_generated.go:4:2: cannot find package &quot;github.com/SINTEF-9012/gosm&quot; in any of:&#10;	D:\Go\src\github.com\SINTEF-9012\gosm (from $GOROOT)&#10;	F:\MasterLab\go-ethereum\src\github.com\SINTEF-9012\gosm (from $GOPATH)&#10;" type="org.aiotml.testing.errors.AiotMLExecutionError">org.aiotml.testing.errors.AiotMLExecutionError: 
Test execution - Non-zero return value
[stdout]

[stderr]
testconfiguration_generated.go:4:2: cannot find package "github.com/SINTEF-9012/gosm" in any of:
	D:\Go\src\github.com\SINTEF-9012\gosm (from $GOROOT)
	F:\MasterLab\go-ethereum\src\github.com\SINTEF-9012\gosm (from $GOPATH)

</failure>
  </testcase>
  <testcase name="NodeJS [testHello]" classname="testHello [General.Others]" time="0.001">
    <failure message="Cannot run compiler&apos;nodejs&apos; on the current platform" type="org.aiotml.testing.errors.AiotMLTestCaseCompilerError">org.aiotml.testing.errors.AiotMLTestCaseCompilerError: Cannot run compiler'nodejs' on the current platform
Caused by: org.aiotml.testing.errors.AiotMLExecutionError: 
node -v - Non-zero return value
[stdout]

[stderr]
'node' �����ڲ����ⲿ���Ҳ���ǿ����еĳ���
���������ļ���

</failure>
  </testcase>
  <testcase name="Java [testHello]" classname="testHello [General.Others]" time="0.001">
    <failure message="Cannot run compiler&apos;java&apos; on the current platform" type="org.aiotml.testing.errors.AiotMLTestCaseCompilerError">org.aiotml.testing.errors.AiotMLTestCaseCompilerError: Cannot run compiler'java' on the current platform
Caused by: org.aiotml.testing.errors.AiotMLExecutionError: 
mvn -v - Non-zero return value
[stdout]

[stderr]
'mvn' �����ڲ����ⲿ���Ҳ���ǿ����еĳ���
���������ļ���

</failure>
  </testcase>
  <testcase name="Posix [testHello]" classname="testHello [General.Others]" time="0.002">
    <failure message="Cannot run compiler&apos;posix&apos; on the current platform" type="org.aiotml.testing.errors.AiotMLTestCaseCompilerError">org.aiotml.testing.errors.AiotMLTestCaseCompilerError: Cannot run compiler'posix' on the current platform
Caused by: org.aiotml.testing.errors.AiotMLExecutionError: 
make -v - Non-zero return value
[stdout]

[stderr]
'make' �����ڲ����ⲿ���Ҳ���ǿ����еĳ���
���������ļ���

</failure>
  </testcase>
  <testcase name="PosixMT [testHello]" classname="testHello [General.Others]" time="0.001">
    <failure message="Cannot run compiler&apos;posixmt&apos; on the current platform" type="org.aiotml.testing.errors.AiotMLTestCaseCompilerError">org.aiotml.testing.errors.AiotMLTestCaseCompilerError: Cannot run compiler'posixmt' on the current platform
Caused by: org.aiotml.testing.errors.AiotMLExecutionError: 
make -v - Non-zero return value
[stdout]

[stderr]
'make' �����ڲ����ⲿ���Ҳ���ǿ����еĳ���
���������ļ���

</failure>
  </testcase>
  <testcase name="Go [testForkFunction]" classname="testForkFunction [General.Others]" time="0.049">
    <failure message="Test execution - Non-zero return value&#10;[stdout]&#10;&#10;[stderr]&#10;testconfiguration_generated.go:4:2: cannot find package &quot;github.com/SINTEF-9012/gosm&quot; in any of:&#10;	D:\Go\src\github.com\SINTEF-9012\gosm (from $GOROOT)&#10;	F:\MasterLab\go-ethereum\src\github.com\SINTEF-9012\gosm (from $GOPATH)&#10;" type="org.aiotml.testing.errors.AiotMLExecutionError">org.aiotml.testing.errors.AiotMLExecutionError: 
Test execution - Non-zero return value
[stdout]

[stderr]
testconfiguration_generated.go:4:2: cannot find package "github.com/SINTEF-9012/gosm" in any of:
	D:\Go\src\github.com\SINTEF-9012\gosm (from $GOROOT)
	F:\MasterLab\go-ethereum\src\github.com\SINTEF-9012\gosm (from $GOPATH)

</failure>
  </testcase>
  <testcase name="NodeJS [testFunction]" classname="testFunction [General.Others]" time="0.002">
    <failure message="Cannot run compiler&apos;nodejs&apos; on the current platform" type="org.aiotml.testing.errors.AiotMLTestCaseCompilerError">org.aiotml.testing.errors.AiotMLTestCaseCompilerError: Cannot run compiler'nodejs' on the current platform
Caused by: org.aiotml.testing.errors.AiotMLExecutionError: 
node -v - Non-zero return value
[stdout]

[stderr]
'node' �����ڲ����ⲿ���Ҳ���ǿ����еĳ���
���������ļ���

</failure>
  </testcase>
  <testcase name="Java [testFunction]" classname="testFunction [General.Others]" time="0.001">
    <failure message="Cannot run compiler&apos;java&apos; on the current platform" type="org.aiotml.testing.errors.AiotMLTestCaseCompilerError">org.aiotml.testing.errors.AiotMLTestCaseCompilerError: Cannot run compiler'java' on the current platform
Caused by: org.aiotml.testing.errors.AiotMLExecutionError: 
mvn -v - Non-zero return value
[stdout]

[stderr]
'mvn' �����ڲ����ⲿ���Ҳ���ǿ����еĳ���
���������ļ���

</failure>
  </testcase>
  <testcase name="Posix [testFunction]" classname="testFunction [General.Others]" time="0.002">
    <failure message="Cannot run compiler&apos;posix&apos; on the current platform" type="org.aiotml.testing.errors.AiotMLTestCaseCompilerError">org.aiotml.testing.errors.AiotMLTestCaseCompilerError: Cannot run compiler'posix' on the current platform
Caused by: org.aiotml.testing.errors.AiotMLExecutionError: 
make -v - Non-zero return value
[stdout]

[stderr]
'make' �����ڲ����ⲿ���Ҳ���ǿ����еĳ���
���������ļ���

</failure>
  </testcase>
  <testcase name="PosixMT [testFunction]" classname="testFunction [General.Others]" time="0.001">
    <failure message="Cannot run compiler&apos;posixmt&apos; on the current platform" type="org.aiotml.testing.errors.AiotMLTestCaseCompilerError">org.aiotml.testing.errors.AiotMLTestCaseCompilerError: Cannot run compiler'posixmt' on the current platform
Caused by: org.aiotml.testing.errors.AiotMLExecutionError: 
make -v - Non-zero return value
[stdout]

[stderr]
'make' �����ڲ����ⲿ���Ҳ���ǿ����еĳ���
���������ļ���

</failure>
  </testcase>
  <testcase name="Go [testEnumeration3]" classname="testEnumeration3 [General.Others]" time="0.254">
    <failure message="Test execution - Non-zero return value&#10;[stdout]&#10;&#10;[stderr]&#10;testconfiguration_generated.go:4:2: cannot find package &quot;github.com/SINTEF-9012/gosm&quot; in any of:&#10;	D:\Go\src\github.com\SINTEF-9012\gosm (from $GOROOT)&#10;	F:\MasterLab\go-ethereum\src\github.com\SINTEF-9012\gosm (from $GOPATH)&#10;" type="org.aiotml.testing.errors.AiotMLExecutionError">org.aiotml.testing.errors.AiotMLExecutionError: 
Test execution - Non-zero return value
[stdout]

[stderr]
testconfiguration_generated.go:4:2: cannot find package "github.com/SINTEF-9012/gosm" in any of:
	D:\Go\src\github.com\SINTEF-9012\gosm (from $GOROOT)
	F:\MasterLab\go-ethereum\src\github.com\SINTEF-9012\gosm (from $GOPATH)

</failure>
  </testcase>
  <testcase name="NodeJS [testIncrement]" classname="testIncrement [General.Others]" time="0.012">
    <failure message="Cannot run compiler&apos;nodejs&apos; on the current platform" type="org.aiotml.testing.errors.AiotMLTestCaseCompilerError">org.aiotml.testing.errors.AiotMLTestCaseCompilerError: Cannot run compiler'nodejs' on the current platform
Caused by: org.aiotml.testing.errors.AiotMLExecutionError: 
node -v - Non-zero return value
[stdout]

[stderr]
'node' �����ڲ����ⲿ���Ҳ���ǿ����еĳ���
���������ļ���

</failure>
  </testcase>
  <testcase name="Java [testIncrement]" classname="testIncrement [General.Others]" time="0.101">
    <failure message="Cannot run compiler&apos;java&apos; on the current platform" type="org.aiotml.testing.errors.AiotMLTestCaseCompilerError">org.aiotml.testing.errors.AiotMLTestCaseCompilerError: Cannot run compiler'java' on the current platform
Caused by: org.aiotml.testing.errors.AiotMLExecutionError: 
mvn -v - Non-zero return value
[stdout]

[stderr]
'mvn' �����ڲ����ⲿ���Ҳ���ǿ����еĳ���
���������ļ���

</failure>
  </testcase>
  <testcase name="Posix [testIncrement]" classname="testIncrement [General.Others]" time="0">
    <failure message="Cannot run compiler&apos;posix&apos; on the current platform" type="org.aiotml.testing.errors.AiotMLTestCaseCompilerError">org.aiotml.testing.errors.AiotMLTestCaseCompilerError: Cannot run compiler'posix' on the current platform
Caused by: org.aiotml.testing.errors.AiotMLExecutionError: 
make -v - Non-zero return value
[stdout]

[stderr]
'make' �����ڲ����ⲿ���Ҳ���ǿ����еĳ���
���������ļ���

</failure>
  </testcase>
  <testcase name="PosixMT [testIncrement]" classname="testIncrement [General.Others]" time="0">
    <failure message="Cannot run compiler&apos;posixmt&apos; on the current platform" type="org.aiotml.testing.errors.AiotMLTestCaseCompilerError">org.aiotml.testing.errors.AiotMLTestCaseCompilerError: Cannot run compiler'posixmt' on the current platform
Caused by: org.aiotml.testing.errors.AiotMLExecutionError: 
make -v - Non-zero return value
[stdout]

[stderr]
'make' �����ڲ����ⲿ���Ҳ���ǿ����еĳ���
���������ļ���

</failure>
  </testcase>
  <testcase name="Go [testHello]" classname="testHello [General.Others]" time="0.421">
    <failure message="Test execution - Non-zero return value&#10;[stdout]&#10;&#10;[stderr]&#10;testconfiguration_generated.go:4:2: cannot find package &quot;github.com/SINTEF-9012/gosm&quot; in any of:&#10;	D:\Go\src\github.com\SINTEF-9012\gosm (from $GOROOT)&#10;	F:\MasterLab\go-ethereum\src\github.com\SINTEF-9012\gosm (from $GOPATH)&#10;" type="org.aiotml.testing.errors.AiotMLExecutionError">org.aiotml.testing.errors.AiotMLExecutionError: 
Test execution - Non-zero return value
[stdout]

[stderr]
testconfiguration_generated.go:4:2: cannot find package "github.com/SINTEF-9012/gosm" in any of:
	D:\Go\src\github.com\SINTEF-9012\gosm (from $GOROOT)
	F:\MasterLab\go-ethereum\src\github.com\SINTEF-9012\gosm (from $GOPATH)

</failure>
  </testcase>
  <testcase name="NodeJS [testIfElse]" classname="testIfElse [General.Others]" time="0.001">
    <failure message="Cannot run compiler&apos;nodejs&apos; on the current platform" type="org.aiotml.testing.errors.AiotMLTestCaseCompilerError">org.aiotml.testing.errors.AiotMLTestCaseCompilerError: Cannot run compiler'nodejs' on the current platform
Caused by: org.aiotml.testing.errors.AiotMLExecutionError: 
node -v - Non-zero return value
[stdout]

[stderr]
'node' �����ڲ����ⲿ���Ҳ���ǿ����еĳ���
���������ļ���

</failure>
  </testcase>
  <testcase name="Java [testIfElse]" classname="testIfElse [General.Others]" time="0.001">
    <failure message="Cannot run compiler&apos;java&apos; on the current platform" type="org.aiotml.testing.errors.AiotMLTestCaseCompilerError">org.aiotml.testing.errors.AiotMLTestCaseCompilerError: Cannot run compiler'java' on the current platform
Caused by: org.aiotml.testing.errors.AiotMLExecutionError: 
mvn -v - Non-zero return value
[stdout]

[stderr]
'mvn' �����ڲ����ⲿ���Ҳ���ǿ����еĳ���
���������ļ���

</failure>
  </testcase>
  <testcase name="Posix [testIfElse]" classname="testIfElse [General.Others]" time="0.001">
    <failure message="Cannot run compiler&apos;posix&apos; on the current platform" type="org.aiotml.testing.errors.AiotMLTestCaseCompilerError">org.aiotml.testing.errors.AiotMLTestCaseCompilerError: Cannot run compiler'posix' on the current platform
Caused by: org.aiotml.testing.errors.AiotMLExecutionError: 
make -v - Non-zero return value
[stdout]

[stderr]
'make' �����ڲ����ⲿ���Ҳ���ǿ����еĳ���
���������ļ���

</failure>
  </testcase>
  <testcase name="PosixMT [testIfElse]" classname="testIfElse [General.Others]" time="0.001">
    <failure message="Cannot run compiler&apos;posixmt&apos; on the current platform" type="org.aiotml.testing.errors.AiotMLTestCaseCompilerError">org.aiotml.testing.errors.AiotMLTestCaseCompilerError: Cannot run compiler'posixmt' on the current platform
Caused by: org.aiotml.testing.errors.AiotMLExecutionError: 
make -v - Non-zero return value
[stdout]

[stderr]
'make' �����ڲ����ⲿ���Ҳ���ǿ����еĳ���
���������ļ���

</failure>
  </testcase>
  <testcase name="Go [testFunction]" classname="testFunction [General.Others]" time="0.084">
    <failure message="Test execution - Non-zero return value&#10;[stdout]&#10;&#10;[stderr]&#10;testconfiguration_generated.go:4:2: cannot find package &quot;github.com/SINTEF-9012/gosm&quot; in any of:&#10;	D:\Go\src\github.com\SINTEF-9012\gosm (from $GOROOT)&#10;	F:\MasterLab\go-ethereum\src\github.com\SINTEF-9012\gosm (from $GOPATH)&#10;" type="org.aiotml.testing.errors.AiotMLExecutionError">org.aiotml.testing.errors.AiotMLExecutionError: 
Test execution - Non-zero return value
[stdout]

[stderr]
testconfiguration_generated.go:4:2: cannot find package "github.com/SINTEF-9012/gosm" in any of:
	D:\Go\src\github.com\SINTEF-9012\gosm (from $GOROOT)
	F:\MasterLab\go-ethereum\src\github.com\SINTEF-9012\gosm (from $GOPATH)

</failure>
  </testcase>
  <testcase name="NodeJS [testInstanceInitializationMessages]" classname="testInstanceInitializationMessages [General.Others]" time="0.002">
    <failure message="Cannot run compiler&apos;nodejs&apos; on the current platform" type="org.aiotml.testing.errors.AiotMLTestCaseCompilerError">org.aiotml.testing.errors.AiotMLTestCaseCompilerError: Cannot run compiler'nodejs' on the current platform
Caused by: org.aiotml.testing.errors.AiotMLExecutionError: 
node -v - Non-zero return value
[stdout]

[stderr]
'node' �����ڲ����ⲿ���Ҳ���ǿ����еĳ���
���������ļ���

</failure>
  </testcase>
  <testcase name="Java [testInstanceInitializationMessages]" classname="testInstanceInitializationMessages [General.Others]" time="0.002">
    <failure message="Cannot run compiler&apos;java&apos; on the current platform" type="org.aiotml.testing.errors.AiotMLTestCaseCompilerError">org.aiotml.testing.errors.AiotMLTestCaseCompilerError: Cannot run compiler'java' on the current platform
Caused by: org.aiotml.testing.errors.AiotMLExecutionError: 
mvn -v - Non-zero return value
[stdout]

[stderr]
'mvn' �����ڲ����ⲿ���Ҳ���ǿ����еĳ���
���������ļ���

</failure>
  </testcase>
  <testcase name="Posix [testInstanceInitializationMessages]" classname="testInstanceInitializationMessages [General.Others]" time="0.001">
    <failure message="Cannot run compiler&apos;posix&apos; on the current platform" type="org.aiotml.testing.errors.AiotMLTestCaseCompilerError">org.aiotml.testing.errors.AiotMLTestCaseCompilerError: Cannot run compiler'posix' on the current platform
Caused by: org.aiotml.testing.errors.AiotMLExecutionError: 
make -v - Non-zero return value
[stdout]

[stderr]
'make' �����ڲ����ⲿ���Ҳ���ǿ����еĳ���
���������ļ���

</failure>
  </testcase>
  <testcase name="PosixMT [testInstanceInitializationMessages]" classname="testInstanceInitializationMessages [General.Others]" time="0.001">
    <failure message="Cannot run compiler&apos;posixmt&apos; on the current platform" type="org.aiotml.testing.errors.AiotMLTestCaseCompilerError">org.aiotml.testing.errors.AiotMLTestCaseCompilerError: Cannot run compiler'posixmt' on the current platform
Caused by: org.aiotml.testing.errors.AiotMLExecutionError: 
make -v - Non-zero return value
[stdout]

[stderr]
'make' �����ڲ����ⲿ���Ҳ���ǿ����еĳ���
���������ļ���

</failure>
  </testcase>
  <testcase name="Go [testIncrement]" classname="testIncrement [General.Others]" time="0.207">
    <failure message="Test execution - Non-zero return value&#10;[stdout]&#10;&#10;[stderr]&#10;testconfiguration_generated.go:4:2: cannot find package &quot;github.com/SINTEF-9012/gosm&quot; in any of:&#10;	D:\Go\src\github.com\SINTEF-9012\gosm (from $GOROOT)&#10;	F:\MasterLab\go-ethereum\src\github.com\SINTEF-9012\gosm (from $GOPATH)&#10;" type="org.aiotml.testing.errors.AiotMLExecutionError">org.aiotml.testing.errors.AiotMLExecutionError: 
Test execution - Non-zero return value
[stdout]

[stderr]
testconfiguration_generated.go:4:2: cannot find package "github.com/SINTEF-9012/gosm" in any of:
	D:\Go\src\github.com\SINTEF-9012\gosm (from $GOROOT)
	F:\MasterLab\go-ethereum\src\github.com\SINTEF-9012\gosm (from $GOPATH)

</failure>
  </testcase>
  <testcase name="NodeJS [testInit]" classname="testInit [General.Others]" time="0.064">
    <failure message="Cannot run compiler&apos;nodejs&apos; on the current platform" type="org.aiotml.testing.errors.AiotMLTestCaseCompilerError">org.aiotml.testing.errors.AiotMLTestCaseCompilerError: Cannot run compiler'nodejs' on the current platform
Caused by: org.aiotml.testing.errors.AiotMLExecutionError: 
node -v - Non-zero return value
[stdout]

[stderr]
'node' �����ڲ����ⲿ���Ҳ���ǿ����еĳ���
���������ļ���

</failure>
  </testcase>
  <testcase name="Java [testInit]" classname="testInit [General.Others]" time="0.001">
    <failure message="Cannot run compiler&apos;java&apos; on the current platform" type="org.aiotml.testing.errors.AiotMLTestCaseCompilerError">org.aiotml.testing.errors.AiotMLTestCaseCompilerError: Cannot run compiler'java' on the current platform
Caused by: org.aiotml.testing.errors.AiotMLExecutionError: 
mvn -v - Non-zero return value
[stdout]

[stderr]
'mvn' �����ڲ����ⲿ���Ҳ���ǿ����еĳ���
���������ļ���

</failure>
  </testcase>
  <testcase name="Posix [testInit]" classname="testInit [General.Others]" time="0">
    <failure message="Cannot run compiler&apos;posix&apos; on the current platform" type="org.aiotml.testing.errors.AiotMLTestCaseCompilerError">org.aiotml.testing.errors.AiotMLTestCaseCompilerError: Cannot run compiler'posix' on the current platform
Caused by: org.aiotml.testing.errors.AiotMLExecutionError: 
make -v - Non-zero return value
[stdout]

[stderr]
'make' �����ڲ����ⲿ���Ҳ���ǿ����еĳ���
���������ļ���

</failure>
  </testcase>
  <testcase name="PosixMT [testInit]" classname="testInit [General.Others]" time="0.001">
    <failure message="Cannot run compiler&apos;posixmt&apos; on the current platform" type="org.aiotml.testing.errors.AiotMLTestCaseCompilerError">org.aiotml.testing.errors.AiotMLTestCaseCompilerError: Cannot run compiler'posixmt' on the current platform
Caused by: org.aiotml.testing.errors.AiotMLExecutionError: 
make -v - Non-zero return value
[stdout]

[stderr]
'make' �����ڲ����ⲿ���Ҳ���ǿ����еĳ���
���������ļ���

</failure>
  </testcase>
  <testcase name="Go [testIfElse]" classname="testIfElse [General.Others]" time="0.496">
    <failure message="Test execution - Non-zero return value&#10;[stdout]&#10;&#10;[stderr]&#10;testconfiguration_generated.go:4:2: cannot find package &quot;github.com/SINTEF-9012/gosm&quot; in any of:&#10;	D:\Go\src\github.com\SINTEF-9012\gosm (from $GOROOT)&#10;	F:\MasterLab\go-ethereum\src\github.com\SINTEF-9012\gosm (from $GOPATH)&#10;" type="org.aiotml.testing.errors.AiotMLExecutionError">org.aiotml.testing.errors.AiotMLExecutionError: 
Test execution - Non-zero return value
[stdout]

[stderr]
testconfiguration_generated.go:4:2: cannot find package "github.com/SINTEF-9012/gosm" in any of:
	D:\Go\src\github.com\SINTEF-9012\gosm (from $GOROOT)
	F:\MasterLab\go-ethereum\src\github.com\SINTEF-9012\gosm (from $GOPATH)

</failure>
  </testcase>
  <testcase name="NodeJS [testInternalPort]" classname="testInternalPort [General.Others]" time="0.001">
    <failure message="Cannot run compiler&apos;nodejs&apos; on the current platform" type="org.aiotml.testing.errors.AiotMLTestCaseCompilerError">org.aiotml.testing.errors.AiotMLTestCaseCompilerError: Cannot run compiler'nodejs' on the current platform
Caused by: org.aiotml.testing.errors.AiotMLExecutionError: 
node -v - Non-zero return value
[stdout]

[stderr]
'node' �����ڲ����ⲿ���Ҳ���ǿ����еĳ���
���������ļ���

</failure>
  </testcase>
  <testcase name="Java [testInternalPort]" classname="testInternalPort [General.Others]" time="0.001">
    <failure message="Cannot run compiler&apos;java&apos; on the current platform" type="org.aiotml.testing.errors.AiotMLTestCaseCompilerError">org.aiotml.testing.errors.AiotMLTestCaseCompilerError: Cannot run compiler'java' on the current platform
Caused by: org.aiotml.testing.errors.AiotMLExecutionError: 
mvn -v - Non-zero return value
[stdout]

[stderr]
'mvn' �����ڲ����ⲿ���Ҳ���ǿ����еĳ���
���������ļ���

</failure>
  </testcase>
  <testcase name="Posix [testInternalPort]" classname="testInternalPort [General.Others]" time="0.001">
    <failure message="Cannot run compiler&apos;posix&apos; on the current platform" type="org.aiotml.testing.errors.AiotMLTestCaseCompilerError">org.aiotml.testing.errors.AiotMLTestCaseCompilerError: Cannot run compiler'posix' on the current platform
Caused by: org.aiotml.testing.errors.AiotMLExecutionError: 
make -v - Non-zero return value
[stdout]

[stderr]
'make' �����ڲ����ⲿ���Ҳ���ǿ����еĳ���
���������ļ���

</failure>
  </testcase>
  <testcase name="PosixMT [testInternalPort]" classname="testInternalPort [General.Others]" time="0">
    <failure message="Cannot run compiler&apos;posixmt&apos; on the current platform" type="org.aiotml.testing.errors.AiotMLTestCaseCompilerError">org.aiotml.testing.errors.AiotMLTestCaseCompilerError: Cannot run compiler'posixmt' on the current platform
Caused by: org.aiotml.testing.errors.AiotMLExecutionError: 
make -v - Non-zero return value
[stdout]

[stderr]
'make' �����ڲ����ⲿ���Ҳ���ǿ����еĳ���
���������ļ���

</failure>
  </testcase>
  <testcase name="Go [testInstanceInitializationMessages]" classname="testInstanceInitializationMessages [General.Others]" time="0.117">
    <failure message="Test execution - Non-zero return value&#10;[stdout]&#10;&#10;[stderr]&#10;testconfiguration_generated.go:4:2: cannot find package &quot;github.com/SINTEF-9012/gosm&quot; in any of:&#10;	D:\Go\src\github.com\SINTEF-9012\gosm (from $GOROOT)&#10;	F:\MasterLab\go-ethereum\src\github.com\SINTEF-9012\gosm (from $GOPATH)&#10;" type="org.aiotml.testing.errors.AiotMLExecutionError">org.aiotml.testing.errors.AiotMLExecutionError: 
Test execution - Non-zero return value
[stdout]

[stderr]
testconfiguration_generated.go:4:2: cannot find package "github.com/SINTEF-9012/gosm" in any of:
	D:\Go\src\github.com\SINTEF-9012\gosm (from $GOROOT)
	F:\MasterLab\go-ethereum\src\github.com\SINTEF-9012\gosm (from $GOPATH)

</failure>
  </testcase>
  <testcase name="NodeJS [testInstanceInitializationMessages2]" classname="testInstanceInitializationMessages2 [General.Others]" time="0.002">
    <failure message="Cannot run compiler&apos;nodejs&apos; on the current platform" type="org.aiotml.testing.errors.AiotMLTestCaseCompilerError">org.aiotml.testing.errors.AiotMLTestCaseCompilerError: Cannot run compiler'nodejs' on the current platform
Caused by: org.aiotml.testing.errors.AiotMLExecutionError: 
node -v - Non-zero return value
[stdout]

[stderr]
'node' �����ڲ����ⲿ���Ҳ���ǿ����еĳ���
���������ļ���

</failure>
  </testcase>
  <testcase name="Java [testInstanceInitializationMessages2]" classname="testInstanceInitializationMessages2 [General.Others]" time="0.001">
    <failure message="Cannot run compiler&apos;java&apos; on the current platform" type="org.aiotml.testing.errors.AiotMLTestCaseCompilerError">org.aiotml.testing.errors.AiotMLTestCaseCompilerError: Cannot run compiler'java' on the current platform
Caused by: org.aiotml.testing.errors.AiotMLExecutionError: 
mvn -v - Non-zero return value
[stdout]

[stderr]
'mvn' �����ڲ����ⲿ���Ҳ���ǿ����еĳ���
���������ļ���

</failure>
  </testcase>
  <testcase name="Posix [testInstanceInitializationMessages2]" classname="testInstanceInitializationMessages2 [General.Others]" time="0.001">
    <failure message="Cannot run compiler&apos;posix&apos; on the current platform" type="org.aiotml.testing.errors.AiotMLTestCaseCompilerError">org.aiotml.testing.errors.AiotMLTestCaseCompilerError: Cannot run compiler'posix' on the current platform
Caused by: org.aiotml.testing.errors.AiotMLExecutionError: 
make -v - Non-zero return value
[stdout]

[stderr]
'make' �����ڲ����ⲿ���Ҳ���ǿ����еĳ���
���������ļ���

</failure>
  </testcase>
  <testcase name="PosixMT [testInstanceInitializationMessages2]" classname="testInstanceInitializationMessages2 [General.Others]" time="0">
    <failure message="Cannot run compiler&apos;posixmt&apos; on the current platform" type="org.aiotml.testing.errors.AiotMLTestCaseCompilerError">org.aiotml.testing.errors.AiotMLTestCaseCompilerError: Cannot run compiler'posixmt' on the current platform
Caused by: org.aiotml.testing.errors.AiotMLExecutionError: 
make -v - Non-zero return value
[stdout]

[stderr]
'make' �����ڲ����ⲿ���Ҳ���ǿ����еĳ���
���������ļ���

</failure>
  </testcase>
  <testcase name="Go [testInit]" classname="testInit [General.Others]" time="0.115">
    <failure message="Test execution - Non-zero return value&#10;[stdout]&#10;&#10;[stderr]&#10;testconfiguration_generated.go:4:2: cannot find package &quot;github.com/SINTEF-9012/gosm&quot; in any of:&#10;	D:\Go\src\github.com\SINTEF-9012\gosm (from $GOROOT)&#10;	F:\MasterLab\go-ethereum\src\github.com\SINTEF-9012\gosm (from $GOPATH)&#10;" type="org.aiotml.testing.errors.AiotMLExecutionError">org.aiotml.testing.errors.AiotMLExecutionError: 
Test execution - Non-zero return value
[stdout]

[stderr]
testconfiguration_generated.go:4:2: cannot find package "github.com/SINTEF-9012/gosm" in any of:
	D:\Go\src\github.com\SINTEF-9012\gosm (from $GOROOT)
	F:\MasterLab\go-ethereum\src\github.com\SINTEF-9012\gosm (from $GOPATH)

</failure>
  </testcase>
  <testcase name="NodeJS [testMaskProperty]" classname="testMaskProperty [General.Others]" time="0.156">
    <failure message="Cannot run compiler&apos;nodejs&apos; on the current platform" type="org.aiotml.testing.errors.AiotMLTestCaseCompilerError">org.aiotml.testing.errors.AiotMLTestCaseCompilerError: Cannot run compiler'nodejs' on the current platform
Caused by: org.aiotml.testing.errors.AiotMLExecutionError: 
node -v - Non-zero return value
[stdout]

[stderr]
'node' �����ڲ����ⲿ���Ҳ���ǿ����еĳ���
���������ļ���

</failure>
  </testcase>
  <testcase name="Java [testMaskProperty]" classname="testMaskProperty [General.Others]" time="0.001">
    <failure message="Cannot run compiler&apos;java&apos; on the current platform" type="org.aiotml.testing.errors.AiotMLTestCaseCompilerError">org.aiotml.testing.errors.AiotMLTestCaseCompilerError: Cannot run compiler'java' on the current platform
Caused by: org.aiotml.testing.errors.AiotMLExecutionError: 
mvn -v - Non-zero return value
[stdout]

[stderr]
'mvn' �����ڲ����ⲿ���Ҳ���ǿ����еĳ���
���������ļ���

</failure>
  </testcase>
  <testcase name="Posix [testMaskProperty]" classname="testMaskProperty [General.Others]" time="0.001">
    <failure message="Cannot run compiler&apos;posix&apos; on the current platform" type="org.aiotml.testing.errors.AiotMLTestCaseCompilerError">org.aiotml.testing.errors.AiotMLTestCaseCompilerError: Cannot run compiler'posix' on the current platform
Caused by: org.aiotml.testing.errors.AiotMLExecutionError: 
make -v - Non-zero return value
[stdout]

[stderr]
'make' �����ڲ����ⲿ���Ҳ���ǿ����еĳ���
���������ļ���

</failure>
  </testcase>
  <testcase name="PosixMT [testMaskProperty]" classname="testMaskProperty [General.Others]" time="0.001">
    <failure message="Cannot run compiler&apos;posixmt&apos; on the current platform" type="org.aiotml.testing.errors.AiotMLTestCaseCompilerError">org.aiotml.testing.errors.AiotMLTestCaseCompilerError: Cannot run compiler'posixmt' on the current platform
Caused by: org.aiotml.testing.errors.AiotMLExecutionError: 
make -v - Non-zero return value
[stdout]

[stderr]
'make' �����ڲ����ⲿ���Ҳ���ǿ����еĳ���
���������ļ���

</failure>
  </testcase>
  <testcase name="Go [testInternalPort]" classname="testInternalPort [General.Others]" time="0.394">
    <failure message="Test execution - Non-zero return value&#10;[stdout]&#10;&#10;[stderr]&#10;testconfiguration_generated.go:4:2: cannot find package &quot;github.com/SINTEF-9012/gosm&quot; in any of:&#10;	D:\Go\src\github.com\SINTEF-9012\gosm (from $GOROOT)&#10;	F:\MasterLab\go-ethereum\src\github.com\SINTEF-9012\gosm (from $GOPATH)&#10;" type="org.aiotml.testing.errors.AiotMLExecutionError">org.aiotml.testing.errors.AiotMLExecutionError: 
Test execution - Non-zero return value
[stdout]

[stderr]
testconfiguration_generated.go:4:2: cannot find package "github.com/SINTEF-9012/gosm" in any of:
	D:\Go\src\github.com\SINTEF-9012\gosm (from $GOROOT)
	F:\MasterLab\go-ethereum\src\github.com\SINTEF-9012\gosm (from $GOPATH)

</failure>
  </testcase>
  <testcase name="NodeJS [testInternalPort2]" classname="testInternalPort2 [General.Others]" time="0.002">
    <failure message="Cannot run compiler&apos;nodejs&apos; on the current platform" type="org.aiotml.testing.errors.AiotMLTestCaseCompilerError">org.aiotml.testing.errors.AiotMLTestCaseCompilerError: Cannot run compiler'nodejs' on the current platform
Caused by: org.aiotml.testing.errors.AiotMLExecutionError: 
node -v - Non-zero return value
[stdout]

[stderr]
'node' �����ڲ����ⲿ���Ҳ���ǿ����еĳ���
���������ļ���

</failure>
  </testcase>
  <testcase name="Java [testInternalPort2]" classname="testInternalPort2 [General.Others]" time="0">
    <failure message="Cannot run compiler&apos;java&apos; on the current platform" type="org.aiotml.testing.errors.AiotMLTestCaseCompilerError">org.aiotml.testing.errors.AiotMLTestCaseCompilerError: Cannot run compiler'java' on the current platform
Caused by: org.aiotml.testing.errors.AiotMLExecutionError: 
mvn -v - Non-zero return value
[stdout]

[stderr]
'mvn' �����ڲ����ⲿ���Ҳ���ǿ����еĳ���
���������ļ���

</failure>
  </testcase>
  <testcase name="Posix [testInternalPort2]" classname="testInternalPort2 [General.Others]" time="0.001">
    <failure message="Cannot run compiler&apos;posix&apos; on the current platform" type="org.aiotml.testing.errors.AiotMLTestCaseCompilerError">org.aiotml.testing.errors.AiotMLTestCaseCompilerError: Cannot run compiler'posix' on the current platform
Caused by: org.aiotml.testing.errors.AiotMLExecutionError: 
make -v - Non-zero return value
[stdout]

[stderr]
'make' �����ڲ����ⲿ���Ҳ���ǿ����еĳ���
���������ļ���

</failure>
  </testcase>
  <testcase name="PosixMT [testInternalPort2]" classname="testInternalPort2 [General.Others]" time="0.001">
    <failure message="Cannot run compiler&apos;posixmt&apos; on the current platform" type="org.aiotml.testing.errors.AiotMLTestCaseCompilerError">org.aiotml.testing.errors.AiotMLTestCaseCompilerError: Cannot run compiler'posixmt' on the current platform
Caused by: org.aiotml.testing.errors.AiotMLExecutionError: 
make -v - Non-zero return value
[stdout]

[stderr]
'make' �����ڲ����ⲿ���Ҳ���ǿ����еĳ���
���������ļ���

</failure>
  </testcase>
  <testcase name="Go [testInstanceInitializationMessages2]" classname="testInstanceInitializationMessages2 [General.Others]" time="0.102">
    <failure message="Test execution - Non-zero return value&#10;[stdout]&#10;&#10;[stderr]&#10;testconfiguration_generated.go:4:2: cannot find package &quot;github.com/SINTEF-9012/gosm&quot; in any of:&#10;	D:\Go\src\github.com\SINTEF-9012\gosm (from $GOROOT)&#10;	F:\MasterLab\go-ethereum\src\github.com\SINTEF-9012\gosm (from $GOPATH)&#10;" type="org.aiotml.testing.errors.AiotMLExecutionError">org.aiotml.testing.errors.AiotMLExecutionError: 
Test execution - Non-zero return value
[stdout]

[stderr]
testconfiguration_generated.go:4:2: cannot find package "github.com/SINTEF-9012/gosm" in any of:
	D:\Go\src\github.com\SINTEF-9012\gosm (from $GOROOT)
	F:\MasterLab\go-ethereum\src\github.com\SINTEF-9012\gosm (from $GOPATH)

</failure>
  </testcase>
  <testcase name="NodeJS [testModulo]" classname="testModulo [General.Others]" time="0.001">
    <failure message="Cannot run compiler&apos;nodejs&apos; on the current platform" type="org.aiotml.testing.errors.AiotMLTestCaseCompilerError">org.aiotml.testing.errors.AiotMLTestCaseCompilerError: Cannot run compiler'nodejs' on the current platform
Caused by: org.aiotml.testing.errors.AiotMLExecutionError: 
node -v - Non-zero return value
[stdout]

[stderr]
'node' �����ڲ����ⲿ���Ҳ���ǿ����еĳ���
���������ļ���

</failure>
  </testcase>
  <testcase name="Java [testModulo]" classname="testModulo [General.Others]" time="0.001">
    <failure message="Cannot run compiler&apos;java&apos; on the current platform" type="org.aiotml.testing.errors.AiotMLTestCaseCompilerError">org.aiotml.testing.errors.AiotMLTestCaseCompilerError: Cannot run compiler'java' on the current platform
Caused by: org.aiotml.testing.errors.AiotMLExecutionError: 
mvn -v - Non-zero return value
[stdout]

[stderr]
'mvn' �����ڲ����ⲿ���Ҳ���ǿ����еĳ���
���������ļ���

</failure>
  </testcase>
  <testcase name="Posix [testModulo]" classname="testModulo [General.Others]" time="0.001">
    <failure message="Cannot run compiler&apos;posix&apos; on the current platform" type="org.aiotml.testing.errors.AiotMLTestCaseCompilerError">org.aiotml.testing.errors.AiotMLTestCaseCompilerError: Cannot run compiler'posix' on the current platform
Caused by: org.aiotml.testing.errors.AiotMLExecutionError: 
make -v - Non-zero return value
[stdout]

[stderr]
'make' �����ڲ����ⲿ���Ҳ���ǿ����еĳ���
���������ļ���

</failure>
  </testcase>
  <testcase name="PosixMT [testModulo]" classname="testModulo [General.Others]" time="0.001">
    <failure message="Cannot run compiler&apos;posixmt&apos; on the current platform" type="org.aiotml.testing.errors.AiotMLTestCaseCompilerError">org.aiotml.testing.errors.AiotMLTestCaseCompilerError: Cannot run compiler'posixmt' on the current platform
Caused by: org.aiotml.testing.errors.AiotMLExecutionError: 
make -v - Non-zero return value
[stdout]

[stderr]
'make' �����ڲ����ⲿ���Ҳ���ǿ����еĳ���
���������ļ���

</failure>
  </testcase>
  <testcase name="Go [testMaskProperty]" classname="testMaskProperty [General.Others]" time="0.204">
    <failure message="Test execution - Non-zero return value&#10;[stdout]&#10;&#10;[stderr]&#10;testconfiguration_generated.go:4:2: cannot find package &quot;github.com/SINTEF-9012/gosm&quot; in any of:&#10;	D:\Go\src\github.com\SINTEF-9012\gosm (from $GOROOT)&#10;	F:\MasterLab\go-ethereum\src\github.com\SINTEF-9012\gosm (from $GOPATH)&#10;" type="org.aiotml.testing.errors.AiotMLExecutionError">org.aiotml.testing.errors.AiotMLExecutionError: 
Test execution - Non-zero return value
[stdout]

[stderr]
testconfiguration_generated.go:4:2: cannot find package "github.com/SINTEF-9012/gosm" in any of:
	D:\Go\src\github.com\SINTEF-9012\gosm (from $GOROOT)
	F:\MasterLab\go-ethereum\src\github.com\SINTEF-9012\gosm (from $GOPATH)

</failure>
  </testcase>
  <testcase name="NodeJS [testMessageFunction]" classname="testMessageFunction [General.Others]" time="0.069">
    <failure message="Cannot run compiler&apos;nodejs&apos; on the current platform" type="org.aiotml.testing.errors.AiotMLTestCaseCompilerError">org.aiotml.testing.errors.AiotMLTestCaseCompilerError: Cannot run compiler'nodejs' on the current platform
Caused by: org.aiotml.testing.errors.AiotMLExecutionError: 
node -v - Non-zero return value
[stdout]

[stderr]
'node' �����ڲ����ⲿ���Ҳ���ǿ����еĳ���
���������ļ���

</failure>
  </testcase>
  <testcase name="Java [testMessageFunction]" classname="testMessageFunction [General.Others]" time="0.001">
    <failure message="Cannot run compiler&apos;java&apos; on the current platform" type="org.aiotml.testing.errors.AiotMLTestCaseCompilerError">org.aiotml.testing.errors.AiotMLTestCaseCompilerError: Cannot run compiler'java' on the current platform
Caused by: org.aiotml.testing.errors.AiotMLExecutionError: 
mvn -v - Non-zero return value
[stdout]

[stderr]
'mvn' �����ڲ����ⲿ���Ҳ���ǿ����еĳ���
���������ļ���

</failure>
  </testcase>
  <testcase name="Posix [testMessageFunction]" classname="testMessageFunction [General.Others]" time="0.001">
    <failure message="Cannot run compiler&apos;posix&apos; on the current platform" type="org.aiotml.testing.errors.AiotMLTestCaseCompilerError">org.aiotml.testing.errors.AiotMLTestCaseCompilerError: Cannot run compiler'posix' on the current platform
Caused by: org.aiotml.testing.errors.AiotMLExecutionError: 
make -v - Non-zero return value
[stdout]

[stderr]
'make' �����ڲ����ⲿ���Ҳ���ǿ����еĳ���
���������ļ���

</failure>
  </testcase>
  <testcase name="PosixMT [testMessageFunction]" classname="testMessageFunction [General.Others]" time="0.001">
    <failure message="Cannot run compiler&apos;posixmt&apos; on the current platform" type="org.aiotml.testing.errors.AiotMLTestCaseCompilerError">org.aiotml.testing.errors.AiotMLTestCaseCompilerError: Cannot run compiler'posixmt' on the current platform
Caused by: org.aiotml.testing.errors.AiotMLExecutionError: 
make -v - Non-zero return value
[stdout]

[stderr]
'make' �����ڲ����ⲿ���Ҳ���ǿ����еĳ���
���������ļ���

</failure>
  </testcase>
  <testcase name="Go [testInternalPort2]" classname="testInternalPort2 [General.Others]" time="0.462">
    <failure message="Test execution - Non-zero return value&#10;[stdout]&#10;&#10;[stderr]&#10;testconfiguration_generated.go:4:2: cannot find package &quot;github.com/SINTEF-9012/gosm&quot; in any of:&#10;	D:\Go\src\github.com\SINTEF-9012\gosm (from $GOROOT)&#10;	F:\MasterLab\go-ethereum\src\github.com\SINTEF-9012\gosm (from $GOPATH)&#10;" type="org.aiotml.testing.errors.AiotMLExecutionError">org.aiotml.testing.errors.AiotMLExecutionError: 
Test execution - Non-zero return value
[stdout]

[stderr]
testconfiguration_generated.go:4:2: cannot find package "github.com/SINTEF-9012/gosm" in any of:
	D:\Go\src\github.com\SINTEF-9012\gosm (from $GOROOT)
	F:\MasterLab\go-ethereum\src\github.com\SINTEF-9012\gosm (from $GOPATH)

</failure>
  </testcase>
  <testcase name="NodeJS [testMultiServerPing]" classname="testMultiServerPing [General.Others]" time="0.002">
    <failure message="Cannot run compiler&apos;nodejs&apos; on the current platform" type="org.aiotml.testing.errors.AiotMLTestCaseCompilerError">org.aiotml.testing.errors.AiotMLTestCaseCompilerError: Cannot run compiler'nodejs' on the current platform
Caused by: org.aiotml.testing.errors.AiotMLExecutionError: 
node -v - Non-zero return value
[stdout]

[stderr]
'node' �����ڲ����ⲿ���Ҳ���ǿ����еĳ���
���������ļ���

</failure>
  </testcase>
  <testcase name="Java [testMultiServerPing]" classname="testMultiServerPing [General.Others]" time="0.001">
    <failure message="Cannot run compiler&apos;java&apos; on the current platform" type="org.aiotml.testing.errors.AiotMLTestCaseCompilerError">org.aiotml.testing.errors.AiotMLTestCaseCompilerError: Cannot run compiler'java' on the current platform
Caused by: org.aiotml.testing.errors.AiotMLExecutionError: 
mvn -v - Non-zero return value
[stdout]

[stderr]
'mvn' �����ڲ����ⲿ���Ҳ���ǿ����еĳ���
���������ļ���

</failure>
  </testcase>
  <testcase name="Posix [testMultiServerPing]" classname="testMultiServerPing [General.Others]" time="0.001">
    <failure message="Cannot run compiler&apos;posix&apos; on the current platform" type="org.aiotml.testing.errors.AiotMLTestCaseCompilerError">org.aiotml.testing.errors.AiotMLTestCaseCompilerError: Cannot run compiler'posix' on the current platform
Caused by: org.aiotml.testing.errors.AiotMLExecutionError: 
make -v - Non-zero return value
[stdout]

[stderr]
'make' �����ڲ����ⲿ���Ҳ���ǿ����еĳ���
���������ļ���

</failure>
  </testcase>
  <testcase name="PosixMT [testMultiServerPing]" classname="testMultiServerPing [General.Others]" time="0">
    <failure message="Cannot run compiler&apos;posixmt&apos; on the current platform" type="org.aiotml.testing.errors.AiotMLTestCaseCompilerError">org.aiotml.testing.errors.AiotMLTestCaseCompilerError: Cannot run compiler'posixmt' on the current platform
Caused by: org.aiotml.testing.errors.AiotMLExecutionError: 
make -v - Non-zero return value
[stdout]

[stderr]
'make' �����ڲ����ⲿ���Ҳ���ǿ����еĳ���
���������ļ���

</failure>
  </testcase>
  <testcase name="Go [testModulo]" classname="testModulo [General.Others]" time="0.242">
    <failure message="Test execution - Non-zero return value&#10;[stdout]&#10;&#10;[stderr]&#10;testconfiguration_generated.go:4:2: cannot find package &quot;github.com/SINTEF-9012/gosm&quot; in any of:&#10;	D:\Go\src\github.com\SINTEF-9012\gosm (from $GOROOT)&#10;	F:\MasterLab\go-ethereum\src\github.com\SINTEF-9012\gosm (from $GOPATH)&#10;" type="org.aiotml.testing.errors.AiotMLExecutionError">org.aiotml.testing.errors.AiotMLExecutionError: 
Test execution - Non-zero return value
[stdout]

[stderr]
testconfiguration_generated.go:4:2: cannot find package "github.com/SINTEF-9012/gosm" in any of:
	D:\Go\src\github.com\SINTEF-9012\gosm (from $GOROOT)
	F:\MasterLab\go-ethereum\src\github.com\SINTEF-9012\gosm (from $GOPATH)

</failure>
  </testcase>
  <testcase name="Go [testMessageFunction]" classname="testMessageFunction [General.Others]" time="0.031">
    <failure message="Test execution - Non-zero return value&#10;[stdout]&#10;&#10;[stderr]&#10;testconfiguration_generated.go:4:2: cannot find package &quot;github.com/SINTEF-9012/gosm&quot; in any of:&#10;	D:\Go\src\github.com\SINTEF-9012\gosm (from $GOROOT)&#10;	F:\MasterLab\go-ethereum\src\github.com\SINTEF-9012\gosm (from $GOPATH)&#10;" type="org.aiotml.testing.errors.AiotMLExecutionError">org.aiotml.testing.errors.AiotMLExecutionError: 
Test execution - Non-zero return value
[stdout]

[stderr]
testconfiguration_generated.go:4:2: cannot find package "github.com/SINTEF-9012/gosm" in any of:
	D:\Go\src\github.com\SINTEF-9012\gosm (from $GOROOT)
	F:\MasterLab\go-ethereum\src\github.com\SINTEF-9012\gosm (from $GOPATH)

</failure>
  </testcase>
  <testcase name="Java [testMultiClientPing]" classname="testMultiClientPing [General.Others]" time="0.012">
    <failure message="Cannot run compiler&apos;java&apos; on the current platform" type="org.aiotml.testing.errors.AiotMLTestCaseCompilerError">org.aiotml.testing.errors.AiotMLTestCaseCompilerError: Cannot run compiler'java' on the current platform
Caused by: org.aiotml.testing.errors.AiotMLExecutionError: 
mvn -v - Non-zero return value
[stdout]

[stderr]
'mvn' �����ڲ����ⲿ���Ҳ���ǿ����еĳ���
���������ļ���

</failure>
  </testcase>
  <testcase name="NodeJS [testMultiClientPing]" classname="testMultiClientPing [General.Others]" time="0.001">
    <failure message="Cannot run compiler&apos;nodejs&apos; on the current platform" type="org.aiotml.testing.errors.AiotMLTestCaseCompilerError">org.aiotml.testing.errors.AiotMLTestCaseCompilerError: Cannot run compiler'nodejs' on the current platform
Caused by: org.aiotml.testing.errors.AiotMLExecutionError: 
node -v - Non-zero return value
[stdout]

[stderr]
'node' �����ڲ����ⲿ���Ҳ���ǿ����еĳ���
���������ļ���

</failure>
  </testcase>
  <testcase name="Posix [testMultiClientPing]" classname="testMultiClientPing [General.Others]" time="0">
    <failure message="Cannot run compiler&apos;posix&apos; on the current platform" type="org.aiotml.testing.errors.AiotMLTestCaseCompilerError">org.aiotml.testing.errors.AiotMLTestCaseCompilerError: Cannot run compiler'posix' on the current platform
Caused by: org.aiotml.testing.errors.AiotMLExecutionError: 
make -v - Non-zero return value
[stdout]

[stderr]
'make' �����ڲ����ⲿ���Ҳ���ǿ����еĳ���
���������ļ���

</failure>
  </testcase>
  <testcase name="PosixMT [testMultiClientPing]" classname="testMultiClientPing [General.Others]" time="0.001">
    <failure message="Cannot run compiler&apos;posixmt&apos; on the current platform" type="org.aiotml.testing.errors.AiotMLTestCaseCompilerError">org.aiotml.testing.errors.AiotMLTestCaseCompilerError: Cannot run compiler'posixmt' on the current platform
Caused by: org.aiotml.testing.errors.AiotMLExecutionError: 
make -v - Non-zero return value
[stdout]

[stderr]
'make' �����ڲ����ⲿ���Ҳ���ǿ����еĳ���
���������ļ���

</failure>
  </testcase>
  <testcase name="NodeJS [testNaming2]" classname="testNaming2 [General.Others]" time="0.005">
    <failure message="Cannot run compiler&apos;nodejs&apos; on the current platform" type="org.aiotml.testing.errors.AiotMLTestCaseCompilerError">org.aiotml.testing.errors.AiotMLTestCaseCompilerError: Cannot run compiler'nodejs' on the current platform
Caused by: org.aiotml.testing.errors.AiotMLExecutionError: 
node -v - Non-zero return value
[stdout]

[stderr]
'node' �����ڲ����ⲿ���Ҳ���ǿ����еĳ���
���������ļ���

</failure>
  </testcase>
  <testcase name="Java [testNaming2]" classname="testNaming2 [General.Others]" time="0">
    <failure message="Cannot run compiler&apos;java&apos; on the current platform" type="org.aiotml.testing.errors.AiotMLTestCaseCompilerError">org.aiotml.testing.errors.AiotMLTestCaseCompilerError: Cannot run compiler'java' on the current platform
Caused by: org.aiotml.testing.errors.AiotMLExecutionError: 
mvn -v - Non-zero return value
[stdout]

[stderr]
'mvn' �����ڲ����ⲿ���Ҳ���ǿ����еĳ���
���������ļ���

</failure>
  </testcase>
  <testcase name="Posix [testNaming2]" classname="testNaming2 [General.Others]" time="0">
    <failure message="Cannot run compiler&apos;posix&apos; on the current platform" type="org.aiotml.testing.errors.AiotMLTestCaseCompilerError">org.aiotml.testing.errors.AiotMLTestCaseCompilerError: Cannot run compiler'posix' on the current platform
Caused by: org.aiotml.testing.errors.AiotMLExecutionError: 
make -v - Non-zero return value
[stdout]

[stderr]
'make' �����ڲ����ⲿ���Ҳ���ǿ����еĳ���
���������ļ���

</failure>
  </testcase>
  <testcase name="PosixMT [testNaming2]" classname="testNaming2 [General.Others]" time="0">
    <failure message="Cannot run compiler&apos;posixmt&apos; on the current platform" type="org.aiotml.testing.errors.AiotMLTestCaseCompilerError">org.aiotml.testing.errors.AiotMLTestCaseCompilerError: Cannot run compiler'posixmt' on the current platform
Caused by: org.aiotml.testing.errors.AiotMLExecutionError: 
make -v - Non-zero return value
[stdout]

[stderr]
'make' �����ڲ����ⲿ���Ҳ���ǿ����еĳ���
���������ļ���

</failure>
  </testcase>
  <testcase name="Go [testMultiServerPing]" classname="testMultiServerPing [General.Others]" time="0.398">
    <failure message="Test execution - Non-zero return value&#10;[stdout]&#10;&#10;[stderr]&#10;testconfiguration_generated.go:4:2: cannot find package &quot;github.com/SINTEF-9012/gosm&quot; in any of:&#10;	D:\Go\src\github.com\SINTEF-9012\gosm (from $GOROOT)&#10;	F:\MasterLab\go-ethereum\src\github.com\SINTEF-9012\gosm (from $GOPATH)&#10;" type="org.aiotml.testing.errors.AiotMLExecutionError">org.aiotml.testing.errors.AiotMLExecutionError: 
Test execution - Non-zero return value
[stdout]

[stderr]
testconfiguration_generated.go:4:2: cannot find package "github.com/SINTEF-9012/gosm" in any of:
	D:\Go\src\github.com\SINTEF-9012\gosm (from $GOROOT)
	F:\MasterLab\go-ethereum\src\github.com\SINTEF-9012\gosm (from $GOPATH)

</failure>
  </testcase>
  <testcase name="NodeJS [testNaming]" classname="testNaming [General.Others]" time="0.001">
    <failure message="Cannot run compiler&apos;nodejs&apos; on the current platform" type="org.aiotml.testing.errors.AiotMLTestCaseCompilerError">org.aiotml.testing.errors.AiotMLTestCaseCompilerError: Cannot run compiler'nodejs' on the current platform
Caused by: org.aiotml.testing.errors.AiotMLExecutionError: 
node -v - Non-zero return value
[stdout]

[stderr]
'node' �����ڲ����ⲿ���Ҳ���ǿ����еĳ���
���������ļ���

</failure>
  </testcase>
  <testcase name="Java [testNaming]" classname="testNaming [General.Others]" time="0.001">
    <failure message="Cannot run compiler&apos;java&apos; on the current platform" type="org.aiotml.testing.errors.AiotMLTestCaseCompilerError">org.aiotml.testing.errors.AiotMLTestCaseCompilerError: Cannot run compiler'java' on the current platform
Caused by: org.aiotml.testing.errors.AiotMLExecutionError: 
mvn -v - Non-zero return value
[stdout]

[stderr]
'mvn' �����ڲ����ⲿ���Ҳ���ǿ����еĳ���
���������ļ���

</failure>
  </testcase>
  <testcase name="Posix [testNaming]" classname="testNaming [General.Others]" time="0">
    <failure message="Cannot run compiler&apos;posix&apos; on the current platform" type="org.aiotml.testing.errors.AiotMLTestCaseCompilerError">org.aiotml.testing.errors.AiotMLTestCaseCompilerError: Cannot run compiler'posix' on the current platform
Caused by: org.aiotml.testing.errors.AiotMLExecutionError: 
make -v - Non-zero return value
[stdout]

[stderr]
'make' �����ڲ����ⲿ���Ҳ���ǿ����еĳ���
���������ļ���

</failure>
  </testcase>
  <testcase name="PosixMT [testNaming]" classname="testNaming [General.Others]" time="0.001">
    <failure message="Cannot run compiler&apos;posixmt&apos; on the current platform" type="org.aiotml.testing.errors.AiotMLTestCaseCompilerError">org.aiotml.testing.errors.AiotMLTestCaseCompilerError: Cannot run compiler'posixmt' on the current platform
Caused by: org.aiotml.testing.errors.AiotMLExecutionError: 
make -v - Non-zero return value
[stdout]

[stderr]
'make' �����ڲ����ⲿ���Ҳ���ǿ����еĳ���
���������ļ���

</failure>
  </testcase>
  <testcase name="Go [testMultiClientPing]" classname="testMultiClientPing [General.Others]" time="0.432">
    <failure message="Test execution - Non-zero return value&#10;[stdout]&#10;&#10;[stderr]&#10;testconfiguration_generated.go:4:2: cannot find package &quot;github.com/SINTEF-9012/gosm&quot; in any of:&#10;	D:\Go\src\github.com\SINTEF-9012\gosm (from $GOROOT)&#10;	F:\MasterLab\go-ethereum\src\github.com\SINTEF-9012\gosm (from $GOPATH)&#10;" type="org.aiotml.testing.errors.AiotMLExecutionError">org.aiotml.testing.errors.AiotMLExecutionError: 
Test execution - Non-zero return value
[stdout]

[stderr]
testconfiguration_generated.go:4:2: cannot find package "github.com/SINTEF-9012/gosm" in any of:
	D:\Go\src\github.com\SINTEF-9012\gosm (from $GOROOT)
	F:\MasterLab\go-ethereum\src\github.com\SINTEF-9012\gosm (from $GOPATH)

</failure>
  </testcase>
  <testcase name="NodeJS [testOperators2]" classname="testOperators2 [General.Others]" time="0.001">
    <failure message="Cannot run compiler&apos;nodejs&apos; on the current platform" type="org.aiotml.testing.errors.AiotMLTestCaseCompilerError">org.aiotml.testing.errors.AiotMLTestCaseCompilerError: Cannot run compiler'nodejs' on the current platform
Caused by: org.aiotml.testing.errors.AiotMLExecutionError: 
node -v - Non-zero return value
[stdout]

[stderr]
'node' �����ڲ����ⲿ���Ҳ���ǿ����еĳ���
���������ļ���

</failure>
  </testcase>
  <testcase name="Java [testOperators2]" classname="testOperators2 [General.Others]" time="0">
    <failure message="Cannot run compiler&apos;java&apos; on the current platform" type="org.aiotml.testing.errors.AiotMLTestCaseCompilerError">org.aiotml.testing.errors.AiotMLTestCaseCompilerError: Cannot run compiler'java' on the current platform
Caused by: org.aiotml.testing.errors.AiotMLExecutionError: 
mvn -v - Non-zero return value
[stdout]

[stderr]
'mvn' �����ڲ����ⲿ���Ҳ���ǿ����еĳ���
���������ļ���

</failure>
  </testcase>
  <testcase name="Posix [testOperators2]" classname="testOperators2 [General.Others]" time="0.001">
    <failure message="Cannot run compiler&apos;posix&apos; on the current platform" type="org.aiotml.testing.errors.AiotMLTestCaseCompilerError">org.aiotml.testing.errors.AiotMLTestCaseCompilerError: Cannot run compiler'posix' on the current platform
Caused by: org.aiotml.testing.errors.AiotMLExecutionError: 
make -v - Non-zero return value
[stdout]

[stderr]
'make' �����ڲ����ⲿ���Ҳ���ǿ����еĳ���
���������ļ���

</failure>
  </testcase>
  <testcase name="PosixMT [testOperators2]" classname="testOperators2 [General.Others]" time="0.001">
    <failure message="Cannot run compiler&apos;posixmt&apos; on the current platform" type="org.aiotml.testing.errors.AiotMLTestCaseCompilerError">org.aiotml.testing.errors.AiotMLTestCaseCompilerError: Cannot run compiler'posixmt' on the current platform
Caused by: org.aiotml.testing.errors.AiotMLExecutionError: 
make -v - Non-zero return value
[stdout]

[stderr]
'make' �����ڲ����ⲿ���Ҳ���ǿ����еĳ���
���������ļ���

</failure>
  </testcase>
  <testcase name="Go [testNaming]" classname="testNaming [General.Others]" time="0.257">
    <failure message="Test execution - Non-zero return value&#10;[stdout]&#10;&#10;[stderr]&#10;testconfiguration_generated.go:4:2: cannot find package &quot;github.com/SINTEF-9012/gosm&quot; in any of:&#10;	D:\Go\src\github.com\SINTEF-9012\gosm (from $GOROOT)&#10;	F:\MasterLab\go-ethereum\src\github.com\SINTEF-9012\gosm (from $GOPATH)&#10;" type="org.aiotml.testing.errors.AiotMLExecutionError">org.aiotml.testing.errors.AiotMLExecutionError: 
Test execution - Non-zero return value
[stdout]

[stderr]
testconfiguration_generated.go:4:2: cannot find package "github.com/SINTEF-9012/gosm" in any of:
	D:\Go\src\github.com\SINTEF-9012\gosm (from $GOROOT)
	F:\MasterLab\go-ethereum\src\github.com\SINTEF-9012\gosm (from $GOPATH)

</failure>
  </testcase>
  <testcase name="NodeJS [testOperators]" classname="testOperators [General.Others]" time="0.011">
    <failure message="Cannot run compiler&apos;nodejs&apos; on the current platform" type="org.aiotml.testing.errors.AiotMLTestCaseCompilerError">org.aiotml.testing.errors.AiotMLTestCaseCompilerError: Cannot run compiler'nodejs' on the current platform
Caused by: org.aiotml.testing.errors.AiotMLExecutionError: 
node -v - Non-zero return value
[stdout]

[stderr]
'node' �����ڲ����ⲿ���Ҳ���ǿ����еĳ���
���������ļ���

</failure>
  </testcase>
  <testcase name="Java [testOperators]" classname="testOperators [General.Others]" time="0.001">
    <failure message="Cannot run compiler&apos;java&apos; on the current platform" type="org.aiotml.testing.errors.AiotMLTestCaseCompilerError">org.aiotml.testing.errors.AiotMLTestCaseCompilerError: Cannot run compiler'java' on the current platform
Caused by: org.aiotml.testing.errors.AiotMLExecutionError: 
mvn -v - Non-zero return value
[stdout]

[stderr]
'mvn' �����ڲ����ⲿ���Ҳ���ǿ����еĳ���
���������ļ���

</failure>
  </testcase>
  <testcase name="Posix [testOperators]" classname="testOperators [General.Others]" time="0.001">
    <failure message="Cannot run compiler&apos;posix&apos; on the current platform" type="org.aiotml.testing.errors.AiotMLTestCaseCompilerError">org.aiotml.testing.errors.AiotMLTestCaseCompilerError: Cannot run compiler'posix' on the current platform
Caused by: org.aiotml.testing.errors.AiotMLExecutionError: 
make -v - Non-zero return value
[stdout]

[stderr]
'make' �����ڲ����ⲿ���Ҳ���ǿ����еĳ���
���������ļ���

</failure>
  </testcase>
  <testcase name="PosixMT [testOperators]" classname="testOperators [General.Others]" time="0.001">
    <failure message="Cannot run compiler&apos;posixmt&apos; on the current platform" type="org.aiotml.testing.errors.AiotMLTestCaseCompilerError">org.aiotml.testing.errors.AiotMLTestCaseCompilerError: Cannot run compiler'posixmt' on the current platform
Caused by: org.aiotml.testing.errors.AiotMLExecutionError: 
make -v - Non-zero return value
[stdout]

[stderr]
'make' �����ڲ����ⲿ���Ҳ���ǿ����еĳ���
���������ļ���

</failure>
  </testcase>
  <testcase name="Go [testOperators2]" classname="testOperators2 [General.Others]" time="0.377">
    <failure message="Test execution - Non-zero return value&#10;[stdout]&#10;&#10;[stderr]&#10;testconfiguration_generated.go:4:2: cannot find package &quot;github.com/SINTEF-9012/gosm&quot; in any of:&#10;	D:\Go\src\github.com\SINTEF-9012\gosm (from $GOROOT)&#10;	F:\MasterLab\go-ethereum\src\github.com\SINTEF-9012\gosm (from $GOPATH)&#10;" type="org.aiotml.testing.errors.AiotMLExecutionError">org.aiotml.testing.errors.AiotMLExecutionError: 
Test execution - Non-zero return value
[stdout]

[stderr]
testconfiguration_generated.go:4:2: cannot find package "github.com/SINTEF-9012/gosm" in any of:
	D:\Go\src\github.com\SINTEF-9012\gosm (from $GOROOT)
	F:\MasterLab\go-ethereum\src\github.com\SINTEF-9012\gosm (from $GOPATH)

</failure>
  </testcase>
  <testcase name="NodeJS [testSelfMessage]" classname="testSelfMessage [General.Others]" time="0.001">
    <failure message="Cannot run compiler&apos;nodejs&apos; on the current platform" type="org.aiotml.testing.errors.AiotMLTestCaseCompilerError">org.aiotml.testing.errors.AiotMLTestCaseCompilerError: Cannot run compiler'nodejs' on the current platform
Caused by: org.aiotml.testing.errors.AiotMLExecutionError: 
node -v - Non-zero return value
[stdout]

[stderr]
'node' �����ڲ����ⲿ���Ҳ���ǿ����еĳ���
���������ļ���

</failure>
  </testcase>
  <testcase name="Java [testSelfMessage]" classname="testSelfMessage [General.Others]" time="0.001">
    <failure message="Cannot run compiler&apos;java&apos; on the current platform" type="org.aiotml.testing.errors.AiotMLTestCaseCompilerError">org.aiotml.testing.errors.AiotMLTestCaseCompilerError: Cannot run compiler'java' on the current platform
Caused by: org.aiotml.testing.errors.AiotMLExecutionError: 
mvn -v - Non-zero return value
[stdout]

[stderr]
'mvn' �����ڲ����ⲿ���Ҳ���ǿ����еĳ���
���������ļ���

</failure>
  </testcase>
  <testcase name="Posix [testSelfMessage]" classname="testSelfMessage [General.Others]" time="0">
    <failure message="Cannot run compiler&apos;posix&apos; on the current platform" type="org.aiotml.testing.errors.AiotMLTestCaseCompilerError">org.aiotml.testing.errors.AiotMLTestCaseCompilerError: Cannot run compiler'posix' on the current platform
Caused by: org.aiotml.testing.errors.AiotMLExecutionError: 
make -v - Non-zero return value
[stdout]

[stderr]
'make' �����ڲ����ⲿ���Ҳ���ǿ����еĳ���
���������ļ���

</failure>
  </testcase>
  <testcase name="PosixMT [testSelfMessage]" classname="testSelfMessage [General.Others]" time="0.001">
    <failure message="Cannot run compiler&apos;posixmt&apos; on the current platform" type="org.aiotml.testing.errors.AiotMLTestCaseCompilerError">org.aiotml.testing.errors.AiotMLTestCaseCompilerError: Cannot run compiler'posixmt' on the current platform
Caused by: org.aiotml.testing.errors.AiotMLExecutionError: 
make -v - Non-zero return value
[stdout]

[stderr]
'make' �����ڲ����ⲿ���Ҳ���ǿ����еĳ���
���������ļ���

</failure>
  </testcase>
  <testcase name="Go [testNaming2]" classname="testNaming2 [General.Others]" time="0.269">
    <failure message="Test execution - Non-zero return value&#10;[stdout]&#10;&#10;[stderr]&#10;testconfiguration_generated.go:4:2: cannot find package &quot;github.com/SINTEF-9012/gosm&quot; in any of:&#10;	D:\Go\src\github.com\SINTEF-9012\gosm (from $GOROOT)&#10;	F:\MasterLab\go-ethereum\src\github.com\SINTEF-9012\gosm (from $GOPATH)&#10;" type="org.aiotml.testing.errors.AiotMLExecutionError">org.aiotml.testing.errors.AiotMLExecutionError: 
Test execution - Non-zero return value
[stdout]

[stderr]
testconfiguration_generated.go:4:2: cannot find package "github.com/SINTEF-9012/gosm" in any of:
	D:\Go\src\github.com\SINTEF-9012\gosm (from $GOROOT)
	F:\MasterLab\go-ethereum\src\github.com\SINTEF-9012\gosm (from $GOPATH)

</failure>
  </testcase>
  <testcase name="Go [testOperators]" classname="testOperators [General.Others]" time="0.01">
    <failure message="Test execution - Non-zero return value&#10;[stdout]&#10;&#10;[stderr]&#10;testconfiguration_generated.go:4:2: cannot find package &quot;github.com/SINTEF-9012/gosm&quot; in any of:&#10;	D:\Go\src\github.com\SINTEF-9012\gosm (from $GOROOT)&#10;	F:\MasterLab\go-ethereum\src\github.com\SINTEF-9012\gosm (from $GOPATH)&#10;" type="org.aiotml.testing.errors.AiotMLExecutionError">org.aiotml.testing.errors.AiotMLExecutionError: 
Test execution - Non-zero return value
[stdout]

[stderr]
testconfiguration_generated.go:4:2: cannot find package "github.com/SINTEF-9012/gosm" in any of:
	D:\Go\src\github.com\SINTEF-9012\gosm (from $GOROOT)
	F:\MasterLab\go-ethereum\src\github.com\SINTEF-9012\gosm (from $GOPATH)

</failure>
  </testcase>
  <testcase name="Java [testPropertiesInit]" classname="testPropertiesInit [General.Others]" time="0.012">
    <failure message="Cannot run compiler&apos;java&apos; on the current platform" type="org.aiotml.testing.errors.AiotMLTestCaseCompilerError">org.aiotml.testing.errors.AiotMLTestCaseCompilerError: Cannot run compiler'java' on the current platform
Caused by: org.aiotml.testing.errors.AiotMLExecutionError: 
mvn -v - Non-zero return value
[stdout]

[stderr]
'mvn' �����ڲ����ⲿ���Ҳ���ǿ����еĳ���
���������ļ���

</failure>
  </testcase>
  <testcase name="NodeJS [testPropertiesInit]" classname="testPropertiesInit [General.Others]" time="0.001">
    <failure message="Cannot run compiler&apos;nodejs&apos; on the current platform" type="org.aiotml.testing.errors.AiotMLTestCaseCompilerError">org.aiotml.testing.errors.AiotMLTestCaseCompilerError: Cannot run compiler'nodejs' on the current platform
Caused by: org.aiotml.testing.errors.AiotMLExecutionError: 
node -v - Non-zero return value
[stdout]

[stderr]
'node' �����ڲ����ⲿ���Ҳ���ǿ����еĳ���
���������ļ���

</failure>
  </testcase>
  <testcase name="Posix [testPropertiesInit]" classname="testPropertiesInit [General.Others]" time="0.001">
    <failure message="Cannot run compiler&apos;posix&apos; on the current platform" type="org.aiotml.testing.errors.AiotMLTestCaseCompilerError">org.aiotml.testing.errors.AiotMLTestCaseCompilerError: Cannot run compiler'posix' on the current platform
Caused by: org.aiotml.testing.errors.AiotMLExecutionError: 
make -v - Non-zero return value
[stdout]

[stderr]
'make' �����ڲ����ⲿ���Ҳ���ǿ����еĳ���
���������ļ���

</failure>
  </testcase>
  <testcase name="PosixMT [testPropertiesInit]" classname="testPropertiesInit [General.Others]" time="0">
    <failure message="Cannot run compiler&apos;posixmt&apos; on the current platform" type="org.aiotml.testing.errors.AiotMLTestCaseCompilerError">org.aiotml.testing.errors.AiotMLTestCaseCompilerError: Cannot run compiler'posixmt' on the current platform
Caused by: org.aiotml.testing.errors.AiotMLExecutionError: 
make -v - Non-zero return value
[stdout]

[stderr]
'make' �����ڲ����ⲿ���Ҳ���ǿ����еĳ���
���������ļ���

</failure>
  </testcase>
  <testcase name="NodeJS [testSelfMessage3]" classname="testSelfMessage3 [General.Others]" time="0.003">
    <failure message="Cannot run compiler&apos;nodejs&apos; on the current platform" type="org.aiotml.testing.errors.AiotMLTestCaseCompilerError">org.aiotml.testing.errors.AiotMLTestCaseCompilerError: Cannot run compiler'nodejs' on the current platform
Caused by: org.aiotml.testing.errors.AiotMLExecutionError: 
node -v - Non-zero return value
[stdout]

[stderr]
'node' �����ڲ����ⲿ���Ҳ���ǿ����еĳ���
���������ļ���

</failure>
  </testcase>
  <testcase name="Java [testSelfMessage3]" classname="testSelfMessage3 [General.Others]" time="0.001">
    <failure message="Cannot run compiler&apos;java&apos; on the current platform" type="org.aiotml.testing.errors.AiotMLTestCaseCompilerError">org.aiotml.testing.errors.AiotMLTestCaseCompilerError: Cannot run compiler'java' on the current platform
Caused by: org.aiotml.testing.errors.AiotMLExecutionError: 
mvn -v - Non-zero return value
[stdout]

[stderr]
'mvn' �����ڲ����ⲿ���Ҳ���ǿ����еĳ���
���������ļ���

</failure>
  </testcase>
  <testcase name="Posix [testSelfMessage3]" classname="testSelfMessage3 [General.Others]" time="0.001">
    <failure message="Cannot run compiler&apos;posix&apos; on the current platform" type="org.aiotml.testing.errors.AiotMLTestCaseCompilerError">org.aiotml.testing.errors.AiotMLTestCaseCompilerError: Cannot run compiler'posix' on the current platform
Caused by: org.aiotml.testing.errors.AiotMLExecutionError: 
make -v - Non-zero return value
[stdout]

[stderr]
'make' �����ڲ����ⲿ���Ҳ���ǿ����еĳ���
���������ļ���

</failure>
  </testcase>
  <testcase name="PosixMT [testSelfMessage3]" classname="testSelfMessage3 [General.Others]" time="0.001">
    <failure message="Cannot run compiler&apos;posixmt&apos; on the current platform" type="org.aiotml.testing.errors.AiotMLTestCaseCompilerError">org.aiotml.testing.errors.AiotMLTestCaseCompilerError: Cannot run compiler'posixmt' on the current platform
Caused by: org.aiotml.testing.errors.AiotMLExecutionError: 
make -v - Non-zero return value
[stdout]

[stderr]
'make' �����ڲ����ⲿ���Ҳ���ǿ����еĳ���
���������ļ���

</failure>
  </testcase>
  <testcase name="Go [testSelfMessage]" classname="testSelfMessage [General.Others]" time="0.384">
    <failure message="Test execution - Non-zero return value&#10;[stdout]&#10;&#10;[stderr]&#10;testconfiguration_generated.go:4:2: cannot find package &quot;github.com/SINTEF-9012/gosm&quot; in any of:&#10;	D:\Go\src\github.com\SINTEF-9012\gosm (from $GOROOT)&#10;	F:\MasterLab\go-ethereum\src\github.com\SINTEF-9012\gosm (from $GOPATH)&#10;" type="org.aiotml.testing.errors.AiotMLExecutionError">org.aiotml.testing.errors.AiotMLExecutionError: 
Test execution - Non-zero return value
[stdout]

[stderr]
testconfiguration_generated.go:4:2: cannot find package "github.com/SINTEF-9012/gosm" in any of:
	D:\Go\src\github.com\SINTEF-9012\gosm (from $GOROOT)
	F:\MasterLab\go-ethereum\src\github.com\SINTEF-9012\gosm (from $GOPATH)

</failure>
  </testcase>
  <testcase name="NodeJS [testSelfMessage2]" classname="testSelfMessage2 [General.Others]" time="0.006">
    <failure message="Cannot run compiler&apos;nodejs&apos; on the current platform" type="org.aiotml.testing.errors.AiotMLTestCaseCompilerError">org.aiotml.testing.errors.AiotMLTestCaseCompilerError: Cannot run compiler'nodejs' on the current platform
Caused by: org.aiotml.testing.errors.AiotMLExecutionError: 
node -v - Non-zero return value
[stdout]

[stderr]
'node' �����ڲ����ⲿ���Ҳ���ǿ����еĳ���
���������ļ���

</failure>
  </testcase>
  <testcase name="Java [testSelfMessage2]" classname="testSelfMessage2 [General.Others]" time="0.001">
    <failure message="Cannot run compiler&apos;java&apos; on the current platform" type="org.aiotml.testing.errors.AiotMLTestCaseCompilerError">org.aiotml.testing.errors.AiotMLTestCaseCompilerError: Cannot run compiler'java' on the current platform
Caused by: org.aiotml.testing.errors.AiotMLExecutionError: 
mvn -v - Non-zero return value
[stdout]

[stderr]
'mvn' �����ڲ����ⲿ���Ҳ���ǿ����еĳ���
���������ļ���

</failure>
  </testcase>
  <testcase name="Posix [testSelfMessage2]" classname="testSelfMessage2 [General.Others]" time="0">
    <failure message="Cannot run compiler&apos;posix&apos; on the current platform" type="org.aiotml.testing.errors.AiotMLTestCaseCompilerError">org.aiotml.testing.errors.AiotMLTestCaseCompilerError: Cannot run compiler'posix' on the current platform
Caused by: org.aiotml.testing.errors.AiotMLExecutionError: 
make -v - Non-zero return value
[stdout]

[stderr]
'make' �����ڲ����ⲿ���Ҳ���ǿ����еĳ���
���������ļ���

</failure>
  </testcase>
  <testcase name="PosixMT [testSelfMessage2]" classname="testSelfMessage2 [General.Others]" time="0.001">
    <failure message="Cannot run compiler&apos;posixmt&apos; on the current platform" type="org.aiotml.testing.errors.AiotMLTestCaseCompilerError">org.aiotml.testing.errors.AiotMLTestCaseCompilerError: Cannot run compiler'posixmt' on the current platform
Caused by: org.aiotml.testing.errors.AiotMLExecutionError: 
make -v - Non-zero return value
[stdout]

[stderr]
'make' �����ڲ����ⲿ���Ҳ���ǿ����еĳ���
���������ļ���

</failure>
  </testcase>
  <testcase name="Go [testPropertiesInit]" classname="testPropertiesInit [General.Others]" time="0.4">
    <failure message="Test execution - Non-zero return value&#10;[stdout]&#10;&#10;[stderr]&#10;testconfiguration_generated.go:4:2: cannot find package &quot;github.com/SINTEF-9012/gosm&quot; in any of:&#10;	D:\Go\src\github.com\SINTEF-9012\gosm (from $GOROOT)&#10;	F:\MasterLab\go-ethereum\src\github.com\SINTEF-9012\gosm (from $GOPATH)&#10;" type="org.aiotml.testing.errors.AiotMLExecutionError">org.aiotml.testing.errors.AiotMLExecutionError: 
Test execution - Non-zero return value
[stdout]

[stderr]
testconfiguration_generated.go:4:2: cannot find package "github.com/SINTEF-9012/gosm" in any of:
	D:\Go\src\github.com\SINTEF-9012\gosm (from $GOROOT)
	F:\MasterLab\go-ethereum\src\github.com\SINTEF-9012\gosm (from $GOPATH)

</failure>
  </testcase>
  <testcase name="NodeJS [testSelfMessageB2]" classname="testSelfMessageB2 [General.Others]" time="0.001">
    <failure message="Cannot run compiler&apos;nodejs&apos; on the current platform" type="org.aiotml.testing.errors.AiotMLTestCaseCompilerError">org.aiotml.testing.errors.AiotMLTestCaseCompilerError: Cannot run compiler'nodejs' on the current platform
Caused by: org.aiotml.testing.errors.AiotMLExecutionError: 
node -v - Non-zero return value
[stdout]

[stderr]
'node' �����ڲ����ⲿ���Ҳ���ǿ����еĳ���
���������ļ���

</failure>
  </testcase>
  <testcase name="Java [testSelfMessageB2]" classname="testSelfMessageB2 [General.Others]" time="0">
    <failure message="Cannot run compiler&apos;java&apos; on the current platform" type="org.aiotml.testing.errors.AiotMLTestCaseCompilerError">org.aiotml.testing.errors.AiotMLTestCaseCompilerError: Cannot run compiler'java' on the current platform
Caused by: org.aiotml.testing.errors.AiotMLExecutionError: 
mvn -v - Non-zero return value
[stdout]

[stderr]
'mvn' �����ڲ����ⲿ���Ҳ���ǿ����еĳ���
���������ļ���

</failure>
  </testcase>
  <testcase name="Posix [testSelfMessageB2]" classname="testSelfMessageB2 [General.Others]" time="0.001">
    <failure message="Cannot run compiler&apos;posix&apos; on the current platform" type="org.aiotml.testing.errors.AiotMLTestCaseCompilerError">org.aiotml.testing.errors.AiotMLTestCaseCompilerError: Cannot run compiler'posix' on the current platform
Caused by: org.aiotml.testing.errors.AiotMLExecutionError: 
make -v - Non-zero return value
[stdout]

[stderr]
'make' �����ڲ����ⲿ���Ҳ���ǿ����еĳ���
���������ļ���

</failure>
  </testcase>
  <testcase name="PosixMT [testSelfMessageB2]" classname="testSelfMessageB2 [General.Others]" time="0.001">
    <failure message="Cannot run compiler&apos;posixmt&apos; on the current platform" type="org.aiotml.testing.errors.AiotMLTestCaseCompilerError">org.aiotml.testing.errors.AiotMLTestCaseCompilerError: Cannot run compiler'posixmt' on the current platform
Caused by: org.aiotml.testing.errors.AiotMLExecutionError: 
make -v - Non-zero return value
[stdout]

[stderr]
'make' �����ڲ����ⲿ���Ҳ���ǿ����еĳ���
���������ļ���

</failure>
  </testcase>
  <testcase name="Go [testSelfMessage3]" classname="testSelfMessage3 [General.Others]" time="0.103">
    <failure message="Test execution - Non-zero return value&#10;[stdout]&#10;&#10;[stderr]&#10;testconfiguration_generated.go:4:2: cannot find package &quot;github.com/SINTEF-9012/gosm&quot; in any of:&#10;	D:\Go\src\github.com\SINTEF-9012\gosm (from $GOROOT)&#10;	F:\MasterLab\go-ethereum\src\github.com\SINTEF-9012\gosm (from $GOPATH)&#10;" type="org.aiotml.testing.errors.AiotMLExecutionError">org.aiotml.testing.errors.AiotMLExecutionError: 
Test execution - Non-zero return value
[stdout]

[stderr]
testconfiguration_generated.go:4:2: cannot find package "github.com/SINTEF-9012/gosm" in any of:
	D:\Go\src\github.com\SINTEF-9012\gosm (from $GOROOT)
	F:\MasterLab\go-ethereum\src\github.com\SINTEF-9012\gosm (from $GOPATH)

</failure>
  </testcase>
  <testcase name="NodeJS [testSelfMessageB]" classname="testSelfMessageB [General.Others]" time="0.001">
    <failure message="Cannot run compiler&apos;nodejs&apos; on the current platform" type="org.aiotml.testing.errors.AiotMLTestCaseCompilerError">org.aiotml.testing.errors.AiotMLTestCaseCompilerError: Cannot run compiler'nodejs' on the current platform
Caused by: org.aiotml.testing.errors.AiotMLExecutionError: 
node -v - Non-zero return value
[stdout]

[stderr]
'node' �����ڲ����ⲿ���Ҳ���ǿ����еĳ���
���������ļ���

</failure>
  </testcase>
  <testcase name="Java [testSelfMessageB]" classname="testSelfMessageB [General.Others]" time="0.001">
    <failure message="Cannot run compiler&apos;java&apos; on the current platform" type="org.aiotml.testing.errors.AiotMLTestCaseCompilerError">org.aiotml.testing.errors.AiotMLTestCaseCompilerError: Cannot run compiler'java' on the current platform
Caused by: org.aiotml.testing.errors.AiotMLExecutionError: 
mvn -v - Non-zero return value
[stdout]

[stderr]
'mvn' �����ڲ����ⲿ���Ҳ���ǿ����еĳ���
���������ļ���

</failure>
  </testcase>
  <testcase name="Posix [testSelfMessageB]" classname="testSelfMessageB [General.Others]" time="0.001">
    <failure message="Cannot run compiler&apos;posix&apos; on the current platform" type="org.aiotml.testing.errors.AiotMLTestCaseCompilerError">org.aiotml.testing.errors.AiotMLTestCaseCompilerError: Cannot run compiler'posix' on the current platform
Caused by: org.aiotml.testing.errors.AiotMLExecutionError: 
make -v - Non-zero return value
[stdout]

[stderr]
'make' �����ڲ����ⲿ���Ҳ���ǿ����еĳ���
���������ļ���

</failure>
  </testcase>
  <testcase name="PosixMT [testSelfMessageB]" classname="testSelfMessageB [General.Others]" time="0.001">
    <failure message="Cannot run compiler&apos;posixmt&apos; on the current platform" type="org.aiotml.testing.errors.AiotMLTestCaseCompilerError">org.aiotml.testing.errors.AiotMLTestCaseCompilerError: Cannot run compiler'posixmt' on the current platform
Caused by: org.aiotml.testing.errors.AiotMLExecutionError: 
make -v - Non-zero return value
[stdout]

[stderr]
'make' �����ڲ����ⲿ���Ҳ���ǿ����еĳ���
���������ļ���

</failure>
  </testcase>
  <testcase name="Go [testSelfMessage2]" classname="testSelfMessage2 [General.Others]" time="0.184">
    <failure message="Test execution - Non-zero return value&#10;[stdout]&#10;&#10;[stderr]&#10;testconfiguration_generated.go:4:2: cannot find package &quot;github.com/SINTEF-9012/gosm&quot; in any of:&#10;	D:\Go\src\github.com\SINTEF-9012\gosm (from $GOROOT)&#10;	F:\MasterLab\go-ethereum\src\github.com\SINTEF-9012\gosm (from $GOPATH)&#10;" type="org.aiotml.testing.errors.AiotMLExecutionError">org.aiotml.testing.errors.AiotMLExecutionError: 
Test execution - Non-zero return value
[stdout]

[stderr]
testconfiguration_generated.go:4:2: cannot find package "github.com/SINTEF-9012/gosm" in any of:
	D:\Go\src\github.com\SINTEF-9012\gosm (from $GOROOT)
	F:\MasterLab\go-ethereum\src\github.com\SINTEF-9012\gosm (from $GOPATH)

</failure>
  </testcase>
  <testcase name="NodeJS [testSerialization]" classname="testSerialization [General.Others]" time="0.076">
    <failure message="Cannot run compiler&apos;nodejs&apos; on the current platform" type="org.aiotml.testing.errors.AiotMLTestCaseCompilerError">org.aiotml.testing.errors.AiotMLTestCaseCompilerError: Cannot run compiler'nodejs' on the current platform
Caused by: org.aiotml.testing.errors.AiotMLExecutionError: 
node -v - Non-zero return value
[stdout]

[stderr]
'node' �����ڲ����ⲿ���Ҳ���ǿ����еĳ���
���������ļ���

</failure>
  </testcase>
  <testcase name="Java [testSerialization]" classname="testSerialization [General.Others]" time="0.001">
    <failure message="Cannot run compiler&apos;java&apos; on the current platform" type="org.aiotml.testing.errors.AiotMLTestCaseCompilerError">org.aiotml.testing.errors.AiotMLTestCaseCompilerError: Cannot run compiler'java' on the current platform
Caused by: org.aiotml.testing.errors.AiotMLExecutionError: 
mvn -v - Non-zero return value
[stdout]

[stderr]
'mvn' �����ڲ����ⲿ���Ҳ���ǿ����еĳ���
���������ļ���

</failure>
  </testcase>
  <testcase name="Posix [testSerialization]" classname="testSerialization [General.Others]" time="0.001">
    <failure message="Cannot run compiler&apos;posix&apos; on the current platform" type="org.aiotml.testing.errors.AiotMLTestCaseCompilerError">org.aiotml.testing.errors.AiotMLTestCaseCompilerError: Cannot run compiler'posix' on the current platform
Caused by: org.aiotml.testing.errors.AiotMLExecutionError: 
make -v - Non-zero return value
[stdout]

[stderr]
'make' �����ڲ����ⲿ���Ҳ���ǿ����еĳ���
���������ļ���

</failure>
  </testcase>
  <testcase name="PosixMT [testSerialization]" classname="testSerialization [General.Others]" time="0.001">
    <failure message="Cannot run compiler&apos;posixmt&apos; on the current platform" type="org.aiotml.testing.errors.AiotMLTestCaseCompilerError">org.aiotml.testing.errors.AiotMLTestCaseCompilerError: Cannot run compiler'posixmt' on the current platform
Caused by: org.aiotml.testing.errors.AiotMLExecutionError: 
make -v - Non-zero return value
[stdout]

[stderr]
'make' �����ڲ����ⲿ���Ҳ���ǿ����еĳ���
���������ļ���

</failure>
  </testcase>
  <testcase name="Go [testSelfMessageB2]" classname="testSelfMessageB2 [General.Others]" time="0.482">
    <failure message="Test execution - Non-zero return value&#10;[stdout]&#10;&#10;[stderr]&#10;testconfiguration_generated.go:4:2: cannot find package &quot;github.com/SINTEF-9012/gosm&quot; in any of:&#10;	D:\Go\src\github.com\SINTEF-9012\gosm (from $GOROOT)&#10;	F:\MasterLab\go-ethereum\src\github.com\SINTEF-9012\gosm (from $GOPATH)&#10;" type="org.aiotml.testing.errors.AiotMLExecutionError">org.aiotml.testing.errors.AiotMLExecutionError: 
Test execution - Non-zero return value
[stdout]

[stderr]
testconfiguration_generated.go:4:2: cannot find package "github.com/SINTEF-9012/gosm" in any of:
	D:\Go\src\github.com\SINTEF-9012\gosm (from $GOROOT)
	F:\MasterLab\go-ethereum\src\github.com\SINTEF-9012\gosm (from $GOPATH)

</failure>
  </testcase>
  <testcase name="NodeJS [testSelfMessageB3]" classname="testSelfMessageB3 [General.Others]" time="0.001">
    <failure message="Cannot run compiler&apos;nodejs&apos; on the current platform" type="org.aiotml.testing.errors.AiotMLTestCaseCompilerError">org.aiotml.testing.errors.AiotMLTestCaseCompilerError: Cannot run compiler'nodejs' on the current platform
Caused by: org.aiotml.testing.errors.AiotMLExecutionError: 
node -v - Non-zero return value
[stdout]

[stderr]
'node' �����ڲ����ⲿ���Ҳ���ǿ����еĳ���
���������ļ���

</failure>
  </testcase>
  <testcase name="Java [testSelfMessageB3]" classname="testSelfMessageB3 [General.Others]" time="0.001">
    <failure message="Cannot run compiler&apos;java&apos; on the current platform" type="org.aiotml.testing.errors.AiotMLTestCaseCompilerError">org.aiotml.testing.errors.AiotMLTestCaseCompilerError: Cannot run compiler'java' on the current platform
Caused by: org.aiotml.testing.errors.AiotMLExecutionError: 
mvn -v - Non-zero return value
[stdout]

[stderr]
'mvn' �����ڲ����ⲿ���Ҳ���ǿ����еĳ���
���������ļ���

</failure>
  </testcase>
  <testcase name="Posix [testSelfMessageB3]" classname="testSelfMessageB3 [General.Others]" time="0.001">
    <failure message="Cannot run compiler&apos;posix&apos; on the current platform" type="org.aiotml.testing.errors.AiotMLTestCaseCompilerError">org.aiotml.testing.errors.AiotMLTestCaseCompilerError: Cannot run compiler'posix' on the current platform
Caused by: org.aiotml.testing.errors.AiotMLExecutionError: 
make -v - Non-zero return value
[stdout]

[stderr]
'make' �����ڲ����ⲿ���Ҳ���ǿ����еĳ���
���������ļ���

</failure>
  </testcase>
  <testcase name="PosixMT [testSelfMessageB3]" classname="testSelfMessageB3 [General.Others]" time="0.001">
    <failure message="Cannot run compiler&apos;posixmt&apos; on the current platform" type="org.aiotml.testing.errors.AiotMLTestCaseCompilerError">org.aiotml.testing.errors.AiotMLTestCaseCompilerError: Cannot run compiler'posixmt' on the current platform
Caused by: org.aiotml.testing.errors.AiotMLExecutionError: 
make -v - Non-zero return value
[stdout]

[stderr]
'make' �����ڲ����ⲿ���Ҳ���ǿ����еĳ���
���������ļ���

</failure>
  </testcase>
  <testcase name="Go [testSelfMessageB]" classname="testSelfMessageB [General.Others]" time="0.053">
    <failure message="Test execution - Non-zero return value&#10;[stdout]&#10;&#10;[stderr]&#10;testconfiguration_generated.go:4:2: cannot find package &quot;github.com/SINTEF-9012/gosm&quot; in any of:&#10;	D:\Go\src\github.com\SINTEF-9012\gosm (from $GOROOT)&#10;	F:\MasterLab\go-ethereum\src\github.com\SINTEF-9012\gosm (from $GOPATH)&#10;" type="org.aiotml.testing.errors.AiotMLExecutionError">org.aiotml.testing.errors.AiotMLExecutionError: 
Test execution - Non-zero return value
[stdout]

[stderr]
testconfiguration_generated.go:4:2: cannot find package "github.com/SINTEF-9012/gosm" in any of:
	D:\Go\src\github.com\SINTEF-9012\gosm (from $GOROOT)
	F:\MasterLab\go-ethereum\src\github.com\SINTEF-9012\gosm (from $GOPATH)

</failure>
  </testcase>
  <testcase name="NodeJS [testVariablesScope]" classname="testVariablesScope [General.Others]" time="0.001">
    <failure message="Cannot run compiler&apos;nodejs&apos; on the current platform" type="org.aiotml.testing.errors.AiotMLTestCaseCompilerError">org.aiotml.testing.errors.AiotMLTestCaseCompilerError: Cannot run compiler'nodejs' on the current platform
Caused by: org.aiotml.testing.errors.AiotMLExecutionError: 
node -v - Non-zero return value
[stdout]

[stderr]
'node' �����ڲ����ⲿ���Ҳ���ǿ����еĳ���
���������ļ���

</failure>
  </testcase>
  <testcase name="Java [testVariablesScope]" classname="testVariablesScope [General.Others]" time="0.002">
    <failure message="Cannot run compiler&apos;java&apos; on the current platform" type="org.aiotml.testing.errors.AiotMLTestCaseCompilerError">org.aiotml.testing.errors.AiotMLTestCaseCompilerError: Cannot run compiler'java' on the current platform
Caused by: org.aiotml.testing.errors.AiotMLExecutionError: 
mvn -v - Non-zero return value
[stdout]

[stderr]
'mvn' �����ڲ����ⲿ���Ҳ���ǿ����еĳ���
���������ļ���

</failure>
  </testcase>
  <testcase name="Posix [testVariablesScope]" classname="testVariablesScope [General.Others]" time="0.001">
    <failure message="Cannot run compiler&apos;posix&apos; on the current platform" type="org.aiotml.testing.errors.AiotMLTestCaseCompilerError">org.aiotml.testing.errors.AiotMLTestCaseCompilerError: Cannot run compiler'posix' on the current platform
Caused by: org.aiotml.testing.errors.AiotMLExecutionError: 
make -v - Non-zero return value
[stdout]

[stderr]
'make' �����ڲ����ⲿ���Ҳ���ǿ����еĳ���
���������ļ���

</failure>
  </testcase>
  <testcase name="PosixMT [testVariablesScope]" classname="testVariablesScope [General.Others]" time="0.001">
    <failure message="Cannot run compiler&apos;posixmt&apos; on the current platform" type="org.aiotml.testing.errors.AiotMLTestCaseCompilerError">org.aiotml.testing.errors.AiotMLTestCaseCompilerError: Cannot run compiler'posixmt' on the current platform
Caused by: org.aiotml.testing.errors.AiotMLExecutionError: 
make -v - Non-zero return value
[stdout]

[stderr]
'make' �����ڲ����ⲿ���Ҳ���ǿ����еĳ���
���������ļ���

</failure>
  </testcase>
  <testcase name="Go [testSerialization]" classname="testSerialization [General.Others]" time="0.184">
    <failure message="Test execution - Non-zero return value&#10;[stdout]&#10;&#10;[stderr]&#10;testconfiguration_generated.go:4:2: cannot find package &quot;github.com/SINTEF-9012/gosm&quot; in any of:&#10;	D:\Go\src\github.com\SINTEF-9012\gosm (from $GOROOT)&#10;	F:\MasterLab\go-ethereum\src\github.com\SINTEF-9012\gosm (from $GOPATH)&#10;" type="org.aiotml.testing.errors.AiotMLExecutionError">org.aiotml.testing.errors.AiotMLExecutionError: 
Test execution - Non-zero return value
[stdout]

[stderr]
testconfiguration_generated.go:4:2: cannot find package "github.com/SINTEF-9012/gosm" in any of:
	D:\Go\src\github.com\SINTEF-9012\gosm (from $GOROOT)
	F:\MasterLab\go-ethereum\src\github.com\SINTEF-9012\gosm (from $GOPATH)

</failure>
  </testcase>
  <testcase name="NodeJS [testVariables]" classname="testVariables [General.Others]" time="0.024">
    <failure message="Cannot run compiler&apos;nodejs&apos; on the current platform" type="org.aiotml.testing.errors.AiotMLTestCaseCompilerError">org.aiotml.testing.errors.AiotMLTestCaseCompilerError: Cannot run compiler'nodejs' on the current platform
Caused by: org.aiotml.testing.errors.AiotMLExecutionError: 
node -v - Non-zero return value
[stdout]

[stderr]
'node' �����ڲ����ⲿ���Ҳ���ǿ����еĳ���
���������ļ���

</failure>
  </testcase>
  <testcase name="Java [testVariables]" classname="testVariables [General.Others]" time="0.096">
    <failure message="Cannot run compiler&apos;java&apos; on the current platform" type="org.aiotml.testing.errors.AiotMLTestCaseCompilerError">org.aiotml.testing.errors.AiotMLTestCaseCompilerError: Cannot run compiler'java' on the current platform
Caused by: org.aiotml.testing.errors.AiotMLExecutionError: 
mvn -v - Non-zero return value
[stdout]

[stderr]
'mvn' �����ڲ����ⲿ���Ҳ���ǿ����еĳ���
���������ļ���

</failure>
  </testcase>
  <testcase name="Posix [testVariables]" classname="testVariables [General.Others]" time="0">
    <failure message="Cannot run compiler&apos;posix&apos; on the current platform" type="org.aiotml.testing.errors.AiotMLTestCaseCompilerError">org.aiotml.testing.errors.AiotMLTestCaseCompilerError: Cannot run compiler'posix' on the current platform
Caused by: org.aiotml.testing.errors.AiotMLExecutionError: 
make -v - Non-zero return value
[stdout]

[stderr]
'make' �����ڲ����ⲿ���Ҳ���ǿ����еĳ���
���������ļ���

</failure>
  </testcase>
  <testcase name="PosixMT [testVariables]" classname="testVariables [General.Others]" time="0">
    <failure message="Cannot run compiler&apos;posixmt&apos; on the current platform" type="org.aiotml.testing.errors.AiotMLTestCaseCompilerError">org.aiotml.testing.errors.AiotMLTestCaseCompilerError: Cannot run compiler'posixmt' on the current platform
Caused by: org.aiotml.testing.errors.AiotMLExecutionError: 
make -v - Non-zero return value
[stdout]

[stderr]
'make' �����ڲ����ⲿ���Ҳ���ǿ����еĳ���
���������ļ���

</failure>
  </testcase>
  <testcase name="Go [testSelfMessageB3]" classname="testSelfMessageB3 [General.Others]" time="0.403">
    <failure message="Test execution - Non-zero return value&#10;[stdout]&#10;&#10;[stderr]&#10;testconfiguration_generated.go:4:2: cannot find package &quot;github.com/SINTEF-9012/gosm&quot; in any of:&#10;	D:\Go\src\github.com\SINTEF-9012\gosm (from $GOROOT)&#10;	F:\MasterLab\go-ethereum\src\github.com\SINTEF-9012\gosm (from $GOPATH)&#10;" type="org.aiotml.testing.errors.AiotMLExecutionError">org.aiotml.testing.errors.AiotMLExecutionError: 
Test execution - Non-zero return value
[stdout]

[stderr]
testconfiguration_generated.go:4:2: cannot find package "github.com/SINTEF-9012/gosm" in any of:
	D:\Go\src\github.com\SINTEF-9012\gosm (from $GOROOT)
	F:\MasterLab\go-ethereum\src\github.com\SINTEF-9012\gosm (from $GOPATH)

</failure>
  </testcase>
  <testcase name="NodeJS [testPropertiesInitOrder2]" classname="testPropertiesInitOrder2 [General.Properties]" time="0.001">
    <failure message="Cannot run compiler&apos;nodejs&apos; on the current platform" type="org.aiotml.testing.errors.AiotMLTestCaseCompilerError">org.aiotml.testing.errors.AiotMLTestCaseCompilerError: Cannot run compiler'nodejs' on the current platform
Caused by: org.aiotml.testing.errors.AiotMLExecutionError: 
node -v - Non-zero return value
[stdout]

[stderr]
'node' �����ڲ����ⲿ���Ҳ���ǿ����еĳ���
���������ļ���

</failure>
  </testcase>
  <testcase name="Java [testPropertiesInitOrder2]" classname="testPropertiesInitOrder2 [General.Properties]" time="0.001">
    <failure message="Cannot run compiler&apos;java&apos; on the current platform" type="org.aiotml.testing.errors.AiotMLTestCaseCompilerError">org.aiotml.testing.errors.AiotMLTestCaseCompilerError: Cannot run compiler'java' on the current platform
Caused by: org.aiotml.testing.errors.AiotMLExecutionError: 
mvn -v - Non-zero return value
[stdout]

[stderr]
'mvn' �����ڲ����ⲿ���Ҳ���ǿ����еĳ���
���������ļ���

</failure>
  </testcase>
  <testcase name="Posix [testPropertiesInitOrder2]" classname="testPropertiesInitOrder2 [General.Properties]" time="0.001">
    <failure message="Cannot run compiler&apos;posix&apos; on the current platform" type="org.aiotml.testing.errors.AiotMLTestCaseCompilerError">org.aiotml.testing.errors.AiotMLTestCaseCompilerError: Cannot run compiler'posix' on the current platform
Caused by: org.aiotml.testing.errors.AiotMLExecutionError: 
make -v - Non-zero return value
[stdout]

[stderr]
'make' �����ڲ����ⲿ���Ҳ���ǿ����еĳ���
���������ļ���

</failure>
  </testcase>
  <testcase name="PosixMT [testPropertiesInitOrder2]" classname="testPropertiesInitOrder2 [General.Properties]" time="0.001">
    <failure message="Cannot run compiler&apos;posixmt&apos; on the current platform" type="org.aiotml.testing.errors.AiotMLTestCaseCompilerError">org.aiotml.testing.errors.AiotMLTestCaseCompilerError: Cannot run compiler'posixmt' on the current platform
Caused by: org.aiotml.testing.errors.AiotMLExecutionError: 
make -v - Non-zero return value
[stdout]

[stderr]
'make' �����ڲ����ⲿ���Ҳ���ǿ����еĳ���
���������ļ���

</failure>
  </testcase>
  <testcase name="Go [testVariablesScope]" classname="testVariablesScope [General.Others]" time="0.09">
    <failure message="Test execution - Non-zero return value&#10;[stdout]&#10;&#10;[stderr]&#10;testconfiguration_generated.go:4:2: cannot find package &quot;github.com/SINTEF-9012/gosm&quot; in any of:&#10;	D:\Go\src\github.com\SINTEF-9012\gosm (from $GOROOT)&#10;	F:\MasterLab\go-ethereum\src\github.com\SINTEF-9012\gosm (from $GOPATH)&#10;" type="org.aiotml.testing.errors.AiotMLExecutionError">org.aiotml.testing.errors.AiotMLExecutionError: 
Test execution - Non-zero return value
[stdout]

[stderr]
testconfiguration_generated.go:4:2: cannot find package "github.com/SINTEF-9012/gosm" in any of:
	D:\Go\src\github.com\SINTEF-9012\gosm (from $GOROOT)
	F:\MasterLab\go-ethereum\src\github.com\SINTEF-9012\gosm (from $GOPATH)

</failure>
  </testcase>
  <testcase name="NodeJS [testPropertiesInitOrder]" classname="testPropertiesInitOrder [General.Properties]" time="0.001">
    <failure message="Cannot run compiler&apos;nodejs&apos; on the current platform" type="org.aiotml.testing.errors.AiotMLTestCaseCompilerError">org.aiotml.testing.errors.AiotMLTestCaseCompilerError: Cannot run compiler'nodejs' on the current platform
Caused by: org.aiotml.testing.errors.AiotMLExecutionError: 
node -v - Non-zero return value
[stdout]

[stderr]
'node' �����ڲ����ⲿ���Ҳ���ǿ����еĳ���
���������ļ���

</failure>
  </testcase>
  <testcase name="Java [testPropertiesInitOrder]" classname="testPropertiesInitOrder [General.Properties]" time="0">
    <failure message="Cannot run compiler&apos;java&apos; on the current platform" type="org.aiotml.testing.errors.AiotMLTestCaseCompilerError">org.aiotml.testing.errors.AiotMLTestCaseCompilerError: Cannot run compiler'java' on the current platform
Caused by: org.aiotml.testing.errors.AiotMLExecutionError: 
mvn -v - Non-zero return value
[stdout]

[stderr]
'mvn' �����ڲ����ⲿ���Ҳ���ǿ����еĳ���
���������ļ���

</failure>
  </testcase>
  <testcase name="Posix [testPropertiesInitOrder]" classname="testPropertiesInitOrder [General.Properties]" time="0.001">
    <failure message="Cannot run compiler&apos;posix&apos; on the current platform" type="org.aiotml.testing.errors.AiotMLTestCaseCompilerError">org.aiotml.testing.errors.AiotMLTestCaseCompilerError: Cannot run compiler'posix' on the current platform
Caused by: org.aiotml.testing.errors.AiotMLExecutionError: 
make -v - Non-zero return value
[stdout]

[stderr]
'make' �����ڲ����ⲿ���Ҳ���ǿ����еĳ���
���������ļ���

</failure>
  </testcase>
  <testcase name="PosixMT [testPropertiesInitOrder]" classname="testPropertiesInitOrder [General.Properties]" time="0.001">
    <failure message="Cannot run compiler&apos;posixmt&apos; on the current platform" type="org.aiotml.testing.errors.AiotMLTestCaseCompilerError">org.aiotml.testing.errors.AiotMLTestCaseCompilerError: Cannot run compiler'posixmt' on the current platform
Caused by: org.aiotml.testing.errors.AiotMLExecutionError: 
make -v - Non-zero return value
[stdout]

[stderr]
'make' �����ڲ����ⲿ���Ҳ���ǿ����еĳ���
���������ļ���

</failure>
  </testcase>
  <testcase name="Go [testVariables]" classname="testVariables [General.Others]" time="0.202">
    <failure message="Test execution - Non-zero return value&#10;[stdout]&#10;&#10;[stderr]&#10;testconfiguration_generated.go:4:2: cannot find package &quot;github.com/SINTEF-9012/gosm&quot; in any of:&#10;	D:\Go\src\github.com\SINTEF-9012\gosm (from $GOROOT)&#10;	F:\MasterLab\go-ethereum\src\github.com\SINTEF-9012\gosm (from $GOPATH)&#10;" type="org.aiotml.testing.errors.AiotMLExecutionError">org.aiotml.testing.errors.AiotMLExecutionError: 
Test execution - Non-zero return value
[stdout]

[stderr]
testconfiguration_generated.go:4:2: cannot find package "github.com/SINTEF-9012/gosm" in any of:
	D:\Go\src\github.com\SINTEF-9012\gosm (from $GOROOT)
	F:\MasterLab\go-ethereum\src\github.com\SINTEF-9012\gosm (from $GOPATH)

</failure>
  </testcase>
  <testcase name="NodeJS [testSession]" classname="testSession [General.Sessions]" time="0.084">
    <failure message="Cannot run compiler&apos;nodejs&apos; on the current platform" type="org.aiotml.testing.errors.AiotMLTestCaseCompilerError">org.aiotml.testing.errors.AiotMLTestCaseCompilerError: Cannot run compiler'nodejs' on the current platform
Caused by: org.aiotml.testing.errors.AiotMLExecutionError: 
node -v - Non-zero return value
[stdout]

[stderr]
'node' �����ڲ����ⲿ���Ҳ���ǿ����еĳ���
���������ļ���

</failure>
  </testcase>
  <testcase name="Java [testSession]" classname="testSession [General.Sessions]" time="0.001">
    <failure message="Cannot run compiler&apos;java&apos; on the current platform" type="org.aiotml.testing.errors.AiotMLTestCaseCompilerError">org.aiotml.testing.errors.AiotMLTestCaseCompilerError: Cannot run compiler'java' on the current platform
Caused by: org.aiotml.testing.errors.AiotMLExecutionError: 
mvn -v - Non-zero return value
[stdout]

[stderr]
'mvn' �����ڲ����ⲿ���Ҳ���ǿ����еĳ���
���������ļ���

</failure>
  </testcase>
  <testcase name="Posix [testSession]" classname="testSession [General.Sessions]" time="0.001">
    <failure message="Cannot run compiler&apos;posix&apos; on the current platform" type="org.aiotml.testing.errors.AiotMLTestCaseCompilerError">org.aiotml.testing.errors.AiotMLTestCaseCompilerError: Cannot run compiler'posix' on the current platform
Caused by: org.aiotml.testing.errors.AiotMLExecutionError: 
make -v - Non-zero return value
[stdout]

[stderr]
'make' �����ڲ����ⲿ���Ҳ���ǿ����еĳ���
���������ļ���

</failure>
  </testcase>
  <testcase name="PosixMT [testSession]" classname="testSession [General.Sessions]" time="0">
    <failure message="Cannot run compiler&apos;posixmt&apos; on the current platform" type="org.aiotml.testing.errors.AiotMLTestCaseCompilerError">org.aiotml.testing.errors.AiotMLTestCaseCompilerError: Cannot run compiler'posixmt' on the current platform
Caused by: org.aiotml.testing.errors.AiotMLExecutionError: 
make -v - Non-zero return value
[stdout]

[stderr]
'make' �����ڲ����ⲿ���Ҳ���ǿ����еĳ���
���������ļ���

</failure>
  </testcase>
  <testcase name="Go [testPropertiesInitOrder2]" classname="testPropertiesInitOrder2 [General.Properties]" time="0.104">
    <failure message="Exception while running test case&#10;	java.base/jdk.internal.util.Preconditions.outOfBounds(Preconditions.java:64)&#10;	java.base/jdk.internal.util.Preconditions.outOfBoundsCheckIndex(Preconditions.java:70)&#10;	java.base/jdk.internal.util.Preconditions.checkIndex(Preconditions.java:248)&#10;	java.base/java.util.Objects.checkIndex(Objects.java:372)&#10;	java.base/java.util.ArrayList.get(ArrayList.java:440)&#10;	compilers.go.GoThingImplCompiler.generateImplementation(GoThingImplCompiler.java:556)&#10;	compilers.go.GoCompiler.do_call_compiler(GoCompiler.java:127)&#10;	org.aiotml.compilers.utils.OpaqueAiotMLCompiler.compile(OpaqueAiotMLCompiler.java:131)&#10;	org.aiotml.testing.framework.AiotMLTestCase.runCase(AiotMLTestCase.java:175)&#10;	org.aiotml.testing.framework.AiotMLTestCase.run(AiotMLTestCase.java:107)&#10;	org.aiotml.testing.utilities.TimeoutThreadPoolExecutor$Cancellable.run(TimeoutThreadPoolExecutor.java:156)&#10;	java.base/java.util.concurrent.Executors$RunnableAdapter.call(Executors.java:514)&#10;	java.base/java.util.concurrent.FutureTask.run(FutureTask.java:264)&#10;	java.base/java.util.concurrent.ThreadPoolExecutor.runWorker(ThreadPoolExecutor.java:1167)&#10;	java.base/java.util.concurrent.ThreadPoolExecutor$Worker.run(ThreadPoolExecutor.java:641)&#10;	java.base/java.lang.Thread.run(Thread.java:844)" type="java.lang.AssertionError">java.lang.AssertionError: 
Exception while running test case
	java.base/jdk.internal.util.Preconditions.outOfBounds(Preconditions.java:64)
	java.base/jdk.internal.util.Preconditions.outOfBoundsCheckIndex(Preconditions.java:70)
	java.base/jdk.internal.util.Preconditions.checkIndex(Preconditions.java:248)
	java.base/java.util.Objects.checkIndex(Objects.java:372)
	java.base/java.util.ArrayList.get(ArrayList.java:440)
	compilers.go.GoThingImplCompiler.generateImplementation(GoThingImplCompiler.java:556)
	compilers.go.GoCompiler.do_call_compiler(GoCompiler.java:127)
	org.aiotml.compilers.utils.OpaqueAiotMLCompiler.compile(OpaqueAiotMLCompiler.java:131)
	org.aiotml.testing.framework.AiotMLTestCase.runCase(AiotMLTestCase.java:175)
	org.aiotml.testing.framework.AiotMLTestCase.run(AiotMLTestCase.java:107)
	org.aiotml.testing.utilities.TimeoutThreadPoolExecutor$Cancellable.run(TimeoutThreadPoolExecutor.java:156)
	java.base/java.util.concurrent.Executors$RunnableAdapter.call(Executors.java:514)
	java.base/java.util.concurrent.FutureTask.run(FutureTask.java:264)
	java.base/java.util.concurrent.ThreadPoolExecutor.runWorker(ThreadPoolExecutor.java:1167)
	java.base/java.util.concurrent.ThreadPoolExecutor$Worker.run(ThreadPoolExecutor.java:641)
	java.base/java.lang.Thread.run(Thread.java:844)
Caused by: java.lang.IndexOutOfBoundsException: Index 0 out-of-bounds for length 0
</failure>
  </testcase>
  <testcase name="NodeJS [testPropertyInitExecution]" classname="testPropertyInitExecution [General.Properties]" time="0.002">
    <failure message="Cannot run compiler&apos;nodejs&apos; on the current platform" type="org.aiotml.testing.errors.AiotMLTestCaseCompilerError">org.aiotml.testing.errors.AiotMLTestCaseCompilerError: Cannot run compiler'nodejs' on the current platform
Caused by: org.aiotml.testing.errors.AiotMLExecutionError: 
node -v - Non-zero return value
[stdout]

[stderr]
'node' �����ڲ����ⲿ���Ҳ���ǿ����еĳ���
���������ļ���

</failure>
  </testcase>
  <testcase name="Java [testPropertyInitExecution]" classname="testPropertyInitExecution [General.Properties]" time="0.001">
    <failure message="Cannot run compiler&apos;java&apos; on the current platform" type="org.aiotml.testing.errors.AiotMLTestCaseCompilerError">org.aiotml.testing.errors.AiotMLTestCaseCompilerError: Cannot run compiler'java' on the current platform
Caused by: org.aiotml.testing.errors.AiotMLExecutionError: 
mvn -v - Non-zero return value
[stdout]

[stderr]
'mvn' �����ڲ����ⲿ���Ҳ���ǿ����еĳ���
���������ļ���

</failure>
  </testcase>
  <testcase name="Posix [testPropertyInitExecution]" classname="testPropertyInitExecution [General.Properties]" time="0.001">
    <failure message="Cannot run compiler&apos;posix&apos; on the current platform" type="org.aiotml.testing.errors.AiotMLTestCaseCompilerError">org.aiotml.testing.errors.AiotMLTestCaseCompilerError: Cannot run compiler'posix' on the current platform
Caused by: org.aiotml.testing.errors.AiotMLExecutionError: 
make -v - Non-zero return value
[stdout]

[stderr]
'make' �����ڲ����ⲿ���Ҳ���ǿ����еĳ���
���������ļ���

</failure>
  </testcase>
  <testcase name="PosixMT [testPropertyInitExecution]" classname="testPropertyInitExecution [General.Properties]" time="0.001">
    <failure message="Cannot run compiler&apos;posixmt&apos; on the current platform" type="org.aiotml.testing.errors.AiotMLTestCaseCompilerError">org.aiotml.testing.errors.AiotMLTestCaseCompilerError: Cannot run compiler'posixmt' on the current platform
Caused by: org.aiotml.testing.errors.AiotMLExecutionError: 
make -v - Non-zero return value
[stdout]

[stderr]
'make' �����ڲ����ⲿ���Ҳ���ǿ����еĳ���
���������ļ���

</failure>
  </testcase>
  <testcase name="Go [testPropertiesInitOrder]" classname="testPropertiesInitOrder [General.Properties]" time="0.096">
    <failure message="Exception while running test case&#10;	java.base/jdk.internal.util.Preconditions.outOfBounds(Preconditions.java:64)&#10;	java.base/jdk.internal.util.Preconditions.outOfBoundsCheckIndex(Preconditions.java:70)&#10;	java.base/jdk.internal.util.Preconditions.checkIndex(Preconditions.java:248)&#10;	java.base/java.util.Objects.checkIndex(Objects.java:372)&#10;	java.base/java.util.ArrayList.get(ArrayList.java:440)&#10;	compilers.go.GoThingImplCompiler.generateImplementation(GoThingImplCompiler.java:556)&#10;	compilers.go.GoCompiler.do_call_compiler(GoCompiler.java:127)&#10;	org.aiotml.compilers.utils.OpaqueAiotMLCompiler.compile(OpaqueAiotMLCompiler.java:131)&#10;	org.aiotml.testing.framework.AiotMLTestCase.runCase(AiotMLTestCase.java:175)&#10;	org.aiotml.testing.framework.AiotMLTestCase.run(AiotMLTestCase.java:107)&#10;	org.aiotml.testing.utilities.TimeoutThreadPoolExecutor$Cancellable.run(TimeoutThreadPoolExecutor.java:156)&#10;	java.base/java.util.concurrent.Executors$RunnableAdapter.call(Executors.java:514)&#10;	java.base/java.util.concurrent.FutureTask.run(FutureTask.java:264)&#10;	java.base/java.util.concurrent.ThreadPoolExecutor.runWorker(ThreadPoolExecutor.java:1167)&#10;	java.base/java.util.concurrent.ThreadPoolExecutor$Worker.run(ThreadPoolExecutor.java:641)&#10;	java.base/java.lang.Thread.run(Thread.java:844)" type="java.lang.AssertionError">java.lang.AssertionError: 
Exception while running test case
	java.base/jdk.internal.util.Preconditions.outOfBounds(Preconditions.java:64)
	java.base/jdk.internal.util.Preconditions.outOfBoundsCheckIndex(Preconditions.java:70)
	java.base/jdk.internal.util.Preconditions.checkIndex(Preconditions.java:248)
	java.base/java.util.Objects.checkIndex(Objects.java:372)
	java.base/java.util.ArrayList.get(ArrayList.java:440)
	compilers.go.GoThingImplCompiler.generateImplementation(GoThingImplCompiler.java:556)
	compilers.go.GoCompiler.do_call_compiler(GoCompiler.java:127)
	org.aiotml.compilers.utils.OpaqueAiotMLCompiler.compile(OpaqueAiotMLCompiler.java:131)
	org.aiotml.testing.framework.AiotMLTestCase.runCase(AiotMLTestCase.java:175)
	org.aiotml.testing.framework.AiotMLTestCase.run(AiotMLTestCase.java:107)
	org.aiotml.testing.utilities.TimeoutThreadPoolExecutor$Cancellable.run(TimeoutThreadPoolExecutor.java:156)
	java.base/java.util.concurrent.Executors$RunnableAdapter.call(Executors.java:514)
	java.base/java.util.concurrent.FutureTask.run(FutureTask.java:264)
	java.base/java.util.concurrent.ThreadPoolExecutor.runWorker(ThreadPoolExecutor.java:1167)
	java.base/java.util.concurrent.ThreadPoolExecutor$Worker.run(ThreadPoolExecutor.java:641)
	java.base/java.lang.Thread.run(Thread.java:844)
Caused by: java.lang.IndexOutOfBoundsException: Index 0 out-of-bounds for length 0
</failure>
  </testcase>
  <testcase name="NodeJS [testSession3]" classname="testSession3 [General.Sessions]" time="0.181">
    <failure message="Cannot run compiler&apos;nodejs&apos; on the current platform" type="org.aiotml.testing.errors.AiotMLTestCaseCompilerError">org.aiotml.testing.errors.AiotMLTestCaseCompilerError: Cannot run compiler'nodejs' on the current platform
Caused by: org.aiotml.testing.errors.AiotMLExecutionError: 
node -v - Non-zero return value
[stdout]

[stderr]
'node' �����ڲ����ⲿ���Ҳ���ǿ����еĳ���
���������ļ���

</failure>
  </testcase>
  <testcase name="Java [testSession3]" classname="testSession3 [General.Sessions]" time="0.001">
    <failure message="Cannot run compiler&apos;java&apos; on the current platform" type="org.aiotml.testing.errors.AiotMLTestCaseCompilerError">org.aiotml.testing.errors.AiotMLTestCaseCompilerError: Cannot run compiler'java' on the current platform
Caused by: org.aiotml.testing.errors.AiotMLExecutionError: 
mvn -v - Non-zero return value
[stdout]

[stderr]
'mvn' �����ڲ����ⲿ���Ҳ���ǿ����еĳ���
���������ļ���

</failure>
  </testcase>
  <testcase name="Posix [testSession3]" classname="testSession3 [General.Sessions]" time="0.001">
    <failure message="Cannot run compiler&apos;posix&apos; on the current platform" type="org.aiotml.testing.errors.AiotMLTestCaseCompilerError">org.aiotml.testing.errors.AiotMLTestCaseCompilerError: Cannot run compiler'posix' on the current platform
Caused by: org.aiotml.testing.errors.AiotMLExecutionError: 
make -v - Non-zero return value
[stdout]

[stderr]
'make' �����ڲ����ⲿ���Ҳ���ǿ����еĳ���
���������ļ���

</failure>
  </testcase>
  <testcase name="PosixMT [testSession3]" classname="testSession3 [General.Sessions]" time="0.001">
    <failure message="Cannot run compiler&apos;posixmt&apos; on the current platform" type="org.aiotml.testing.errors.AiotMLTestCaseCompilerError">org.aiotml.testing.errors.AiotMLTestCaseCompilerError: Cannot run compiler'posixmt' on the current platform
Caused by: org.aiotml.testing.errors.AiotMLExecutionError: 
make -v - Non-zero return value
[stdout]

[stderr]
'make' �����ڲ����ⲿ���Ҳ���ǿ����еĳ���
���������ļ���

</failure>
  </testcase>
  <testcase name="Go [testSession]" classname="testSession [General.Sessions]" time="0.396">
    <failure message="Test execution - Non-zero return value&#10;[stdout]&#10;&#10;[stderr]&#10;testconfiguration_generated.go:4:2: cannot find package &quot;github.com/SINTEF-9012/gosm&quot; in any of:&#10;	D:\Go\src\github.com\SINTEF-9012\gosm (from $GOROOT)&#10;	F:\MasterLab\go-ethereum\src\github.com\SINTEF-9012\gosm (from $GOPATH)&#10;" type="org.aiotml.testing.errors.AiotMLExecutionError">org.aiotml.testing.errors.AiotMLExecutionError: 
Test execution - Non-zero return value
[stdout]

[stderr]
testconfiguration_generated.go:4:2: cannot find package "github.com/SINTEF-9012/gosm" in any of:
	D:\Go\src\github.com\SINTEF-9012\gosm (from $GOROOT)
	F:\MasterLab\go-ethereum\src\github.com\SINTEF-9012\gosm (from $GOPATH)

</failure>
  </testcase>
  <testcase name="NodeJS [testSession2]" classname="testSession2 [General.Sessions]" time="0.001">
    <failure message="Cannot run compiler&apos;nodejs&apos; on the current platform" type="org.aiotml.testing.errors.AiotMLTestCaseCompilerError">org.aiotml.testing.errors.AiotMLTestCaseCompilerError: Cannot run compiler'nodejs' on the current platform
Caused by: org.aiotml.testing.errors.AiotMLExecutionError: 
node -v - Non-zero return value
[stdout]

[stderr]
'node' �����ڲ����ⲿ���Ҳ���ǿ����еĳ���
���������ļ���

</failure>
  </testcase>
  <testcase name="Java [testSession2]" classname="testSession2 [General.Sessions]" time="0">
    <failure message="Cannot run compiler&apos;java&apos; on the current platform" type="org.aiotml.testing.errors.AiotMLTestCaseCompilerError">org.aiotml.testing.errors.AiotMLTestCaseCompilerError: Cannot run compiler'java' on the current platform
Caused by: org.aiotml.testing.errors.AiotMLExecutionError: 
mvn -v - Non-zero return value
[stdout]

[stderr]
'mvn' �����ڲ����ⲿ���Ҳ���ǿ����еĳ���
���������ļ���

</failure>
  </testcase>
  <testcase name="Posix [testSession2]" classname="testSession2 [General.Sessions]" time="0.001">
    <failure message="Cannot run compiler&apos;posix&apos; on the current platform" type="org.aiotml.testing.errors.AiotMLTestCaseCompilerError">org.aiotml.testing.errors.AiotMLTestCaseCompilerError: Cannot run compiler'posix' on the current platform
Caused by: org.aiotml.testing.errors.AiotMLExecutionError: 
make -v - Non-zero return value
[stdout]

[stderr]
'make' �����ڲ����ⲿ���Ҳ���ǿ����еĳ���
���������ļ���

</failure>
  </testcase>
  <testcase name="PosixMT [testSession2]" classname="testSession2 [General.Sessions]" time="0.001">
    <failure message="Cannot run compiler&apos;posixmt&apos; on the current platform" type="org.aiotml.testing.errors.AiotMLTestCaseCompilerError">org.aiotml.testing.errors.AiotMLTestCaseCompilerError: Cannot run compiler'posixmt' on the current platform
Caused by: org.aiotml.testing.errors.AiotMLExecutionError: 
make -v - Non-zero return value
[stdout]

[stderr]
'make' �����ڲ����ⲿ���Ҳ���ǿ����еĳ���
���������ļ���

</failure>
  </testcase>
  <testcase name="Go [testPropertyInitExecution]" classname="testPropertyInitExecution [General.Properties]" time="0.108">
    <failure message="Test execution - Non-zero return value&#10;[stdout]&#10;&#10;[stderr]&#10;testconfiguration_generated.go:4:2: cannot find package &quot;github.com/SINTEF-9012/gosm&quot; in any of:&#10;	D:\Go\src\github.com\SINTEF-9012\gosm (from $GOROOT)&#10;	F:\MasterLab\go-ethereum\src\github.com\SINTEF-9012\gosm (from $GOPATH)&#10;" type="org.aiotml.testing.errors.AiotMLExecutionError">org.aiotml.testing.errors.AiotMLExecutionError: 
Test execution - Non-zero return value
[stdout]

[stderr]
testconfiguration_generated.go:4:2: cannot find package "github.com/SINTEF-9012/gosm" in any of:
	D:\Go\src\github.com\SINTEF-9012\gosm (from $GOROOT)
	F:\MasterLab\go-ethereum\src\github.com\SINTEF-9012\gosm (from $GOPATH)

</failure>
  </testcase>
  <testcase name="NodeJS [testSession5]" classname="testSession5 [General.Sessions]" time="0">
    <failure message="Cannot run compiler&apos;nodejs&apos; on the current platform" type="org.aiotml.testing.errors.AiotMLTestCaseCompilerError">org.aiotml.testing.errors.AiotMLTestCaseCompilerError: Cannot run compiler'nodejs' on the current platform
Caused by: org.aiotml.testing.errors.AiotMLExecutionError: 
node -v - Non-zero return value
[stdout]

[stderr]
'node' �����ڲ����ⲿ���Ҳ���ǿ����еĳ���
���������ļ���

</failure>
  </testcase>
  <testcase name="Java [testSession5]" classname="testSession5 [General.Sessions]" time="0.001">
    <failure message="Cannot run compiler&apos;java&apos; on the current platform" type="org.aiotml.testing.errors.AiotMLTestCaseCompilerError">org.aiotml.testing.errors.AiotMLTestCaseCompilerError: Cannot run compiler'java' on the current platform
Caused by: org.aiotml.testing.errors.AiotMLExecutionError: 
mvn -v - Non-zero return value
[stdout]

[stderr]
'mvn' �����ڲ����ⲿ���Ҳ���ǿ����еĳ���
���������ļ���

</failure>
  </testcase>
  <testcase name="Posix [testSession5]" classname="testSession5 [General.Sessions]" time="0.001">
    <failure message="Cannot run compiler&apos;posix&apos; on the current platform" type="org.aiotml.testing.errors.AiotMLTestCaseCompilerError">org.aiotml.testing.errors.AiotMLTestCaseCompilerError: Cannot run compiler'posix' on the current platform
Caused by: org.aiotml.testing.errors.AiotMLExecutionError: 
make -v - Non-zero return value
[stdout]

[stderr]
'make' �����ڲ����ⲿ���Ҳ���ǿ����еĳ���
���������ļ���

</failure>
  </testcase>
  <testcase name="PosixMT [testSession5]" classname="testSession5 [General.Sessions]" time="0.001">
    <failure message="Cannot run compiler&apos;posixmt&apos; on the current platform" type="org.aiotml.testing.errors.AiotMLTestCaseCompilerError">org.aiotml.testing.errors.AiotMLTestCaseCompilerError: Cannot run compiler'posixmt' on the current platform
Caused by: org.aiotml.testing.errors.AiotMLExecutionError: 
make -v - Non-zero return value
[stdout]

[stderr]
'make' �����ڲ����ⲿ���Ҳ���ǿ����еĳ���
���������ļ���

</failure>
  </testcase>
  <testcase name="Go [testSession3]" classname="testSession3 [General.Sessions]" time="0.18">
    <failure message="Test execution - Non-zero return value&#10;[stdout]&#10;&#10;[stderr]&#10;testconfiguration_generated.go:4:2: cannot find package &quot;github.com/SINTEF-9012/gosm&quot; in any of:&#10;	D:\Go\src\github.com\SINTEF-9012\gosm (from $GOROOT)&#10;	F:\MasterLab\go-ethereum\src\github.com\SINTEF-9012\gosm (from $GOPATH)&#10;" type="org.aiotml.testing.errors.AiotMLExecutionError">org.aiotml.testing.errors.AiotMLExecutionError: 
Test execution - Non-zero return value
[stdout]

[stderr]
testconfiguration_generated.go:4:2: cannot find package "github.com/SINTEF-9012/gosm" in any of:
	D:\Go\src\github.com\SINTEF-9012\gosm (from $GOROOT)
	F:\MasterLab\go-ethereum\src\github.com\SINTEF-9012\gosm (from $GOPATH)

</failure>
  </testcase>
  <testcase name="NodeJS [testSession4]" classname="testSession4 [General.Sessions]" time="0.166">
    <failure message="Cannot run compiler&apos;nodejs&apos; on the current platform" type="org.aiotml.testing.errors.AiotMLTestCaseCompilerError">org.aiotml.testing.errors.AiotMLTestCaseCompilerError: Cannot run compiler'nodejs' on the current platform
Caused by: org.aiotml.testing.errors.AiotMLExecutionError: 
node -v - Non-zero return value
[stdout]

[stderr]
'node' �����ڲ����ⲿ���Ҳ���ǿ����еĳ���
���������ļ���

</failure>
  </testcase>
  <testcase name="Java [testSession4]" classname="testSession4 [General.Sessions]" time="0.002">
    <failure message="Cannot run compiler&apos;java&apos; on the current platform" type="org.aiotml.testing.errors.AiotMLTestCaseCompilerError">org.aiotml.testing.errors.AiotMLTestCaseCompilerError: Cannot run compiler'java' on the current platform
Caused by: org.aiotml.testing.errors.AiotMLExecutionError: 
mvn -v - Non-zero return value
[stdout]

[stderr]
'mvn' �����ڲ����ⲿ���Ҳ���ǿ����еĳ���
���������ļ���

</failure>
  </testcase>
  <testcase name="Posix [testSession4]" classname="testSession4 [General.Sessions]" time="0">
    <failure message="Cannot run compiler&apos;posix&apos; on the current platform" type="org.aiotml.testing.errors.AiotMLTestCaseCompilerError">org.aiotml.testing.errors.AiotMLTestCaseCompilerError: Cannot run compiler'posix' on the current platform
Caused by: org.aiotml.testing.errors.AiotMLExecutionError: 
make -v - Non-zero return value
[stdout]

[stderr]
'make' �����ڲ����ⲿ���Ҳ���ǿ����еĳ���
���������ļ���

</failure>
  </testcase>
  <testcase name="PosixMT [testSession4]" classname="testSession4 [General.Sessions]" time="0.001">
    <failure message="Cannot run compiler&apos;posixmt&apos; on the current platform" type="org.aiotml.testing.errors.AiotMLTestCaseCompilerError">org.aiotml.testing.errors.AiotMLTestCaseCompilerError: Cannot run compiler'posixmt' on the current platform
Caused by: org.aiotml.testing.errors.AiotMLExecutionError: 
make -v - Non-zero return value
[stdout]

[stderr]
'make' �����ڲ����ⲿ���Ҳ���ǿ����еĳ���
���������ļ���

</failure>
  </testcase>
  <testcase name="Go [testSession2]" classname="testSession2 [General.Sessions]" time="0.201">
    <failure message="Test execution - Non-zero return value&#10;[stdout]&#10;&#10;[stderr]&#10;testconfiguration_generated.go:4:2: cannot find package &quot;github.com/SINTEF-9012/gosm&quot; in any of:&#10;	D:\Go\src\github.com\SINTEF-9012\gosm (from $GOROOT)&#10;	F:\MasterLab\go-ethereum\src\github.com\SINTEF-9012\gosm (from $GOPATH)&#10;" type="org.aiotml.testing.errors.AiotMLExecutionError">org.aiotml.testing.errors.AiotMLExecutionError: 
Test execution - Non-zero return value
[stdout]

[stderr]
testconfiguration_generated.go:4:2: cannot find package "github.com/SINTEF-9012/gosm" in any of:
	D:\Go\src\github.com\SINTEF-9012\gosm (from $GOROOT)
	F:\MasterLab\go-ethereum\src\github.com\SINTEF-9012\gosm (from $GOPATH)

</failure>
  </testcase>
  <testcase name="NodeJS [testSessionArrays]" classname="testSessionArrays [General.Sessions]" time="0.057">
    <failure message="Cannot run compiler&apos;nodejs&apos; on the current platform" type="org.aiotml.testing.errors.AiotMLTestCaseCompilerError">org.aiotml.testing.errors.AiotMLTestCaseCompilerError: Cannot run compiler'nodejs' on the current platform
Caused by: org.aiotml.testing.errors.AiotMLExecutionError: 
node -v - Non-zero return value
[stdout]

[stderr]
'node' �����ڲ����ⲿ���Ҳ���ǿ����еĳ���
���������ļ���

</failure>
  </testcase>
  <testcase name="Java [testSessionArrays]" classname="testSessionArrays [General.Sessions]" time="0.001">
    <failure message="Cannot run compiler&apos;java&apos; on the current platform" type="org.aiotml.testing.errors.AiotMLTestCaseCompilerError">org.aiotml.testing.errors.AiotMLTestCaseCompilerError: Cannot run compiler'java' on the current platform
Caused by: org.aiotml.testing.errors.AiotMLExecutionError: 
mvn -v - Non-zero return value
[stdout]

[stderr]
'mvn' �����ڲ����ⲿ���Ҳ���ǿ����еĳ���
���������ļ���

</failure>
  </testcase>
  <testcase name="Posix [testSessionArrays]" classname="testSessionArrays [General.Sessions]" time="0.001">
    <failure message="Cannot run compiler&apos;posix&apos; on the current platform" type="org.aiotml.testing.errors.AiotMLTestCaseCompilerError">org.aiotml.testing.errors.AiotMLTestCaseCompilerError: Cannot run compiler'posix' on the current platform
Caused by: org.aiotml.testing.errors.AiotMLExecutionError: 
make -v - Non-zero return value
[stdout]

[stderr]
'make' �����ڲ����ⲿ���Ҳ���ǿ����еĳ���
���������ļ���

</failure>
  </testcase>
  <testcase name="PosixMT [testSessionArrays]" classname="testSessionArrays [General.Sessions]" time="0">
    <failure message="Cannot run compiler&apos;posixmt&apos; on the current platform" type="org.aiotml.testing.errors.AiotMLTestCaseCompilerError">org.aiotml.testing.errors.AiotMLTestCaseCompilerError: Cannot run compiler'posixmt' on the current platform
Caused by: org.aiotml.testing.errors.AiotMLExecutionError: 
make -v - Non-zero return value
[stdout]

[stderr]
'make' �����ڲ����ⲿ���Ҳ���ǿ����еĳ���
���������ļ���

</failure>
  </testcase>
  <testcase name="Go [testSession5]" classname="testSession5 [General.Sessions]" time="0.121">
    <failure message="Test execution - Non-zero return value&#10;[stdout]&#10;&#10;[stderr]&#10;testconfiguration_generated.go:4:2: cannot find package &quot;github.com/SINTEF-9012/gosm&quot; in any of:&#10;	D:\Go\src\github.com\SINTEF-9012\gosm (from $GOROOT)&#10;	F:\MasterLab\go-ethereum\src\github.com\SINTEF-9012\gosm (from $GOPATH)&#10;" type="org.aiotml.testing.errors.AiotMLExecutionError">org.aiotml.testing.errors.AiotMLExecutionError: 
Test execution - Non-zero return value
[stdout]

[stderr]
testconfiguration_generated.go:4:2: cannot find package "github.com/SINTEF-9012/gosm" in any of:
	D:\Go\src\github.com\SINTEF-9012\gosm (from $GOROOT)
	F:\MasterLab\go-ethereum\src\github.com\SINTEF-9012\gosm (from $GOPATH)

</failure>
  </testcase>
  <testcase name="NodeJS [testSession6]" classname="testSession6 [General.Sessions]" time="0.001">
    <failure message="Cannot run compiler&apos;nodejs&apos; on the current platform" type="org.aiotml.testing.errors.AiotMLTestCaseCompilerError">org.aiotml.testing.errors.AiotMLTestCaseCompilerError: Cannot run compiler'nodejs' on the current platform
Caused by: org.aiotml.testing.errors.AiotMLExecutionError: 
node -v - Non-zero return value
[stdout]

[stderr]
'node' �����ڲ����ⲿ���Ҳ���ǿ����еĳ���
���������ļ���

</failure>
  </testcase>
  <testcase name="Java [testSession6]" classname="testSession6 [General.Sessions]" time="0.001">
    <failure message="Cannot run compiler&apos;java&apos; on the current platform" type="org.aiotml.testing.errors.AiotMLTestCaseCompilerError">org.aiotml.testing.errors.AiotMLTestCaseCompilerError: Cannot run compiler'java' on the current platform
Caused by: org.aiotml.testing.errors.AiotMLExecutionError: 
mvn -v - Non-zero return value
[stdout]

[stderr]
'mvn' �����ڲ����ⲿ���Ҳ���ǿ����еĳ���
���������ļ���

</failure>
  </testcase>
  <testcase name="Posix [testSession6]" classname="testSession6 [General.Sessions]" time="0.001">
    <failure message="Cannot run compiler&apos;posix&apos; on the current platform" type="org.aiotml.testing.errors.AiotMLTestCaseCompilerError">org.aiotml.testing.errors.AiotMLTestCaseCompilerError: Cannot run compiler'posix' on the current platform
Caused by: org.aiotml.testing.errors.AiotMLExecutionError: 
make -v - Non-zero return value
[stdout]

[stderr]
'make' �����ڲ����ⲿ���Ҳ���ǿ����еĳ���
���������ļ���

</failure>
  </testcase>
  <testcase name="PosixMT [testSession6]" classname="testSession6 [General.Sessions]" time="0">
    <failure message="Cannot run compiler&apos;posixmt&apos; on the current platform" type="org.aiotml.testing.errors.AiotMLTestCaseCompilerError">org.aiotml.testing.errors.AiotMLTestCaseCompilerError: Cannot run compiler'posixmt' on the current platform
Caused by: org.aiotml.testing.errors.AiotMLExecutionError: 
make -v - Non-zero return value
[stdout]

[stderr]
'make' �����ڲ����ⲿ���Ҳ���ǿ����еĳ���
���������ļ���

</failure>
  </testcase>
  <testcase name="Go [testSession4]" classname="testSession4 [General.Sessions]" time="0.287">
    <failure message="Test execution - Non-zero return value&#10;[stdout]&#10;&#10;[stderr]&#10;testconfiguration_generated.go:4:2: cannot find package &quot;github.com/SINTEF-9012/gosm&quot; in any of:&#10;	D:\Go\src\github.com\SINTEF-9012\gosm (from $GOROOT)&#10;	F:\MasterLab\go-ethereum\src\github.com\SINTEF-9012\gosm (from $GOPATH)&#10;" type="org.aiotml.testing.errors.AiotMLExecutionError">org.aiotml.testing.errors.AiotMLExecutionError: 
Test execution - Non-zero return value
[stdout]

[stderr]
testconfiguration_generated.go:4:2: cannot find package "github.com/SINTEF-9012/gosm" in any of:
	D:\Go\src\github.com\SINTEF-9012\gosm (from $GOROOT)
	F:\MasterLab\go-ethereum\src\github.com\SINTEF-9012\gosm (from $GOPATH)

</failure>
  </testcase>
  <testcase name="NodeJS [testSessionOnEntry]" classname="testSessionOnEntry [General.Sessions]" time="0.06">
    <failure message="Cannot run compiler&apos;nodejs&apos; on the current platform" type="org.aiotml.testing.errors.AiotMLTestCaseCompilerError">org.aiotml.testing.errors.AiotMLTestCaseCompilerError: Cannot run compiler'nodejs' on the current platform
Caused by: org.aiotml.testing.errors.AiotMLExecutionError: 
node -v - Non-zero return value
[stdout]

[stderr]
'node' �����ڲ����ⲿ���Ҳ���ǿ����еĳ���
���������ļ���

</failure>
  </testcase>
  <testcase name="Java [testSessionOnEntry]" classname="testSessionOnEntry [General.Sessions]" time="0.001">
    <failure message="Cannot run compiler&apos;java&apos; on the current platform" type="org.aiotml.testing.errors.AiotMLTestCaseCompilerError">org.aiotml.testing.errors.AiotMLTestCaseCompilerError: Cannot run compiler'java' on the current platform
Caused by: org.aiotml.testing.errors.AiotMLExecutionError: 
mvn -v - Non-zero return value
[stdout]

[stderr]
'mvn' �����ڲ����ⲿ���Ҳ���ǿ����еĳ���
���������ļ���

</failure>
  </testcase>
  <testcase name="Posix [testSessionOnEntry]" classname="testSessionOnEntry [General.Sessions]" time="0">
    <failure message="Cannot run compiler&apos;posix&apos; on the current platform" type="org.aiotml.testing.errors.AiotMLTestCaseCompilerError">org.aiotml.testing.errors.AiotMLTestCaseCompilerError: Cannot run compiler'posix' on the current platform
Caused by: org.aiotml.testing.errors.AiotMLExecutionError: 
make -v - Non-zero return value
[stdout]

[stderr]
'make' �����ڲ����ⲿ���Ҳ���ǿ����еĳ���
���������ļ���

</failure>
  </testcase>
  <testcase name="PosixMT [testSessionOnEntry]" classname="testSessionOnEntry [General.Sessions]" time="0.001">
    <failure message="Cannot run compiler&apos;posixmt&apos; on the current platform" type="org.aiotml.testing.errors.AiotMLTestCaseCompilerError">org.aiotml.testing.errors.AiotMLTestCaseCompilerError: Cannot run compiler'posixmt' on the current platform
Caused by: org.aiotml.testing.errors.AiotMLExecutionError: 
make -v - Non-zero return value
[stdout]

[stderr]
'make' �����ڲ����ⲿ���Ҳ���ǿ����еĳ���
���������ļ���

</failure>
  </testcase>
  <testcase name="Go [testSessionArrays]" classname="testSessionArrays [General.Sessions]" time="0.194">
    <failure message="Test execution - Non-zero return value&#10;[stdout]&#10;&#10;[stderr]&#10;testconfiguration_generated.go:4:2: cannot find package &quot;github.com/SINTEF-9012/gosm&quot; in any of:&#10;	D:\Go\src\github.com\SINTEF-9012\gosm (from $GOROOT)&#10;	F:\MasterLab\go-ethereum\src\github.com\SINTEF-9012\gosm (from $GOPATH)&#10;" type="org.aiotml.testing.errors.AiotMLExecutionError">org.aiotml.testing.errors.AiotMLExecutionError: 
Test execution - Non-zero return value
[stdout]

[stderr]
testconfiguration_generated.go:4:2: cannot find package "github.com/SINTEF-9012/gosm" in any of:
	D:\Go\src\github.com\SINTEF-9012\gosm (from $GOROOT)
	F:\MasterLab\go-ethereum\src\github.com\SINTEF-9012\gosm (from $GOPATH)

</failure>
  </testcase>
  <testcase name="NodeJS [testSessionEmptyEvents]" classname="testSessionEmptyEvents [General.Sessions]" time="0.076">
    <failure message="Cannot run compiler&apos;nodejs&apos; on the current platform" type="org.aiotml.testing.errors.AiotMLTestCaseCompilerError">org.aiotml.testing.errors.AiotMLTestCaseCompilerError: Cannot run compiler'nodejs' on the current platform
Caused by: org.aiotml.testing.errors.AiotMLExecutionError: 
node -v - Non-zero return value
[stdout]

[stderr]
'node' �����ڲ����ⲿ���Ҳ���ǿ����еĳ���
���������ļ���

</failure>
  </testcase>
  <testcase name="Java [testSessionEmptyEvents]" classname="testSessionEmptyEvents [General.Sessions]" time="0">
    <failure message="Cannot run compiler&apos;java&apos; on the current platform" type="org.aiotml.testing.errors.AiotMLTestCaseCompilerError">org.aiotml.testing.errors.AiotMLTestCaseCompilerError: Cannot run compiler'java' on the current platform
Caused by: org.aiotml.testing.errors.AiotMLExecutionError: 
mvn -v - Non-zero return value
[stdout]

[stderr]
'mvn' �����ڲ����ⲿ���Ҳ���ǿ����еĳ���
���������ļ���

</failure>
  </testcase>
  <testcase name="Posix [testSessionEmptyEvents]" classname="testSessionEmptyEvents [General.Sessions]" time="0.001">
    <failure message="Cannot run compiler&apos;posix&apos; on the current platform" type="org.aiotml.testing.errors.AiotMLTestCaseCompilerError">org.aiotml.testing.errors.AiotMLTestCaseCompilerError: Cannot run compiler'posix' on the current platform
Caused by: org.aiotml.testing.errors.AiotMLExecutionError: 
make -v - Non-zero return value
[stdout]

[stderr]
'make' �����ڲ����ⲿ���Ҳ���ǿ����еĳ���
���������ļ���

</failure>
  </testcase>
  <testcase name="PosixMT [testSessionEmptyEvents]" classname="testSessionEmptyEvents [General.Sessions]" time="0.001">
    <failure message="Cannot run compiler&apos;posixmt&apos; on the current platform" type="org.aiotml.testing.errors.AiotMLTestCaseCompilerError">org.aiotml.testing.errors.AiotMLTestCaseCompilerError: Cannot run compiler'posixmt' on the current platform
Caused by: org.aiotml.testing.errors.AiotMLExecutionError: 
make -v - Non-zero return value
[stdout]

[stderr]
'make' �����ڲ����ⲿ���Ҳ���ǿ����еĳ���
���������ļ���

</failure>
  </testcase>
  <testcase name="Go [testSession6]" classname="testSession6 [General.Sessions]" time="0.124">
    <failure message="Test execution - Non-zero return value&#10;[stdout]&#10;&#10;[stderr]&#10;testconfiguration_generated.go:4:2: cannot find package &quot;github.com/SINTEF-9012/gosm&quot; in any of:&#10;	D:\Go\src\github.com\SINTEF-9012\gosm (from $GOROOT)&#10;	F:\MasterLab\go-ethereum\src\github.com\SINTEF-9012\gosm (from $GOPATH)&#10;" type="org.aiotml.testing.errors.AiotMLExecutionError">org.aiotml.testing.errors.AiotMLExecutionError: 
Test execution - Non-zero return value
[stdout]

[stderr]
testconfiguration_generated.go:4:2: cannot find package "github.com/SINTEF-9012/gosm" in any of:
	D:\Go\src\github.com\SINTEF-9012\gosm (from $GOROOT)
	F:\MasterLab\go-ethereum\src\github.com\SINTEF-9012\gosm (from $GOPATH)

</failure>
  </testcase>
  <testcase name="NodeJS [testCompositeProperty]" classname="testCompositeProperty [General.StateMachine]" time="0.001">
    <failure message="Cannot run compiler&apos;nodejs&apos; on the current platform" type="org.aiotml.testing.errors.AiotMLTestCaseCompilerError">org.aiotml.testing.errors.AiotMLTestCaseCompilerError: Cannot run compiler'nodejs' on the current platform
Caused by: org.aiotml.testing.errors.AiotMLExecutionError: 
node -v - Non-zero return value
[stdout]

[stderr]
'node' �����ڲ����ⲿ���Ҳ���ǿ����еĳ���
���������ļ���

</failure>
  </testcase>
  <testcase name="Java [testCompositeProperty]" classname="testCompositeProperty [General.StateMachine]" time="0.001">
    <failure message="Cannot run compiler&apos;java&apos; on the current platform" type="org.aiotml.testing.errors.AiotMLTestCaseCompilerError">org.aiotml.testing.errors.AiotMLTestCaseCompilerError: Cannot run compiler'java' on the current platform
Caused by: org.aiotml.testing.errors.AiotMLExecutionError: 
mvn -v - Non-zero return value
[stdout]

[stderr]
'mvn' �����ڲ����ⲿ���Ҳ���ǿ����еĳ���
���������ļ���

</failure>
  </testcase>
  <testcase name="Posix [testCompositeProperty]" classname="testCompositeProperty [General.StateMachine]" time="0">
    <failure message="Cannot run compiler&apos;posix&apos; on the current platform" type="org.aiotml.testing.errors.AiotMLTestCaseCompilerError">org.aiotml.testing.errors.AiotMLTestCaseCompilerError: Cannot run compiler'posix' on the current platform
Caused by: org.aiotml.testing.errors.AiotMLExecutionError: 
make -v - Non-zero return value
[stdout]

[stderr]
'make' �����ڲ����ⲿ���Ҳ���ǿ����еĳ���
���������ļ���

</failure>
  </testcase>
  <testcase name="PosixMT [testCompositeProperty]" classname="testCompositeProperty [General.StateMachine]" time="0.001">
    <failure message="Cannot run compiler&apos;posixmt&apos; on the current platform" type="org.aiotml.testing.errors.AiotMLTestCaseCompilerError">org.aiotml.testing.errors.AiotMLTestCaseCompilerError: Cannot run compiler'posixmt' on the current platform
Caused by: org.aiotml.testing.errors.AiotMLExecutionError: 
make -v - Non-zero return value
[stdout]

[stderr]
'make' �����ڲ����ⲿ���Ҳ���ǿ����еĳ���
���������ļ���

</failure>
  </testcase>
  <testcase name="Go [testSessionOnEntry]" classname="testSessionOnEntry [General.Sessions]" time="0.271">
    <failure message="Test execution - Non-zero return value&#10;[stdout]&#10;&#10;[stderr]&#10;testconfiguration_generated.go:4:2: cannot find package &quot;github.com/SINTEF-9012/gosm&quot; in any of:&#10;	D:\Go\src\github.com\SINTEF-9012\gosm (from $GOROOT)&#10;	F:\MasterLab\go-ethereum\src\github.com\SINTEF-9012\gosm (from $GOPATH)&#10;" type="org.aiotml.testing.errors.AiotMLExecutionError">org.aiotml.testing.errors.AiotMLExecutionError: 
Test execution - Non-zero return value
[stdout]

[stderr]
testconfiguration_generated.go:4:2: cannot find package "github.com/SINTEF-9012/gosm" in any of:
	D:\Go\src\github.com\SINTEF-9012\gosm (from $GOROOT)
	F:\MasterLab\go-ethereum\src\github.com\SINTEF-9012\gosm (from $GOPATH)

</failure>
  </testcase>
  <testcase name="NodeJS [testAutoTransition]" classname="testAutoTransition [General.StateMachine]" time="0.073">
    <failure message="Cannot run compiler&apos;nodejs&apos; on the current platform" type="org.aiotml.testing.errors.AiotMLTestCaseCompilerError">org.aiotml.testing.errors.AiotMLTestCaseCompilerError: Cannot run compiler'nodejs' on the current platform
Caused by: org.aiotml.testing.errors.AiotMLExecutionError: 
node -v - Non-zero return value
[stdout]

[stderr]
'node' �����ڲ����ⲿ���Ҳ���ǿ����еĳ���
���������ļ���

</failure>
  </testcase>
  <testcase name="Java [testAutoTransition]" classname="testAutoTransition [General.StateMachine]" time="0.001">
    <failure message="Cannot run compiler&apos;java&apos; on the current platform" type="org.aiotml.testing.errors.AiotMLTestCaseCompilerError">org.aiotml.testing.errors.AiotMLTestCaseCompilerError: Cannot run compiler'java' on the current platform
Caused by: org.aiotml.testing.errors.AiotMLExecutionError: 
mvn -v - Non-zero return value
[stdout]

[stderr]
'mvn' �����ڲ����ⲿ���Ҳ���ǿ����еĳ���
���������ļ���

</failure>
  </testcase>
  <testcase name="Posix [testAutoTransition]" classname="testAutoTransition [General.StateMachine]" time="0">
    <failure message="Cannot run compiler&apos;posix&apos; on the current platform" type="org.aiotml.testing.errors.AiotMLTestCaseCompilerError">org.aiotml.testing.errors.AiotMLTestCaseCompilerError: Cannot run compiler'posix' on the current platform
Caused by: org.aiotml.testing.errors.AiotMLExecutionError: 
make -v - Non-zero return value
[stdout]

[stderr]
'make' �����ڲ����ⲿ���Ҳ���ǿ����еĳ���
���������ļ���

</failure>
  </testcase>
  <testcase name="PosixMT [testAutoTransition]" classname="testAutoTransition [General.StateMachine]" time="0.001">
    <failure message="Cannot run compiler&apos;posixmt&apos; on the current platform" type="org.aiotml.testing.errors.AiotMLTestCaseCompilerError">org.aiotml.testing.errors.AiotMLTestCaseCompilerError: Cannot run compiler'posixmt' on the current platform
Caused by: org.aiotml.testing.errors.AiotMLExecutionError: 
make -v - Non-zero return value
[stdout]

[stderr]
'make' �����ڲ����ⲿ���Ҳ���ǿ����еĳ���
���������ļ���

</failure>
  </testcase>
  <testcase name="Go [testSessionEmptyEvents]" classname="testSessionEmptyEvents [General.Sessions]" time="0.193">
    <failure message="Test execution - Non-zero return value&#10;[stdout]&#10;&#10;[stderr]&#10;testconfiguration_generated.go:4:2: cannot find package &quot;github.com/SINTEF-9012/gosm&quot; in any of:&#10;	D:\Go\src\github.com\SINTEF-9012\gosm (from $GOROOT)&#10;	F:\MasterLab\go-ethereum\src\github.com\SINTEF-9012\gosm (from $GOPATH)&#10;" type="org.aiotml.testing.errors.AiotMLExecutionError">org.aiotml.testing.errors.AiotMLExecutionError: 
Test execution - Non-zero return value
[stdout]

[stderr]
testconfiguration_generated.go:4:2: cannot find package "github.com/SINTEF-9012/gosm" in any of:
	D:\Go\src\github.com\SINTEF-9012\gosm (from $GOROOT)
	F:\MasterLab\go-ethereum\src\github.com\SINTEF-9012\gosm (from $GOPATH)

</failure>
  </testcase>
  <testcase name="NodeJS [testCompositeStates]" classname="testCompositeStates [General.StateMachine]" time="0.071">
    <failure message="Cannot run compiler&apos;nodejs&apos; on the current platform" type="org.aiotml.testing.errors.AiotMLTestCaseCompilerError">org.aiotml.testing.errors.AiotMLTestCaseCompilerError: Cannot run compiler'nodejs' on the current platform
Caused by: org.aiotml.testing.errors.AiotMLExecutionError: 
node -v - Non-zero return value
[stdout]

[stderr]
'node' �����ڲ����ⲿ���Ҳ���ǿ����еĳ���
���������ļ���

</failure>
  </testcase>
  <testcase name="Java [testCompositeStates]" classname="testCompositeStates [General.StateMachine]" time="0.001">
    <failure message="Cannot run compiler&apos;java&apos; on the current platform" type="org.aiotml.testing.errors.AiotMLTestCaseCompilerError">org.aiotml.testing.errors.AiotMLTestCaseCompilerError: Cannot run compiler'java' on the current platform
Caused by: org.aiotml.testing.errors.AiotMLExecutionError: 
mvn -v - Non-zero return value
[stdout]

[stderr]
'mvn' �����ڲ����ⲿ���Ҳ���ǿ����еĳ���
���������ļ���

</failure>
  </testcase>
  <testcase name="Posix [testCompositeStates]" classname="testCompositeStates [General.StateMachine]" time="0.001">
    <failure message="Cannot run compiler&apos;posix&apos; on the current platform" type="org.aiotml.testing.errors.AiotMLTestCaseCompilerError">org.aiotml.testing.errors.AiotMLTestCaseCompilerError: Cannot run compiler'posix' on the current platform
Caused by: org.aiotml.testing.errors.AiotMLExecutionError: 
make -v - Non-zero return value
[stdout]

[stderr]
'make' �����ڲ����ⲿ���Ҳ���ǿ����еĳ���
���������ļ���

</failure>
  </testcase>
  <testcase name="PosixMT [testCompositeStates]" classname="testCompositeStates [General.StateMachine]" time="0.001">
    <failure message="Cannot run compiler&apos;posixmt&apos; on the current platform" type="org.aiotml.testing.errors.AiotMLTestCaseCompilerError">org.aiotml.testing.errors.AiotMLTestCaseCompilerError: Cannot run compiler'posixmt' on the current platform
Caused by: org.aiotml.testing.errors.AiotMLExecutionError: 
make -v - Non-zero return value
[stdout]

[stderr]
'make' �����ڲ����ⲿ���Ҳ���ǿ����еĳ���
���������ļ���

</failure>
  </testcase>
  <testcase name="Go [testCompositeProperty]" classname="testCompositeProperty [General.StateMachine]" time="0.127">
    <failure message="Test execution - Non-zero return value&#10;[stdout]&#10;&#10;[stderr]&#10;testconfiguration_generated.go:4:2: cannot find package &quot;github.com/SINTEF-9012/gosm&quot; in any of:&#10;	D:\Go\src\github.com\SINTEF-9012\gosm (from $GOROOT)&#10;	F:\MasterLab\go-ethereum\src\github.com\SINTEF-9012\gosm (from $GOPATH)&#10;" type="org.aiotml.testing.errors.AiotMLExecutionError">org.aiotml.testing.errors.AiotMLExecutionError: 
Test execution - Non-zero return value
[stdout]

[stderr]
testconfiguration_generated.go:4:2: cannot find package "github.com/SINTEF-9012/gosm" in any of:
	D:\Go\src\github.com\SINTEF-9012\gosm (from $GOROOT)
	F:\MasterLab\go-ethereum\src\github.com\SINTEF-9012\gosm (from $GOPATH)

</failure>
  </testcase>
  <testcase name="NodeJS [testCompositeProperty2]" classname="testCompositeProperty2 [General.StateMachine]" time="0.001">
    <failure message="Cannot run compiler&apos;nodejs&apos; on the current platform" type="org.aiotml.testing.errors.AiotMLTestCaseCompilerError">org.aiotml.testing.errors.AiotMLTestCaseCompilerError: Cannot run compiler'nodejs' on the current platform
Caused by: org.aiotml.testing.errors.AiotMLExecutionError: 
node -v - Non-zero return value
[stdout]

[stderr]
'node' �����ڲ����ⲿ���Ҳ���ǿ����еĳ���
���������ļ���

</failure>
  </testcase>
  <testcase name="Java [testCompositeProperty2]" classname="testCompositeProperty2 [General.StateMachine]" time="0.001">
    <failure message="Cannot run compiler&apos;java&apos; on the current platform" type="org.aiotml.testing.errors.AiotMLTestCaseCompilerError">org.aiotml.testing.errors.AiotMLTestCaseCompilerError: Cannot run compiler'java' on the current platform
Caused by: org.aiotml.testing.errors.AiotMLExecutionError: 
mvn -v - Non-zero return value
[stdout]

[stderr]
'mvn' �����ڲ����ⲿ���Ҳ���ǿ����еĳ���
���������ļ���

</failure>
  </testcase>
  <testcase name="Posix [testCompositeProperty2]" classname="testCompositeProperty2 [General.StateMachine]" time="0.001">
    <failure message="Cannot run compiler&apos;posix&apos; on the current platform" type="org.aiotml.testing.errors.AiotMLTestCaseCompilerError">org.aiotml.testing.errors.AiotMLTestCaseCompilerError: Cannot run compiler'posix' on the current platform
Caused by: org.aiotml.testing.errors.AiotMLExecutionError: 
make -v - Non-zero return value
[stdout]

[stderr]
'make' �����ڲ����ⲿ���Ҳ���ǿ����еĳ���
���������ļ���

</failure>
  </testcase>
  <testcase name="PosixMT [testCompositeProperty2]" classname="testCompositeProperty2 [General.StateMachine]" time="0">
    <failure message="Cannot run compiler&apos;posixmt&apos; on the current platform" type="org.aiotml.testing.errors.AiotMLTestCaseCompilerError">org.aiotml.testing.errors.AiotMLTestCaseCompilerError: Cannot run compiler'posixmt' on the current platform
Caused by: org.aiotml.testing.errors.AiotMLExecutionError: 
make -v - Non-zero return value
[stdout]

[stderr]
'make' �����ڲ����ⲿ���Ҳ���ǿ����еĳ���
���������ļ���

</failure>
  </testcase>
  <testcase name="Go [testAutoTransition]" classname="testAutoTransition [General.StateMachine]" time="0.261">
    <failure message="Test execution - Non-zero return value&#10;[stdout]&#10;&#10;[stderr]&#10;testconfiguration_generated.go:4:2: cannot find package &quot;github.com/SINTEF-9012/gosm&quot; in any of:&#10;	D:\Go\src\github.com\SINTEF-9012\gosm (from $GOROOT)&#10;	F:\MasterLab\go-ethereum\src\github.com\SINTEF-9012\gosm (from $GOPATH)&#10;" type="org.aiotml.testing.errors.AiotMLExecutionError">org.aiotml.testing.errors.AiotMLExecutionError: 
Test execution - Non-zero return value
[stdout]

[stderr]
testconfiguration_generated.go:4:2: cannot find package "github.com/SINTEF-9012/gosm" in any of:
	D:\Go\src\github.com\SINTEF-9012\gosm (from $GOROOT)
	F:\MasterLab\go-ethereum\src\github.com\SINTEF-9012\gosm (from $GOPATH)

</failure>
  </testcase>
  <testcase name="NodeJS [testCompStatesExit]" classname="testCompStatesExit [General.StateMachine]" time="0.102">
    <failure message="Cannot run compiler&apos;nodejs&apos; on the current platform" type="org.aiotml.testing.errors.AiotMLTestCaseCompilerError">org.aiotml.testing.errors.AiotMLTestCaseCompilerError: Cannot run compiler'nodejs' on the current platform
Caused by: org.aiotml.testing.errors.AiotMLExecutionError: 
node -v - Non-zero return value
[stdout]

[stderr]
'node' �����ڲ����ⲿ���Ҳ���ǿ����еĳ���
���������ļ���

</failure>
  </testcase>
  <testcase name="Java [testCompStatesExit]" classname="testCompStatesExit [General.StateMachine]" time="0.001">
    <failure message="Cannot run compiler&apos;java&apos; on the current platform" type="org.aiotml.testing.errors.AiotMLTestCaseCompilerError">org.aiotml.testing.errors.AiotMLTestCaseCompilerError: Cannot run compiler'java' on the current platform
Caused by: org.aiotml.testing.errors.AiotMLExecutionError: 
mvn -v - Non-zero return value
[stdout]

[stderr]
'mvn' �����ڲ����ⲿ���Ҳ���ǿ����еĳ���
���������ļ���

</failure>
  </testcase>
  <testcase name="Posix [testCompStatesExit]" classname="testCompStatesExit [General.StateMachine]" time="0.001">
    <failure message="Cannot run compiler&apos;posix&apos; on the current platform" type="org.aiotml.testing.errors.AiotMLTestCaseCompilerError">org.aiotml.testing.errors.AiotMLTestCaseCompilerError: Cannot run compiler'posix' on the current platform
Caused by: org.aiotml.testing.errors.AiotMLExecutionError: 
make -v - Non-zero return value
[stdout]

[stderr]
'make' �����ڲ����ⲿ���Ҳ���ǿ����еĳ���
���������ļ���

</failure>
  </testcase>
  <testcase name="PosixMT [testCompStatesExit]" classname="testCompStatesExit [General.StateMachine]" time="0.001">
    <failure message="Cannot run compiler&apos;posixmt&apos; on the current platform" type="org.aiotml.testing.errors.AiotMLTestCaseCompilerError">org.aiotml.testing.errors.AiotMLTestCaseCompilerError: Cannot run compiler'posixmt' on the current platform
Caused by: org.aiotml.testing.errors.AiotMLExecutionError: 
make -v - Non-zero return value
[stdout]

[stderr]
'make' �����ڲ����ⲿ���Ҳ���ǿ����еĳ���
���������ļ���

</failure>
  </testcase>
  <testcase name="Go [testCompositeStates]" classname="testCompositeStates [General.StateMachine]" time="0.21">
    <failure message="Test execution - Non-zero return value&#10;[stdout]&#10;&#10;[stderr]&#10;testconfiguration_generated.go:4:2: cannot find package &quot;github.com/SINTEF-9012/gosm&quot; in any of:&#10;	D:\Go\src\github.com\SINTEF-9012\gosm (from $GOROOT)&#10;	F:\MasterLab\go-ethereum\src\github.com\SINTEF-9012\gosm (from $GOPATH)&#10;" type="org.aiotml.testing.errors.AiotMLExecutionError">org.aiotml.testing.errors.AiotMLExecutionError: 
Test execution - Non-zero return value
[stdout]

[stderr]
testconfiguration_generated.go:4:2: cannot find package "github.com/SINTEF-9012/gosm" in any of:
	D:\Go\src\github.com\SINTEF-9012\gosm (from $GOROOT)
	F:\MasterLab\go-ethereum\src\github.com\SINTEF-9012\gosm (from $GOPATH)

</failure>
  </testcase>
  <testcase name="NodeJS [testCompStatesEntry]" classname="testCompStatesEntry [General.StateMachine]" time="0.071">
    <failure message="Cannot run compiler&apos;nodejs&apos; on the current platform" type="org.aiotml.testing.errors.AiotMLTestCaseCompilerError">org.aiotml.testing.errors.AiotMLTestCaseCompilerError: Cannot run compiler'nodejs' on the current platform
Caused by: org.aiotml.testing.errors.AiotMLExecutionError: 
node -v - Non-zero return value
[stdout]

[stderr]
'node' �����ڲ����ⲿ���Ҳ���ǿ����еĳ���
���������ļ���

</failure>
  </testcase>
  <testcase name="Java [testCompStatesEntry]" classname="testCompStatesEntry [General.StateMachine]" time="0.001">
    <failure message="Cannot run compiler&apos;java&apos; on the current platform" type="org.aiotml.testing.errors.AiotMLTestCaseCompilerError">org.aiotml.testing.errors.AiotMLTestCaseCompilerError: Cannot run compiler'java' on the current platform
Caused by: org.aiotml.testing.errors.AiotMLExecutionError: 
mvn -v - Non-zero return value
[stdout]

[stderr]
'mvn' �����ڲ����ⲿ���Ҳ���ǿ����еĳ���
���������ļ���

</failure>
  </testcase>
  <testcase name="Posix [testCompStatesEntry]" classname="testCompStatesEntry [General.StateMachine]" time="0.002">
    <failure message="Cannot run compiler&apos;posix&apos; on the current platform" type="org.aiotml.testing.errors.AiotMLTestCaseCompilerError">org.aiotml.testing.errors.AiotMLTestCaseCompilerError: Cannot run compiler'posix' on the current platform
Caused by: org.aiotml.testing.errors.AiotMLExecutionError: 
make -v - Non-zero return value
[stdout]

[stderr]
'make' �����ڲ����ⲿ���Ҳ���ǿ����еĳ���
���������ļ���

</failure>
  </testcase>
  <testcase name="PosixMT [testCompStatesEntry]" classname="testCompStatesEntry [General.StateMachine]" time="0">
    <failure message="Cannot run compiler&apos;posixmt&apos; on the current platform" type="org.aiotml.testing.errors.AiotMLTestCaseCompilerError">org.aiotml.testing.errors.AiotMLTestCaseCompilerError: Cannot run compiler'posixmt' on the current platform
Caused by: org.aiotml.testing.errors.AiotMLExecutionError: 
make -v - Non-zero return value
[stdout]

[stderr]
'make' �����ڲ����ⲿ���Ҳ���ǿ����еĳ���
���������ļ���

</failure>
  </testcase>
  <testcase name="Go [testCompositeProperty2]" classname="testCompositeProperty2 [General.StateMachine]" time="0.118">
    <failure message="Test execution - Non-zero return value&#10;[stdout]&#10;&#10;[stderr]&#10;testconfiguration_generated.go:4:2: cannot find package &quot;github.com/SINTEF-9012/gosm&quot; in any of:&#10;	D:\Go\src\github.com\SINTEF-9012\gosm (from $GOROOT)&#10;	F:\MasterLab\go-ethereum\src\github.com\SINTEF-9012\gosm (from $GOPATH)&#10;" type="org.aiotml.testing.errors.AiotMLExecutionError">org.aiotml.testing.errors.AiotMLExecutionError: 
Test execution - Non-zero return value
[stdout]

[stderr]
testconfiguration_generated.go:4:2: cannot find package "github.com/SINTEF-9012/gosm" in any of:
	D:\Go\src\github.com\SINTEF-9012\gosm (from $GOROOT)
	F:\MasterLab\go-ethereum\src\github.com\SINTEF-9012\gosm (from $GOPATH)

</failure>
  </testcase>
  <testcase name="NodeJS [testEmptyTransition]" classname="testEmptyTransition [General.StateMachine]" time="0.005">
    <failure message="Cannot run compiler&apos;nodejs&apos; on the current platform" type="org.aiotml.testing.errors.AiotMLTestCaseCompilerError">org.aiotml.testing.errors.AiotMLTestCaseCompilerError: Cannot run compiler'nodejs' on the current platform
Caused by: org.aiotml.testing.errors.AiotMLExecutionError: 
node -v - Non-zero return value
[stdout]

[stderr]
'node' �����ڲ����ⲿ���Ҳ���ǿ����еĳ���
���������ļ���

</failure>
  </testcase>
  <testcase name="Java [testEmptyTransition]" classname="testEmptyTransition [General.StateMachine]" time="0.001">
    <failure message="Cannot run compiler&apos;java&apos; on the current platform" type="org.aiotml.testing.errors.AiotMLTestCaseCompilerError">org.aiotml.testing.errors.AiotMLTestCaseCompilerError: Cannot run compiler'java' on the current platform
Caused by: org.aiotml.testing.errors.AiotMLExecutionError: 
mvn -v - Non-zero return value
[stdout]

[stderr]
'mvn' �����ڲ����ⲿ���Ҳ���ǿ����еĳ���
���������ļ���

</failure>
  </testcase>
  <testcase name="Posix [testEmptyTransition]" classname="testEmptyTransition [General.StateMachine]" time="0.001">
    <failure message="Cannot run compiler&apos;posix&apos; on the current platform" type="org.aiotml.testing.errors.AiotMLTestCaseCompilerError">org.aiotml.testing.errors.AiotMLTestCaseCompilerError: Cannot run compiler'posix' on the current platform
Caused by: org.aiotml.testing.errors.AiotMLExecutionError: 
make -v - Non-zero return value
[stdout]

[stderr]
'make' �����ڲ����ⲿ���Ҳ���ǿ����еĳ���
���������ļ���

</failure>
  </testcase>
  <testcase name="PosixMT [testEmptyTransition]" classname="testEmptyTransition [General.StateMachine]" time="0.001">
    <failure message="Cannot run compiler&apos;posixmt&apos; on the current platform" type="org.aiotml.testing.errors.AiotMLTestCaseCompilerError">org.aiotml.testing.errors.AiotMLTestCaseCompilerError: Cannot run compiler'posixmt' on the current platform
Caused by: org.aiotml.testing.errors.AiotMLExecutionError: 
make -v - Non-zero return value
[stdout]

[stderr]
'make' �����ڲ����ⲿ���Ҳ���ǿ����еĳ���
���������ļ���

</failure>
  </testcase>
  <testcase name="Go [testCompStatesExit]" classname="testCompStatesExit [General.StateMachine]" time="0.464">
    <failure message="Test execution - Non-zero return value&#10;[stdout]&#10;&#10;[stderr]&#10;testconfiguration_generated.go:4:2: cannot find package &quot;github.com/SINTEF-9012/gosm&quot; in any of:&#10;	D:\Go\src\github.com\SINTEF-9012\gosm (from $GOROOT)&#10;	F:\MasterLab\go-ethereum\src\github.com\SINTEF-9012\gosm (from $GOPATH)&#10;" type="org.aiotml.testing.errors.AiotMLExecutionError">org.aiotml.testing.errors.AiotMLExecutionError: 
Test execution - Non-zero return value
[stdout]

[stderr]
testconfiguration_generated.go:4:2: cannot find package "github.com/SINTEF-9012/gosm" in any of:
	D:\Go\src\github.com\SINTEF-9012\gosm (from $GOROOT)
	F:\MasterLab\go-ethereum\src\github.com\SINTEF-9012\gosm (from $GOPATH)

</failure>
  </testcase>
  <testcase name="NodeJS [testDeepCompositeStates]" classname="testDeepCompositeStates [General.StateMachine]" time="0.001">
    <failure message="Cannot run compiler&apos;nodejs&apos; on the current platform" type="org.aiotml.testing.errors.AiotMLTestCaseCompilerError">org.aiotml.testing.errors.AiotMLTestCaseCompilerError: Cannot run compiler'nodejs' on the current platform
Caused by: org.aiotml.testing.errors.AiotMLExecutionError: 
node -v - Non-zero return value
[stdout]

[stderr]
'node' �����ڲ����ⲿ���Ҳ���ǿ����еĳ���
���������ļ���

</failure>
  </testcase>
  <testcase name="Java [testDeepCompositeStates]" classname="testDeepCompositeStates [General.StateMachine]" time="0.001">
    <failure message="Cannot run compiler&apos;java&apos; on the current platform" type="org.aiotml.testing.errors.AiotMLTestCaseCompilerError">org.aiotml.testing.errors.AiotMLTestCaseCompilerError: Cannot run compiler'java' on the current platform
Caused by: org.aiotml.testing.errors.AiotMLExecutionError: 
mvn -v - Non-zero return value
[stdout]

[stderr]
'mvn' �����ڲ����ⲿ���Ҳ���ǿ����еĳ���
���������ļ���

</failure>
  </testcase>
  <testcase name="Posix [testDeepCompositeStates]" classname="testDeepCompositeStates [General.StateMachine]" time="0.001">
    <failure message="Cannot run compiler&apos;posix&apos; on the current platform" type="org.aiotml.testing.errors.AiotMLTestCaseCompilerError">org.aiotml.testing.errors.AiotMLTestCaseCompilerError: Cannot run compiler'posix' on the current platform
Caused by: org.aiotml.testing.errors.AiotMLExecutionError: 
make -v - Non-zero return value
[stdout]

[stderr]
'make' �����ڲ����ⲿ���Ҳ���ǿ����еĳ���
���������ļ���

</failure>
  </testcase>
  <testcase name="PosixMT [testDeepCompositeStates]" classname="testDeepCompositeStates [General.StateMachine]" time="0.001">
    <failure message="Cannot run compiler&apos;posixmt&apos; on the current platform" type="org.aiotml.testing.errors.AiotMLTestCaseCompilerError">org.aiotml.testing.errors.AiotMLTestCaseCompilerError: Cannot run compiler'posixmt' on the current platform
Caused by: org.aiotml.testing.errors.AiotMLExecutionError: 
make -v - Non-zero return value
[stdout]

[stderr]
'make' �����ڲ����ⲿ���Ҳ���ǿ����еĳ���
���������ļ���

</failure>
  </testcase>
  <testcase name="Go [testCompStatesEntry]" classname="testCompStatesEntry [General.StateMachine]" time="0.4">
    <failure message="Test execution - Non-zero return value&#10;[stdout]&#10;&#10;[stderr]&#10;testconfiguration_generated.go:4:2: cannot find package &quot;github.com/SINTEF-9012/gosm&quot; in any of:&#10;	D:\Go\src\github.com\SINTEF-9012\gosm (from $GOROOT)&#10;	F:\MasterLab\go-ethereum\src\github.com\SINTEF-9012\gosm (from $GOPATH)&#10;" type="org.aiotml.testing.errors.AiotMLExecutionError">org.aiotml.testing.errors.AiotMLExecutionError: 
Test execution - Non-zero return value
[stdout]

[stderr]
testconfiguration_generated.go:4:2: cannot find package "github.com/SINTEF-9012/gosm" in any of:
	D:\Go\src\github.com\SINTEF-9012\gosm (from $GOROOT)
	F:\MasterLab\go-ethereum\src\github.com\SINTEF-9012\gosm (from $GOPATH)

</failure>
  </testcase>
  <testcase name="NodeJS [testEmptyTransition3]" classname="testEmptyTransition3 [General.StateMachine]" time="0.001">
    <failure message="Cannot run compiler&apos;nodejs&apos; on the current platform" type="org.aiotml.testing.errors.AiotMLTestCaseCompilerError">org.aiotml.testing.errors.AiotMLTestCaseCompilerError: Cannot run compiler'nodejs' on the current platform
Caused by: org.aiotml.testing.errors.AiotMLExecutionError: 
node -v - Non-zero return value
[stdout]

[stderr]
'node' �����ڲ����ⲿ���Ҳ���ǿ����еĳ���
���������ļ���

</failure>
  </testcase>
  <testcase name="Java [testEmptyTransition3]" classname="testEmptyTransition3 [General.StateMachine]" time="0.001">
    <failure message="Cannot run compiler&apos;java&apos; on the current platform" type="org.aiotml.testing.errors.AiotMLTestCaseCompilerError">org.aiotml.testing.errors.AiotMLTestCaseCompilerError: Cannot run compiler'java' on the current platform
Caused by: org.aiotml.testing.errors.AiotMLExecutionError: 
mvn -v - Non-zero return value
[stdout]

[stderr]
'mvn' �����ڲ����ⲿ���Ҳ���ǿ����еĳ���
���������ļ���

</failure>
  </testcase>
  <testcase name="Posix [testEmptyTransition3]" classname="testEmptyTransition3 [General.StateMachine]" time="0.001">
    <failure message="Cannot run compiler&apos;posix&apos; on the current platform" type="org.aiotml.testing.errors.AiotMLTestCaseCompilerError">org.aiotml.testing.errors.AiotMLTestCaseCompilerError: Cannot run compiler'posix' on the current platform
Caused by: org.aiotml.testing.errors.AiotMLExecutionError: 
make -v - Non-zero return value
[stdout]

[stderr]
'make' �����ڲ����ⲿ���Ҳ���ǿ����еĳ���
���������ļ���

</failure>
  </testcase>
  <testcase name="PosixMT [testEmptyTransition3]" classname="testEmptyTransition3 [General.StateMachine]" time="0.001">
    <failure message="Cannot run compiler&apos;posixmt&apos; on the current platform" type="org.aiotml.testing.errors.AiotMLTestCaseCompilerError">org.aiotml.testing.errors.AiotMLTestCaseCompilerError: Cannot run compiler'posixmt' on the current platform
Caused by: org.aiotml.testing.errors.AiotMLExecutionError: 
make -v - Non-zero return value
[stdout]

[stderr]
'make' �����ڲ����ⲿ���Ҳ���ǿ����еĳ���
���������ļ���

</failure>
  </testcase>
  <testcase name="Go [testEmptyTransition]" classname="testEmptyTransition [General.StateMachine]" time="0.088">
    <failure message="Test execution - Non-zero return value&#10;[stdout]&#10;&#10;[stderr]&#10;testconfiguration_generated.go:4:2: cannot find package &quot;github.com/SINTEF-9012/gosm&quot; in any of:&#10;	D:\Go\src\github.com\SINTEF-9012\gosm (from $GOROOT)&#10;	F:\MasterLab\go-ethereum\src\github.com\SINTEF-9012\gosm (from $GOPATH)&#10;" type="org.aiotml.testing.errors.AiotMLExecutionError">org.aiotml.testing.errors.AiotMLExecutionError: 
Test execution - Non-zero return value
[stdout]

[stderr]
testconfiguration_generated.go:4:2: cannot find package "github.com/SINTEF-9012/gosm" in any of:
	D:\Go\src\github.com\SINTEF-9012\gosm (from $GOROOT)
	F:\MasterLab\go-ethereum\src\github.com\SINTEF-9012\gosm (from $GOPATH)

</failure>
  </testcase>
  <testcase name="NodeJS [testEmptyTransition2]" classname="testEmptyTransition2 [General.StateMachine]" time="0.001">
    <failure message="Cannot run compiler&apos;nodejs&apos; on the current platform" type="org.aiotml.testing.errors.AiotMLTestCaseCompilerError">org.aiotml.testing.errors.AiotMLTestCaseCompilerError: Cannot run compiler'nodejs' on the current platform
Caused by: org.aiotml.testing.errors.AiotMLExecutionError: 
node -v - Non-zero return value
[stdout]

[stderr]
'node' �����ڲ����ⲿ���Ҳ���ǿ����еĳ���
���������ļ���

</failure>
  </testcase>
  <testcase name="Java [testEmptyTransition2]" classname="testEmptyTransition2 [General.StateMachine]" time="0.001">
    <failure message="Cannot run compiler&apos;java&apos; on the current platform" type="org.aiotml.testing.errors.AiotMLTestCaseCompilerError">org.aiotml.testing.errors.AiotMLTestCaseCompilerError: Cannot run compiler'java' on the current platform
Caused by: org.aiotml.testing.errors.AiotMLExecutionError: 
mvn -v - Non-zero return value
[stdout]

[stderr]
'mvn' �����ڲ����ⲿ���Ҳ���ǿ����еĳ���
���������ļ���

</failure>
  </testcase>
  <testcase name="Posix [testEmptyTransition2]" classname="testEmptyTransition2 [General.StateMachine]" time="0.001">
    <failure message="Cannot run compiler&apos;posix&apos; on the current platform" type="org.aiotml.testing.errors.AiotMLTestCaseCompilerError">org.aiotml.testing.errors.AiotMLTestCaseCompilerError: Cannot run compiler'posix' on the current platform
Caused by: org.aiotml.testing.errors.AiotMLExecutionError: 
make -v - Non-zero return value
[stdout]

[stderr]
'make' �����ڲ����ⲿ���Ҳ���ǿ����еĳ���
���������ļ���

</failure>
  </testcase>
  <testcase name="PosixMT [testEmptyTransition2]" classname="testEmptyTransition2 [General.StateMachine]" time="0.001">
    <failure message="Cannot run compiler&apos;posixmt&apos; on the current platform" type="org.aiotml.testing.errors.AiotMLTestCaseCompilerError">org.aiotml.testing.errors.AiotMLTestCaseCompilerError: Cannot run compiler'posixmt' on the current platform
Caused by: org.aiotml.testing.errors.AiotMLExecutionError: 
make -v - Non-zero return value
[stdout]

[stderr]
'make' �����ڲ����ⲿ���Ҳ���ǿ����еĳ���
���������ļ���

</failure>
  </testcase>
  <testcase name="Go [testDeepCompositeStates]" classname="testDeepCompositeStates [General.StateMachine]" time="0.226">
    <failure message="Test execution - Non-zero return value&#10;[stdout]&#10;&#10;[stderr]&#10;testconfiguration_generated.go:4:2: cannot find package &quot;github.com/SINTEF-9012/gosm&quot; in any of:&#10;	D:\Go\src\github.com\SINTEF-9012\gosm (from $GOROOT)&#10;	F:\MasterLab\go-ethereum\src\github.com\SINTEF-9012\gosm (from $GOPATH)&#10;" type="org.aiotml.testing.errors.AiotMLExecutionError">org.aiotml.testing.errors.AiotMLExecutionError: 
Test execution - Non-zero return value
[stdout]

[stderr]
testconfiguration_generated.go:4:2: cannot find package "github.com/SINTEF-9012/gosm" in any of:
	D:\Go\src\github.com\SINTEF-9012\gosm (from $GOROOT)
	F:\MasterLab\go-ethereum\src\github.com\SINTEF-9012\gosm (from $GOPATH)

</failure>
  </testcase>
  <testcase name="NodeJS [testGuardFunction]" classname="testGuardFunction [General.StateMachine]" time="0.04">
    <failure message="Cannot run compiler&apos;nodejs&apos; on the current platform" type="org.aiotml.testing.errors.AiotMLTestCaseCompilerError">org.aiotml.testing.errors.AiotMLTestCaseCompilerError: Cannot run compiler'nodejs' on the current platform
Caused by: org.aiotml.testing.errors.AiotMLExecutionError: 
node -v - Non-zero return value
[stdout]

[stderr]
'node' �����ڲ����ⲿ���Ҳ���ǿ����еĳ���
���������ļ���

</failure>
  </testcase>
  <testcase name="Java [testGuardFunction]" classname="testGuardFunction [General.StateMachine]" time="0.001">
    <failure message="Cannot run compiler&apos;java&apos; on the current platform" type="org.aiotml.testing.errors.AiotMLTestCaseCompilerError">org.aiotml.testing.errors.AiotMLTestCaseCompilerError: Cannot run compiler'java' on the current platform
Caused by: org.aiotml.testing.errors.AiotMLExecutionError: 
mvn -v - Non-zero return value
[stdout]

[stderr]
'mvn' �����ڲ����ⲿ���Ҳ���ǿ����еĳ���
���������ļ���

</failure>
  </testcase>
  <testcase name="Posix [testGuardFunction]" classname="testGuardFunction [General.StateMachine]" time="0.001">
    <failure message="Cannot run compiler&apos;posix&apos; on the current platform" type="org.aiotml.testing.errors.AiotMLTestCaseCompilerError">org.aiotml.testing.errors.AiotMLTestCaseCompilerError: Cannot run compiler'posix' on the current platform
Caused by: org.aiotml.testing.errors.AiotMLExecutionError: 
make -v - Non-zero return value
[stdout]

[stderr]
'make' �����ڲ����ⲿ���Ҳ���ǿ����еĳ���
���������ļ���

</failure>
  </testcase>
  <testcase name="PosixMT [testGuardFunction]" classname="testGuardFunction [General.StateMachine]" time="0.001">
    <failure message="Cannot run compiler&apos;posixmt&apos; on the current platform" type="org.aiotml.testing.errors.AiotMLTestCaseCompilerError">org.aiotml.testing.errors.AiotMLTestCaseCompilerError: Cannot run compiler'posixmt' on the current platform
Caused by: org.aiotml.testing.errors.AiotMLExecutionError: 
make -v - Non-zero return value
[stdout]

[stderr]
'make' �����ڲ����ⲿ���Ҳ���ǿ����еĳ���
���������ļ���

</failure>
  </testcase>
  <testcase name="Go [testEmptyTransition3]" classname="testEmptyTransition3 [General.StateMachine]" time="0.393">
    <failure message="Test execution - Non-zero return value&#10;[stdout]&#10;&#10;[stderr]&#10;testconfiguration_generated.go:4:2: cannot find package &quot;github.com/SINTEF-9012/gosm&quot; in any of:&#10;	D:\Go\src\github.com\SINTEF-9012\gosm (from $GOROOT)&#10;	F:\MasterLab\go-ethereum\src\github.com\SINTEF-9012\gosm (from $GOPATH)&#10;" type="org.aiotml.testing.errors.AiotMLExecutionError">org.aiotml.testing.errors.AiotMLExecutionError: 
Test execution - Non-zero return value
[stdout]

[stderr]
testconfiguration_generated.go:4:2: cannot find package "github.com/SINTEF-9012/gosm" in any of:
	D:\Go\src\github.com\SINTEF-9012\gosm (from $GOROOT)
	F:\MasterLab\go-ethereum\src\github.com\SINTEF-9012\gosm (from $GOPATH)

</failure>
  </testcase>
  <testcase name="NodeJS [testGuardAutoTransition]" classname="testGuardAutoTransition [General.StateMachine]" time="0.001">
    <failure message="Cannot run compiler&apos;nodejs&apos; on the current platform" type="org.aiotml.testing.errors.AiotMLTestCaseCompilerError">org.aiotml.testing.errors.AiotMLTestCaseCompilerError: Cannot run compiler'nodejs' on the current platform
Caused by: org.aiotml.testing.errors.AiotMLExecutionError: 
node -v - Non-zero return value
[stdout]

[stderr]
'node' �����ڲ����ⲿ���Ҳ���ǿ����еĳ���
���������ļ���

</failure>
  </testcase>
  <testcase name="Java [testGuardAutoTransition]" classname="testGuardAutoTransition [General.StateMachine]" time="0.001">
    <failure message="Cannot run compiler&apos;java&apos; on the current platform" type="org.aiotml.testing.errors.AiotMLTestCaseCompilerError">org.aiotml.testing.errors.AiotMLTestCaseCompilerError: Cannot run compiler'java' on the current platform
Caused by: org.aiotml.testing.errors.AiotMLExecutionError: 
mvn -v - Non-zero return value
[stdout]

[stderr]
'mvn' �����ڲ����ⲿ���Ҳ���ǿ����еĳ���
���������ļ���

</failure>
  </testcase>
  <testcase name="Posix [testGuardAutoTransition]" classname="testGuardAutoTransition [General.StateMachine]" time="0.001">
    <failure message="Cannot run compiler&apos;posix&apos; on the current platform" type="org.aiotml.testing.errors.AiotMLTestCaseCompilerError">org.aiotml.testing.errors.AiotMLTestCaseCompilerError: Cannot run compiler'posix' on the current platform
Caused by: org.aiotml.testing.errors.AiotMLExecutionError: 
make -v - Non-zero return value
[stdout]

[stderr]
'make' �����ڲ����ⲿ���Ҳ���ǿ����еĳ���
���������ļ���

</failure>
  </testcase>
  <testcase name="PosixMT [testGuardAutoTransition]" classname="testGuardAutoTransition [General.StateMachine]" time="0">
    <failure message="Cannot run compiler&apos;posixmt&apos; on the current platform" type="org.aiotml.testing.errors.AiotMLTestCaseCompilerError">org.aiotml.testing.errors.AiotMLTestCaseCompilerError: Cannot run compiler'posixmt' on the current platform
Caused by: org.aiotml.testing.errors.AiotMLExecutionError: 
make -v - Non-zero return value
[stdout]

[stderr]
'make' �����ڲ����ⲿ���Ҳ���ǿ����еĳ���
���������ļ���

</failure>
  </testcase>
  <testcase name="Go [testEmptyTransition2]" classname="testEmptyTransition2 [General.StateMachine]" time="0.094">
    <failure message="Test execution - Non-zero return value&#10;[stdout]&#10;&#10;[stderr]&#10;testconfiguration_generated.go:4:2: cannot find package &quot;github.com/SINTEF-9012/gosm&quot; in any of:&#10;	D:\Go\src\github.com\SINTEF-9012\gosm (from $GOROOT)&#10;	F:\MasterLab\go-ethereum\src\github.com\SINTEF-9012\gosm (from $GOPATH)&#10;" type="org.aiotml.testing.errors.AiotMLExecutionError">org.aiotml.testing.errors.AiotMLExecutionError: 
Test execution - Non-zero return value
[stdout]

[stderr]
testconfiguration_generated.go:4:2: cannot find package "github.com/SINTEF-9012/gosm" in any of:
	D:\Go\src\github.com\SINTEF-9012\gosm (from $GOROOT)
	F:\MasterLab\go-ethereum\src\github.com\SINTEF-9012\gosm (from $GOPATH)

</failure>
  </testcase>
  <testcase name="NodeJS [testHistoryStates]" classname="testHistoryStates [General.StateMachine]" time="0.001">
    <failure message="Cannot run compiler&apos;nodejs&apos; on the current platform" type="org.aiotml.testing.errors.AiotMLTestCaseCompilerError">org.aiotml.testing.errors.AiotMLTestCaseCompilerError: Cannot run compiler'nodejs' on the current platform
Caused by: org.aiotml.testing.errors.AiotMLExecutionError: 
node -v - Non-zero return value
[stdout]

[stderr]
'node' �����ڲ����ⲿ���Ҳ���ǿ����еĳ���
���������ļ���

</failure>
  </testcase>
  <testcase name="Java [testHistoryStates]" classname="testHistoryStates [General.StateMachine]" time="0.001">
    <failure message="Cannot run compiler&apos;java&apos; on the current platform" type="org.aiotml.testing.errors.AiotMLTestCaseCompilerError">org.aiotml.testing.errors.AiotMLTestCaseCompilerError: Cannot run compiler'java' on the current platform
Caused by: org.aiotml.testing.errors.AiotMLExecutionError: 
mvn -v - Non-zero return value
[stdout]

[stderr]
'mvn' �����ڲ����ⲿ���Ҳ���ǿ����еĳ���
���������ļ���

</failure>
  </testcase>
  <testcase name="Posix [testHistoryStates]" classname="testHistoryStates [General.StateMachine]" time="0.001">
    <failure message="Cannot run compiler&apos;posix&apos; on the current platform" type="org.aiotml.testing.errors.AiotMLTestCaseCompilerError">org.aiotml.testing.errors.AiotMLTestCaseCompilerError: Cannot run compiler'posix' on the current platform
Caused by: org.aiotml.testing.errors.AiotMLExecutionError: 
make -v - Non-zero return value
[stdout]

[stderr]
'make' �����ڲ����ⲿ���Ҳ���ǿ����еĳ���
���������ļ���

</failure>
  </testcase>
  <testcase name="PosixMT [testHistoryStates]" classname="testHistoryStates [General.StateMachine]" time="0.001">
    <failure message="Cannot run compiler&apos;posixmt&apos; on the current platform" type="org.aiotml.testing.errors.AiotMLTestCaseCompilerError">org.aiotml.testing.errors.AiotMLTestCaseCompilerError: Cannot run compiler'posixmt' on the current platform
Caused by: org.aiotml.testing.errors.AiotMLExecutionError: 
make -v - Non-zero return value
[stdout]

[stderr]
'make' �����ڲ����ⲿ���Ҳ���ǿ����еĳ���
���������ļ���

</failure>
  </testcase>
  <testcase name="Go [testGuardFunction]" classname="testGuardFunction [General.StateMachine]" time="0.199">
    <failure message="Test execution - Non-zero return value&#10;[stdout]&#10;&#10;[stderr]&#10;testconfiguration_generated.go:4:2: cannot find package &quot;github.com/SINTEF-9012/gosm&quot; in any of:&#10;	D:\Go\src\github.com\SINTEF-9012\gosm (from $GOROOT)&#10;	F:\MasterLab\go-ethereum\src\github.com\SINTEF-9012\gosm (from $GOPATH)&#10;" type="org.aiotml.testing.errors.AiotMLExecutionError">org.aiotml.testing.errors.AiotMLExecutionError: 
Test execution - Non-zero return value
[stdout]

[stderr]
testconfiguration_generated.go:4:2: cannot find package "github.com/SINTEF-9012/gosm" in any of:
	D:\Go\src\github.com\SINTEF-9012\gosm (from $GOROOT)
	F:\MasterLab\go-ethereum\src\github.com\SINTEF-9012\gosm (from $GOPATH)

</failure>
  </testcase>
  <testcase name="NodeJS [testHistory]" classname="testHistory [General.StateMachine]" time="0.073">
    <failure message="Cannot run compiler&apos;nodejs&apos; on the current platform" type="org.aiotml.testing.errors.AiotMLTestCaseCompilerError">org.aiotml.testing.errors.AiotMLTestCaseCompilerError: Cannot run compiler'nodejs' on the current platform
Caused by: org.aiotml.testing.errors.AiotMLExecutionError: 
node -v - Non-zero return value
[stdout]

[stderr]
'node' �����ڲ����ⲿ���Ҳ���ǿ����еĳ���
���������ļ���

</failure>
  </testcase>
  <testcase name="Java [testHistory]" classname="testHistory [General.StateMachine]" time="0.001">
    <failure message="Cannot run compiler&apos;java&apos; on the current platform" type="org.aiotml.testing.errors.AiotMLTestCaseCompilerError">org.aiotml.testing.errors.AiotMLTestCaseCompilerError: Cannot run compiler'java' on the current platform
Caused by: org.aiotml.testing.errors.AiotMLExecutionError: 
mvn -v - Non-zero return value
[stdout]

[stderr]
'mvn' �����ڲ����ⲿ���Ҳ���ǿ����еĳ���
���������ļ���

</failure>
  </testcase>
  <testcase name="Posix [testHistory]" classname="testHistory [General.StateMachine]" time="0.001">
    <failure message="Cannot run compiler&apos;posix&apos; on the current platform" type="org.aiotml.testing.errors.AiotMLTestCaseCompilerError">org.aiotml.testing.errors.AiotMLTestCaseCompilerError: Cannot run compiler'posix' on the current platform
Caused by: org.aiotml.testing.errors.AiotMLExecutionError: 
make -v - Non-zero return value
[stdout]

[stderr]
'make' �����ڲ����ⲿ���Ҳ���ǿ����еĳ���
���������ļ���

</failure>
  </testcase>
  <testcase name="PosixMT [testHistory]" classname="testHistory [General.StateMachine]" time="0.001">
    <failure message="Cannot run compiler&apos;posixmt&apos; on the current platform" type="org.aiotml.testing.errors.AiotMLTestCaseCompilerError">org.aiotml.testing.errors.AiotMLTestCaseCompilerError: Cannot run compiler'posixmt' on the current platform
Caused by: org.aiotml.testing.errors.AiotMLExecutionError: 
make -v - Non-zero return value
[stdout]

[stderr]
'make' �����ڲ����ⲿ���Ҳ���ǿ����еĳ���
���������ļ���

</failure>
  </testcase>
  <testcase name="Go [testGuardAutoTransition]" classname="testGuardAutoTransition [General.StateMachine]" time="0.393">
    <failure message="Test execution - Non-zero return value&#10;[stdout]&#10;&#10;[stderr]&#10;testconfiguration_generated.go:4:2: cannot find package &quot;github.com/SINTEF-9012/gosm&quot; in any of:&#10;	D:\Go\src\github.com\SINTEF-9012\gosm (from $GOROOT)&#10;	F:\MasterLab\go-ethereum\src\github.com\SINTEF-9012\gosm (from $GOPATH)&#10;" type="org.aiotml.testing.errors.AiotMLExecutionError">org.aiotml.testing.errors.AiotMLExecutionError: 
Test execution - Non-zero return value
[stdout]

[stderr]
testconfiguration_generated.go:4:2: cannot find package "github.com/SINTEF-9012/gosm" in any of:
	D:\Go\src\github.com\SINTEF-9012\gosm (from $GOROOT)
	F:\MasterLab\go-ethereum\src\github.com\SINTEF-9012\gosm (from $GOPATH)

</failure>
  </testcase>
  <testcase name="NodeJS [testInternalTransition]" classname="testInternalTransition [General.StateMachine]" time="0.002">
    <failure message="Cannot run compiler&apos;nodejs&apos; on the current platform" type="org.aiotml.testing.errors.AiotMLTestCaseCompilerError">org.aiotml.testing.errors.AiotMLTestCaseCompilerError: Cannot run compiler'nodejs' on the current platform
Caused by: org.aiotml.testing.errors.AiotMLExecutionError: 
node -v - Non-zero return value
[stdout]

[stderr]
'node' �����ڲ����ⲿ���Ҳ���ǿ����еĳ���
���������ļ���

</failure>
  </testcase>
  <testcase name="Java [testInternalTransition]" classname="testInternalTransition [General.StateMachine]" time="0.001">
    <failure message="Cannot run compiler&apos;java&apos; on the current platform" type="org.aiotml.testing.errors.AiotMLTestCaseCompilerError">org.aiotml.testing.errors.AiotMLTestCaseCompilerError: Cannot run compiler'java' on the current platform
Caused by: org.aiotml.testing.errors.AiotMLExecutionError: 
mvn -v - Non-zero return value
[stdout]

[stderr]
'mvn' �����ڲ����ⲿ���Ҳ���ǿ����еĳ���
���������ļ���

</failure>
  </testcase>
  <testcase name="Posix [testInternalTransition]" classname="testInternalTransition [General.StateMachine]" time="0.001">
    <failure message="Cannot run compiler&apos;posix&apos; on the current platform" type="org.aiotml.testing.errors.AiotMLTestCaseCompilerError">org.aiotml.testing.errors.AiotMLTestCaseCompilerError: Cannot run compiler'posix' on the current platform
Caused by: org.aiotml.testing.errors.AiotMLExecutionError: 
make -v - Non-zero return value
[stdout]

[stderr]
'make' �����ڲ����ⲿ���Ҳ���ǿ����еĳ���
���������ļ���

</failure>
  </testcase>
  <testcase name="PosixMT [testInternalTransition]" classname="testInternalTransition [General.StateMachine]" time="0">
    <failure message="Cannot run compiler&apos;posixmt&apos; on the current platform" type="org.aiotml.testing.errors.AiotMLTestCaseCompilerError">org.aiotml.testing.errors.AiotMLTestCaseCompilerError: Cannot run compiler'posixmt' on the current platform
Caused by: org.aiotml.testing.errors.AiotMLExecutionError: 
make -v - Non-zero return value
[stdout]

[stderr]
'make' �����ڲ����ⲿ���Ҳ���ǿ����еĳ���
���������ļ���

</failure>
  </testcase>
  <testcase name="Go [testHistoryStates]" classname="testHistoryStates [General.StateMachine]" time="0.101">
    <failure message="Test execution - Non-zero return value&#10;[stdout]&#10;&#10;[stderr]&#10;testconfiguration_generated.go:4:2: cannot find package &quot;github.com/SINTEF-9012/gosm&quot; in any of:&#10;	D:\Go\src\github.com\SINTEF-9012\gosm (from $GOROOT)&#10;	F:\MasterLab\go-ethereum\src\github.com\SINTEF-9012\gosm (from $GOPATH)&#10;" type="org.aiotml.testing.errors.AiotMLExecutionError">org.aiotml.testing.errors.AiotMLExecutionError: 
Test execution - Non-zero return value
[stdout]

[stderr]
testconfiguration_generated.go:4:2: cannot find package "github.com/SINTEF-9012/gosm" in any of:
	D:\Go\src\github.com\SINTEF-9012\gosm (from $GOROOT)
	F:\MasterLab\go-ethereum\src\github.com\SINTEF-9012\gosm (from $GOPATH)

</failure>
  </testcase>
  <testcase name="NodeJS [testInternalEmptyTransition]" classname="testInternalEmptyTransition [General.StateMachine]" time="0.001">
    <failure message="Cannot run compiler&apos;nodejs&apos; on the current platform" type="org.aiotml.testing.errors.AiotMLTestCaseCompilerError">org.aiotml.testing.errors.AiotMLTestCaseCompilerError: Cannot run compiler'nodejs' on the current platform
Caused by: org.aiotml.testing.errors.AiotMLExecutionError: 
node -v - Non-zero return value
[stdout]

[stderr]
'node' �����ڲ����ⲿ���Ҳ���ǿ����еĳ���
���������ļ���

</failure>
  </testcase>
  <testcase name="Java [testInternalEmptyTransition]" classname="testInternalEmptyTransition [General.StateMachine]" time="0.001">
    <failure message="Cannot run compiler&apos;java&apos; on the current platform" type="org.aiotml.testing.errors.AiotMLTestCaseCompilerError">org.aiotml.testing.errors.AiotMLTestCaseCompilerError: Cannot run compiler'java' on the current platform
Caused by: org.aiotml.testing.errors.AiotMLExecutionError: 
mvn -v - Non-zero return value
[stdout]

[stderr]
'mvn' �����ڲ����ⲿ���Ҳ���ǿ����еĳ���
���������ļ���

</failure>
  </testcase>
  <testcase name="Posix [testInternalEmptyTransition]" classname="testInternalEmptyTransition [General.StateMachine]" time="0">
    <failure message="Cannot run compiler&apos;posix&apos; on the current platform" type="org.aiotml.testing.errors.AiotMLTestCaseCompilerError">org.aiotml.testing.errors.AiotMLTestCaseCompilerError: Cannot run compiler'posix' on the current platform
Caused by: org.aiotml.testing.errors.AiotMLExecutionError: 
make -v - Non-zero return value
[stdout]

[stderr]
'make' �����ڲ����ⲿ���Ҳ���ǿ����еĳ���
���������ļ���

</failure>
  </testcase>
  <testcase name="PosixMT [testInternalEmptyTransition]" classname="testInternalEmptyTransition [General.StateMachine]" time="0.001">
    <failure message="Cannot run compiler&apos;posixmt&apos; on the current platform" type="org.aiotml.testing.errors.AiotMLTestCaseCompilerError">org.aiotml.testing.errors.AiotMLTestCaseCompilerError: Cannot run compiler'posixmt' on the current platform
Caused by: org.aiotml.testing.errors.AiotMLExecutionError: 
make -v - Non-zero return value
[stdout]

[stderr]
'make' �����ڲ����ⲿ���Ҳ���ǿ����еĳ���
���������ļ���

</failure>
  </testcase>
  <testcase name="Go [testHistory]" classname="testHistory [General.StateMachine]" time="0.201">
    <failure message="Test execution - Non-zero return value&#10;[stdout]&#10;&#10;[stderr]&#10;testconfiguration_generated.go:4:2: cannot find package &quot;github.com/SINTEF-9012/gosm&quot; in any of:&#10;	D:\Go\src\github.com\SINTEF-9012\gosm (from $GOROOT)&#10;	F:\MasterLab\go-ethereum\src\github.com\SINTEF-9012\gosm (from $GOPATH)&#10;" type="org.aiotml.testing.errors.AiotMLExecutionError">org.aiotml.testing.errors.AiotMLExecutionError: 
Test execution - Non-zero return value
[stdout]

[stderr]
testconfiguration_generated.go:4:2: cannot find package "github.com/SINTEF-9012/gosm" in any of:
	D:\Go\src\github.com\SINTEF-9012\gosm (from $GOROOT)
	F:\MasterLab\go-ethereum\src\github.com\SINTEF-9012\gosm (from $GOPATH)

</failure>
  </testcase>
  <testcase name="NodeJS [testMaskCompositeStates]" classname="testMaskCompositeStates [General.StateMachine]" time="0.165">
    <failure message="Cannot run compiler&apos;nodejs&apos; on the current platform" type="org.aiotml.testing.errors.AiotMLTestCaseCompilerError">org.aiotml.testing.errors.AiotMLTestCaseCompilerError: Cannot run compiler'nodejs' on the current platform
Caused by: org.aiotml.testing.errors.AiotMLExecutionError: 
node -v - Non-zero return value
[stdout]

[stderr]
'node' �����ڲ����ⲿ���Ҳ���ǿ����еĳ���
���������ļ���

</failure>
  </testcase>
  <testcase name="Java [testMaskCompositeStates]" classname="testMaskCompositeStates [General.StateMachine]" time="0.001">
    <failure message="Cannot run compiler&apos;java&apos; on the current platform" type="org.aiotml.testing.errors.AiotMLTestCaseCompilerError">org.aiotml.testing.errors.AiotMLTestCaseCompilerError: Cannot run compiler'java' on the current platform
Caused by: org.aiotml.testing.errors.AiotMLExecutionError: 
mvn -v - Non-zero return value
[stdout]

[stderr]
'mvn' �����ڲ����ⲿ���Ҳ���ǿ����еĳ���
���������ļ���

</failure>
  </testcase>
  <testcase name="Posix [testMaskCompositeStates]" classname="testMaskCompositeStates [General.StateMachine]" time="0.001">
    <failure message="Cannot run compiler&apos;posix&apos; on the current platform" type="org.aiotml.testing.errors.AiotMLTestCaseCompilerError">org.aiotml.testing.errors.AiotMLTestCaseCompilerError: Cannot run compiler'posix' on the current platform
Caused by: org.aiotml.testing.errors.AiotMLExecutionError: 
make -v - Non-zero return value
[stdout]

[stderr]
'make' �����ڲ����ⲿ���Ҳ���ǿ����еĳ���
���������ļ���

</failure>
  </testcase>
  <testcase name="PosixMT [testMaskCompositeStates]" classname="testMaskCompositeStates [General.StateMachine]" time="0.001">
    <failure message="Cannot run compiler&apos;posixmt&apos; on the current platform" type="org.aiotml.testing.errors.AiotMLTestCaseCompilerError">org.aiotml.testing.errors.AiotMLTestCaseCompilerError: Cannot run compiler'posixmt' on the current platform
Caused by: org.aiotml.testing.errors.AiotMLExecutionError: 
make -v - Non-zero return value
[stdout]

[stderr]
'make' �����ڲ����ⲿ���Ҳ���ǿ����еĳ���
���������ļ���

</failure>
  </testcase>
  <testcase name="Go [testInternalTransition]" classname="testInternalTransition [General.StateMachine]" time="0.249">
    <failure message="Test execution - Non-zero return value&#10;[stdout]&#10;&#10;[stderr]&#10;testconfiguration_generated.go:4:2: cannot find package &quot;github.com/SINTEF-9012/gosm&quot; in any of:&#10;	D:\Go\src\github.com\SINTEF-9012\gosm (from $GOROOT)&#10;	F:\MasterLab\go-ethereum\src\github.com\SINTEF-9012\gosm (from $GOPATH)&#10;" type="org.aiotml.testing.errors.AiotMLExecutionError">org.aiotml.testing.errors.AiotMLExecutionError: 
Test execution - Non-zero return value
[stdout]

[stderr]
testconfiguration_generated.go:4:2: cannot find package "github.com/SINTEF-9012/gosm" in any of:
	D:\Go\src\github.com\SINTEF-9012\gosm (from $GOROOT)
	F:\MasterLab\go-ethereum\src\github.com\SINTEF-9012\gosm (from $GOPATH)

</failure>
  </testcase>
  <testcase name="NodeJS [testInternalTransition2]" classname="testInternalTransition2 [General.StateMachine]" time="0.07">
    <failure message="Cannot run compiler&apos;nodejs&apos; on the current platform" type="org.aiotml.testing.errors.AiotMLTestCaseCompilerError">org.aiotml.testing.errors.AiotMLTestCaseCompilerError: Cannot run compiler'nodejs' on the current platform
Caused by: org.aiotml.testing.errors.AiotMLExecutionError: 
node -v - Non-zero return value
[stdout]

[stderr]
'node' �����ڲ����ⲿ���Ҳ���ǿ����еĳ���
���������ļ���

</failure>
  </testcase>
  <testcase name="Java [testInternalTransition2]" classname="testInternalTransition2 [General.StateMachine]" time="0">
    <failure message="Cannot run compiler&apos;java&apos; on the current platform" type="org.aiotml.testing.errors.AiotMLTestCaseCompilerError">org.aiotml.testing.errors.AiotMLTestCaseCompilerError: Cannot run compiler'java' on the current platform
Caused by: org.aiotml.testing.errors.AiotMLExecutionError: 
mvn -v - Non-zero return value
[stdout]

[stderr]
'mvn' �����ڲ����ⲿ���Ҳ���ǿ����еĳ���
���������ļ���

</failure>
  </testcase>
  <testcase name="Posix [testInternalTransition2]" classname="testInternalTransition2 [General.StateMachine]" time="0.001">
    <failure message="Cannot run compiler&apos;posix&apos; on the current platform" type="org.aiotml.testing.errors.AiotMLTestCaseCompilerError">org.aiotml.testing.errors.AiotMLTestCaseCompilerError: Cannot run compiler'posix' on the current platform
Caused by: org.aiotml.testing.errors.AiotMLExecutionError: 
make -v - Non-zero return value
[stdout]

[stderr]
'make' �����ڲ����ⲿ���Ҳ���ǿ����еĳ���
���������ļ���

</failure>
  </testcase>
  <testcase name="PosixMT [testInternalTransition2]" classname="testInternalTransition2 [General.StateMachine]" time="0.001">
    <failure message="Cannot run compiler&apos;posixmt&apos; on the current platform" type="org.aiotml.testing.errors.AiotMLTestCaseCompilerError">org.aiotml.testing.errors.AiotMLTestCaseCompilerError: Cannot run compiler'posixmt' on the current platform
Caused by: org.aiotml.testing.errors.AiotMLExecutionError: 
make -v - Non-zero return value
[stdout]

[stderr]
'make' �����ڲ����ⲿ���Ҳ���ǿ����еĳ���
���������ļ���

</failure>
  </testcase>
  <testcase name="Go [testInternalEmptyTransition]" classname="testInternalEmptyTransition [General.StateMachine]" time="0.086">
    <failure message="Test execution - Non-zero return value&#10;[stdout]&#10;&#10;[stderr]&#10;testconfiguration_generated.go:4:2: cannot find package &quot;github.com/SINTEF-9012/gosm&quot; in any of:&#10;	D:\Go\src\github.com\SINTEF-9012\gosm (from $GOROOT)&#10;	F:\MasterLab\go-ethereum\src\github.com\SINTEF-9012\gosm (from $GOPATH)&#10;" type="org.aiotml.testing.errors.AiotMLExecutionError">org.aiotml.testing.errors.AiotMLExecutionError: 
Test execution - Non-zero return value
[stdout]

[stderr]
testconfiguration_generated.go:4:2: cannot find package "github.com/SINTEF-9012/gosm" in any of:
	D:\Go\src\github.com\SINTEF-9012\gosm (from $GOROOT)
	F:\MasterLab\go-ethereum\src\github.com\SINTEF-9012\gosm (from $GOPATH)

</failure>
  </testcase>
  <testcase name="NodeJS [testOnExit]" classname="testOnExit [General.StateMachine]" time="0.001">
    <failure message="Cannot run compiler&apos;nodejs&apos; on the current platform" type="org.aiotml.testing.errors.AiotMLTestCaseCompilerError">org.aiotml.testing.errors.AiotMLTestCaseCompilerError: Cannot run compiler'nodejs' on the current platform
Caused by: org.aiotml.testing.errors.AiotMLExecutionError: 
node -v - Non-zero return value
[stdout]

[stderr]
'node' �����ڲ����ⲿ���Ҳ���ǿ����еĳ���
���������ļ���

</failure>
  </testcase>
  <testcase name="Java [testOnExit]" classname="testOnExit [General.StateMachine]" time="0.001">
    <failure message="Cannot run compiler&apos;java&apos; on the current platform" type="org.aiotml.testing.errors.AiotMLTestCaseCompilerError">org.aiotml.testing.errors.AiotMLTestCaseCompilerError: Cannot run compiler'java' on the current platform
Caused by: org.aiotml.testing.errors.AiotMLExecutionError: 
mvn -v - Non-zero return value
[stdout]

[stderr]
'mvn' �����ڲ����ⲿ���Ҳ���ǿ����еĳ���
���������ļ���

</failure>
  </testcase>
  <testcase name="Posix [testOnExit]" classname="testOnExit [General.StateMachine]" time="0.001">
    <failure message="Cannot run compiler&apos;posix&apos; on the current platform" type="org.aiotml.testing.errors.AiotMLTestCaseCompilerError">org.aiotml.testing.errors.AiotMLTestCaseCompilerError: Cannot run compiler'posix' on the current platform
Caused by: org.aiotml.testing.errors.AiotMLExecutionError: 
make -v - Non-zero return value
[stdout]

[stderr]
'make' �����ڲ����ⲿ���Ҳ���ǿ����еĳ���
���������ļ���

</failure>
  </testcase>
  <testcase name="PosixMT [testOnExit]" classname="testOnExit [General.StateMachine]" time="0.001">
    <failure message="Cannot run compiler&apos;posixmt&apos; on the current platform" type="org.aiotml.testing.errors.AiotMLTestCaseCompilerError">org.aiotml.testing.errors.AiotMLTestCaseCompilerError: Cannot run compiler'posixmt' on the current platform
Caused by: org.aiotml.testing.errors.AiotMLExecutionError: 
make -v - Non-zero return value
[stdout]

[stderr]
'make' �����ڲ����ⲿ���Ҳ���ǿ����еĳ���
���������ļ���

</failure>
  </testcase>
  <testcase name="Go [testMaskCompositeStates]" classname="testMaskCompositeStates [General.StateMachine]" time="0.333">
    <failure message="Test execution - Non-zero return value&#10;[stdout]&#10;&#10;[stderr]&#10;testconfiguration_generated.go:4:2: cannot find package &quot;github.com/SINTEF-9012/gosm&quot; in any of:&#10;	D:\Go\src\github.com\SINTEF-9012\gosm (from $GOROOT)&#10;	F:\MasterLab\go-ethereum\src\github.com\SINTEF-9012\gosm (from $GOPATH)&#10;" type="org.aiotml.testing.errors.AiotMLExecutionError">org.aiotml.testing.errors.AiotMLExecutionError: 
Test execution - Non-zero return value
[stdout]

[stderr]
testconfiguration_generated.go:4:2: cannot find package "github.com/SINTEF-9012/gosm" in any of:
	D:\Go\src\github.com\SINTEF-9012\gosm (from $GOROOT)
	F:\MasterLab\go-ethereum\src\github.com\SINTEF-9012\gosm (from $GOPATH)

</failure>
  </testcase>
  <testcase name="NodeJS [testOnEntry]" classname="testOnEntry [General.StateMachine]" time="0.001">
    <failure message="Cannot run compiler&apos;nodejs&apos; on the current platform" type="org.aiotml.testing.errors.AiotMLTestCaseCompilerError">org.aiotml.testing.errors.AiotMLTestCaseCompilerError: Cannot run compiler'nodejs' on the current platform
Caused by: org.aiotml.testing.errors.AiotMLExecutionError: 
node -v - Non-zero return value
[stdout]

[stderr]
'node' �����ڲ����ⲿ���Ҳ���ǿ����еĳ���
���������ļ���

</failure>
  </testcase>
  <testcase name="Java [testOnEntry]" classname="testOnEntry [General.StateMachine]" time="0.001">
    <failure message="Cannot run compiler&apos;java&apos; on the current platform" type="org.aiotml.testing.errors.AiotMLTestCaseCompilerError">org.aiotml.testing.errors.AiotMLTestCaseCompilerError: Cannot run compiler'java' on the current platform
Caused by: org.aiotml.testing.errors.AiotMLExecutionError: 
mvn -v - Non-zero return value
[stdout]

[stderr]
'mvn' �����ڲ����ⲿ���Ҳ���ǿ����еĳ���
���������ļ���

</failure>
  </testcase>
  <testcase name="Posix [testOnEntry]" classname="testOnEntry [General.StateMachine]" time="0.001">
    <failure message="Cannot run compiler&apos;posix&apos; on the current platform" type="org.aiotml.testing.errors.AiotMLTestCaseCompilerError">org.aiotml.testing.errors.AiotMLTestCaseCompilerError: Cannot run compiler'posix' on the current platform
Caused by: org.aiotml.testing.errors.AiotMLExecutionError: 
make -v - Non-zero return value
[stdout]

[stderr]
'make' �����ڲ����ⲿ���Ҳ���ǿ����еĳ���
���������ļ���

</failure>
  </testcase>
  <testcase name="PosixMT [testOnEntry]" classname="testOnEntry [General.StateMachine]" time="0.001">
    <failure message="Cannot run compiler&apos;posixmt&apos; on the current platform" type="org.aiotml.testing.errors.AiotMLTestCaseCompilerError">org.aiotml.testing.errors.AiotMLTestCaseCompilerError: Cannot run compiler'posixmt' on the current platform
Caused by: org.aiotml.testing.errors.AiotMLExecutionError: 
make -v - Non-zero return value
[stdout]

[stderr]
'make' �����ڲ����ⲿ���Ҳ���ǿ����еĳ���
���������ļ���

</failure>
  </testcase>
  <testcase name="Go [testInternalTransition2]" classname="testInternalTransition2 [General.StateMachine]" time="0.416">
    <failure message="Test execution - Non-zero return value&#10;[stdout]&#10;&#10;[stderr]&#10;testconfiguration_generated.go:4:2: cannot find package &quot;github.com/SINTEF-9012/gosm&quot; in any of:&#10;	D:\Go\src\github.com\SINTEF-9012\gosm (from $GOROOT)&#10;	F:\MasterLab\go-ethereum\src\github.com\SINTEF-9012\gosm (from $GOPATH)&#10;" type="org.aiotml.testing.errors.AiotMLExecutionError">org.aiotml.testing.errors.AiotMLExecutionError: 
Test execution - Non-zero return value
[stdout]

[stderr]
testconfiguration_generated.go:4:2: cannot find package "github.com/SINTEF-9012/gosm" in any of:
	D:\Go\src\github.com\SINTEF-9012\gosm (from $GOROOT)
	F:\MasterLab\go-ethereum\src\github.com\SINTEF-9012\gosm (from $GOPATH)

</failure>
  </testcase>
  <testcase name="NodeJS [testRegion2]" classname="testRegion2 [General.StateMachine]" time="0.001">
    <failure message="Cannot run compiler&apos;nodejs&apos; on the current platform" type="org.aiotml.testing.errors.AiotMLTestCaseCompilerError">org.aiotml.testing.errors.AiotMLTestCaseCompilerError: Cannot run compiler'nodejs' on the current platform
Caused by: org.aiotml.testing.errors.AiotMLExecutionError: 
node -v - Non-zero return value
[stdout]

[stderr]
'node' �����ڲ����ⲿ���Ҳ���ǿ����еĳ���
���������ļ���

</failure>
  </testcase>
  <testcase name="Java [testRegion2]" classname="testRegion2 [General.StateMachine]" time="0.001">
    <failure message="Cannot run compiler&apos;java&apos; on the current platform" type="org.aiotml.testing.errors.AiotMLTestCaseCompilerError">org.aiotml.testing.errors.AiotMLTestCaseCompilerError: Cannot run compiler'java' on the current platform
Caused by: org.aiotml.testing.errors.AiotMLExecutionError: 
mvn -v - Non-zero return value
[stdout]

[stderr]
'mvn' �����ڲ����ⲿ���Ҳ���ǿ����еĳ���
���������ļ���

</failure>
  </testcase>
  <testcase name="Posix [testRegion2]" classname="testRegion2 [General.StateMachine]" time="0">
    <failure message="Cannot run compiler&apos;posix&apos; on the current platform" type="org.aiotml.testing.errors.AiotMLTestCaseCompilerError">org.aiotml.testing.errors.AiotMLTestCaseCompilerError: Cannot run compiler'posix' on the current platform
Caused by: org.aiotml.testing.errors.AiotMLExecutionError: 
make -v - Non-zero return value
[stdout]

[stderr]
'make' �����ڲ����ⲿ���Ҳ���ǿ����еĳ���
���������ļ���

</failure>
  </testcase>
  <testcase name="PosixMT [testRegion2]" classname="testRegion2 [General.StateMachine]" time="0.001">
    <failure message="Cannot run compiler&apos;posixmt&apos; on the current platform" type="org.aiotml.testing.errors.AiotMLTestCaseCompilerError">org.aiotml.testing.errors.AiotMLTestCaseCompilerError: Cannot run compiler'posixmt' on the current platform
Caused by: org.aiotml.testing.errors.AiotMLExecutionError: 
make -v - Non-zero return value
[stdout]

[stderr]
'make' �����ڲ����ⲿ���Ҳ���ǿ����еĳ���
���������ļ���

</failure>
  </testcase>
  <testcase name="Go [testOnExit]" classname="testOnExit [General.StateMachine]" time="0.071">
    <failure message="Test execution - Non-zero return value&#10;[stdout]&#10;&#10;[stderr]&#10;testconfiguration_generated.go:4:2: cannot find package &quot;github.com/SINTEF-9012/gosm&quot; in any of:&#10;	D:\Go\src\github.com\SINTEF-9012\gosm (from $GOROOT)&#10;	F:\MasterLab\go-ethereum\src\github.com\SINTEF-9012\gosm (from $GOPATH)&#10;" type="org.aiotml.testing.errors.AiotMLExecutionError">org.aiotml.testing.errors.AiotMLExecutionError: 
Test execution - Non-zero return value
[stdout]

[stderr]
testconfiguration_generated.go:4:2: cannot find package "github.com/SINTEF-9012/gosm" in any of:
	D:\Go\src\github.com\SINTEF-9012\gosm (from $GOROOT)
	F:\MasterLab\go-ethereum\src\github.com\SINTEF-9012\gosm (from $GOPATH)

</failure>
  </testcase>
  <testcase name="NodeJS [testRegion]" classname="testRegion [General.StateMachine]" time="0.001">
    <failure message="Cannot run compiler&apos;nodejs&apos; on the current platform" type="org.aiotml.testing.errors.AiotMLTestCaseCompilerError">org.aiotml.testing.errors.AiotMLTestCaseCompilerError: Cannot run compiler'nodejs' on the current platform
Caused by: org.aiotml.testing.errors.AiotMLExecutionError: 
node -v - Non-zero return value
[stdout]

[stderr]
'node' �����ڲ����ⲿ���Ҳ���ǿ����еĳ���
���������ļ���

</failure>
  </testcase>
  <testcase name="Java [testRegion]" classname="testRegion [General.StateMachine]" time="0.001">
    <failure message="Cannot run compiler&apos;java&apos; on the current platform" type="org.aiotml.testing.errors.AiotMLTestCaseCompilerError">org.aiotml.testing.errors.AiotMLTestCaseCompilerError: Cannot run compiler'java' on the current platform
Caused by: org.aiotml.testing.errors.AiotMLExecutionError: 
mvn -v - Non-zero return value
[stdout]

[stderr]
'mvn' �����ڲ����ⲿ���Ҳ���ǿ����еĳ���
���������ļ���

</failure>
  </testcase>
  <testcase name="Posix [testRegion]" classname="testRegion [General.StateMachine]" time="0.001">
    <failure message="Cannot run compiler&apos;posix&apos; on the current platform" type="org.aiotml.testing.errors.AiotMLTestCaseCompilerError">org.aiotml.testing.errors.AiotMLTestCaseCompilerError: Cannot run compiler'posix' on the current platform
Caused by: org.aiotml.testing.errors.AiotMLExecutionError: 
make -v - Non-zero return value
[stdout]

[stderr]
'make' �����ڲ����ⲿ���Ҳ���ǿ����еĳ���
���������ļ���

</failure>
  </testcase>
  <testcase name="PosixMT [testRegion]" classname="testRegion [General.StateMachine]" time="0.001">
    <failure message="Cannot run compiler&apos;posixmt&apos; on the current platform" type="org.aiotml.testing.errors.AiotMLTestCaseCompilerError">org.aiotml.testing.errors.AiotMLTestCaseCompilerError: Cannot run compiler'posixmt' on the current platform
Caused by: org.aiotml.testing.errors.AiotMLExecutionError: 
make -v - Non-zero return value
[stdout]

[stderr]
'make' �����ڲ����ⲿ���Ҳ���ǿ����еĳ���
���������ļ���

</failure>
  </testcase>
  <testcase name="Go [testOnEntry]" classname="testOnEntry [General.StateMachine]" time="0.23">
    <failure message="Test execution - Non-zero return value&#10;[stdout]&#10;&#10;[stderr]&#10;testconfiguration_generated.go:4:2: cannot find package &quot;github.com/SINTEF-9012/gosm&quot; in any of:&#10;	D:\Go\src\github.com\SINTEF-9012\gosm (from $GOROOT)&#10;	F:\MasterLab\go-ethereum\src\github.com\SINTEF-9012\gosm (from $GOPATH)&#10;" type="org.aiotml.testing.errors.AiotMLExecutionError">org.aiotml.testing.errors.AiotMLExecutionError: 
Test execution - Non-zero return value
[stdout]

[stderr]
testconfiguration_generated.go:4:2: cannot find package "github.com/SINTEF-9012/gosm" in any of:
	D:\Go\src\github.com\SINTEF-9012\gosm (from $GOROOT)
	F:\MasterLab\go-ethereum\src\github.com\SINTEF-9012\gosm (from $GOPATH)

</failure>
  </testcase>
  <testcase name="NodeJS [testTransition]" classname="testTransition [General.StateMachine]" time="0.059">
    <failure message="Cannot run compiler&apos;nodejs&apos; on the current platform" type="org.aiotml.testing.errors.AiotMLTestCaseCompilerError">org.aiotml.testing.errors.AiotMLTestCaseCompilerError: Cannot run compiler'nodejs' on the current platform
Caused by: org.aiotml.testing.errors.AiotMLExecutionError: 
node -v - Non-zero return value
[stdout]

[stderr]
'node' �����ڲ����ⲿ���Ҳ���ǿ����еĳ���
���������ļ���

</failure>
  </testcase>
  <testcase name="Java [testTransition]" classname="testTransition [General.StateMachine]" time="0.001">
    <failure message="Cannot run compiler&apos;java&apos; on the current platform" type="org.aiotml.testing.errors.AiotMLTestCaseCompilerError">org.aiotml.testing.errors.AiotMLTestCaseCompilerError: Cannot run compiler'java' on the current platform
Caused by: org.aiotml.testing.errors.AiotMLExecutionError: 
mvn -v - Non-zero return value
[stdout]

[stderr]
'mvn' �����ڲ����ⲿ���Ҳ���ǿ����еĳ���
���������ļ���

</failure>
  </testcase>
  <testcase name="Posix [testTransition]" classname="testTransition [General.StateMachine]" time="0.001">
    <failure message="Cannot run compiler&apos;posix&apos; on the current platform" type="org.aiotml.testing.errors.AiotMLTestCaseCompilerError">org.aiotml.testing.errors.AiotMLTestCaseCompilerError: Cannot run compiler'posix' on the current platform
Caused by: org.aiotml.testing.errors.AiotMLExecutionError: 
make -v - Non-zero return value
[stdout]

[stderr]
'make' �����ڲ����ⲿ���Ҳ���ǿ����еĳ���
���������ļ���

</failure>
  </testcase>
  <testcase name="PosixMT [testTransition]" classname="testTransition [General.StateMachine]" time="0.001">
    <failure message="Cannot run compiler&apos;posixmt&apos; on the current platform" type="org.aiotml.testing.errors.AiotMLTestCaseCompilerError">org.aiotml.testing.errors.AiotMLTestCaseCompilerError: Cannot run compiler'posixmt' on the current platform
Caused by: org.aiotml.testing.errors.AiotMLExecutionError: 
make -v - Non-zero return value
[stdout]

[stderr]
'make' �����ڲ����ⲿ���Ҳ���ǿ����еĳ���
���������ļ���

</failure>
  </testcase>
  <testcase name="Go [testRegion2]" classname="testRegion2 [General.StateMachine]" time="0.434">
    <failure message="Test execution - Non-zero return value&#10;[stdout]&#10;&#10;[stderr]&#10;testconfiguration_generated.go:4:2: cannot find package &quot;github.com/SINTEF-9012/gosm&quot; in any of:&#10;	D:\Go\src\github.com\SINTEF-9012\gosm (from $GOROOT)&#10;	F:\MasterLab\go-ethereum\src\github.com\SINTEF-9012\gosm (from $GOPATH)&#10;" type="org.aiotml.testing.errors.AiotMLExecutionError">org.aiotml.testing.errors.AiotMLExecutionError: 
Test execution - Non-zero return value
[stdout]

[stderr]
testconfiguration_generated.go:4:2: cannot find package "github.com/SINTEF-9012/gosm" in any of:
	D:\Go\src\github.com\SINTEF-9012\gosm (from $GOROOT)
	F:\MasterLab\go-ethereum\src\github.com\SINTEF-9012\gosm (from $GOPATH)

</failure>
  </testcase>
  <testcase name="NodeJS [testRegion3]" classname="testRegion3 [General.StateMachine]" time="0.001">
    <failure message="Cannot run compiler&apos;nodejs&apos; on the current platform" type="org.aiotml.testing.errors.AiotMLTestCaseCompilerError">org.aiotml.testing.errors.AiotMLTestCaseCompilerError: Cannot run compiler'nodejs' on the current platform
Caused by: org.aiotml.testing.errors.AiotMLExecutionError: 
node -v - Non-zero return value
[stdout]

[stderr]
'node' �����ڲ����ⲿ���Ҳ���ǿ����еĳ���
���������ļ���

</failure>
  </testcase>
  <testcase name="Java [testRegion3]" classname="testRegion3 [General.StateMachine]" time="0">
    <failure message="Cannot run compiler&apos;java&apos; on the current platform" type="org.aiotml.testing.errors.AiotMLTestCaseCompilerError">org.aiotml.testing.errors.AiotMLTestCaseCompilerError: Cannot run compiler'java' on the current platform
Caused by: org.aiotml.testing.errors.AiotMLExecutionError: 
mvn -v - Non-zero return value
[stdout]

[stderr]
'mvn' �����ڲ����ⲿ���Ҳ���ǿ����еĳ���
���������ļ���

</failure>
  </testcase>
  <testcase name="Posix [testRegion3]" classname="testRegion3 [General.StateMachine]" time="0.001">
    <failure message="Cannot run compiler&apos;posix&apos; on the current platform" type="org.aiotml.testing.errors.AiotMLTestCaseCompilerError">org.aiotml.testing.errors.AiotMLTestCaseCompilerError: Cannot run compiler'posix' on the current platform
Caused by: org.aiotml.testing.errors.AiotMLExecutionError: 
make -v - Non-zero return value
[stdout]

[stderr]
'make' �����ڲ����ⲿ���Ҳ���ǿ����еĳ���
���������ļ���

</failure>
  </testcase>
  <testcase name="PosixMT [testRegion3]" classname="testRegion3 [General.StateMachine]" time="0.001">
    <failure message="Cannot run compiler&apos;posixmt&apos; on the current platform" type="org.aiotml.testing.errors.AiotMLTestCaseCompilerError">org.aiotml.testing.errors.AiotMLTestCaseCompilerError: Cannot run compiler'posixmt' on the current platform
Caused by: org.aiotml.testing.errors.AiotMLExecutionError: 
make -v - Non-zero return value
[stdout]

[stderr]
'make' �����ڲ����ⲿ���Ҳ���ǿ����еĳ���
���������ļ���

</failure>
  </testcase>
  <testcase name="Go [testRegion]" classname="testRegion [General.StateMachine]" time="0.104">
    <failure message="Test execution - Non-zero return value&#10;[stdout]&#10;&#10;[stderr]&#10;testconfiguration_generated.go:4:2: cannot find package &quot;github.com/SINTEF-9012/gosm&quot; in any of:&#10;	D:\Go\src\github.com\SINTEF-9012\gosm (from $GOROOT)&#10;	F:\MasterLab\go-ethereum\src\github.com\SINTEF-9012\gosm (from $GOPATH)&#10;" type="org.aiotml.testing.errors.AiotMLExecutionError">org.aiotml.testing.errors.AiotMLExecutionError: 
Test execution - Non-zero return value
[stdout]

[stderr]
testconfiguration_generated.go:4:2: cannot find package "github.com/SINTEF-9012/gosm" in any of:
	D:\Go\src\github.com\SINTEF-9012\gosm (from $GOROOT)
	F:\MasterLab\go-ethereum\src\github.com\SINTEF-9012\gosm (from $GOPATH)

</failure>
  </testcase>
  <testcase name="NodeJS [testBool]" classname="testBool [General.Types]" time="0.001">
    <failure message="Cannot run compiler&apos;nodejs&apos; on the current platform" type="org.aiotml.testing.errors.AiotMLTestCaseCompilerError">org.aiotml.testing.errors.AiotMLTestCaseCompilerError: Cannot run compiler'nodejs' on the current platform
Caused by: org.aiotml.testing.errors.AiotMLExecutionError: 
node -v - Non-zero return value
[stdout]

[stderr]
'node' �����ڲ����ⲿ���Ҳ���ǿ����еĳ���
���������ļ���

</failure>
  </testcase>
  <testcase name="Java [testBool]" classname="testBool [General.Types]" time="0.001">
    <failure message="Cannot run compiler&apos;java&apos; on the current platform" type="org.aiotml.testing.errors.AiotMLTestCaseCompilerError">org.aiotml.testing.errors.AiotMLTestCaseCompilerError: Cannot run compiler'java' on the current platform
Caused by: org.aiotml.testing.errors.AiotMLExecutionError: 
mvn -v - Non-zero return value
[stdout]

[stderr]
'mvn' �����ڲ����ⲿ���Ҳ���ǿ����еĳ���
���������ļ���

</failure>
  </testcase>
  <testcase name="Posix [testBool]" classname="testBool [General.Types]" time="0.001">
    <failure message="Cannot run compiler&apos;posix&apos; on the current platform" type="org.aiotml.testing.errors.AiotMLTestCaseCompilerError">org.aiotml.testing.errors.AiotMLTestCaseCompilerError: Cannot run compiler'posix' on the current platform
Caused by: org.aiotml.testing.errors.AiotMLExecutionError: 
make -v - Non-zero return value
[stdout]

[stderr]
'make' �����ڲ����ⲿ���Ҳ���ǿ����еĳ���
���������ļ���

</failure>
  </testcase>
  <testcase name="PosixMT [testBool]" classname="testBool [General.Types]" time="0">
    <failure message="Cannot run compiler&apos;posixmt&apos; on the current platform" type="org.aiotml.testing.errors.AiotMLTestCaseCompilerError">org.aiotml.testing.errors.AiotMLTestCaseCompilerError: Cannot run compiler'posixmt' on the current platform
Caused by: org.aiotml.testing.errors.AiotMLExecutionError: 
make -v - Non-zero return value
[stdout]

[stderr]
'make' �����ڲ����ⲿ���Ҳ���ǿ����еĳ���
���������ļ���

</failure>
  </testcase>
  <testcase name="Go [testTransition]" classname="testTransition [General.StateMachine]" time="0.197">
    <failure message="Test execution - Non-zero return value&#10;[stdout]&#10;&#10;[stderr]&#10;testconfiguration_generated.go:4:2: cannot find package &quot;github.com/SINTEF-9012/gosm&quot; in any of:&#10;	D:\Go\src\github.com\SINTEF-9012\gosm (from $GOROOT)&#10;	F:\MasterLab\go-ethereum\src\github.com\SINTEF-9012\gosm (from $GOPATH)&#10;" type="org.aiotml.testing.errors.AiotMLExecutionError">org.aiotml.testing.errors.AiotMLExecutionError: 
Test execution - Non-zero return value
[stdout]

[stderr]
testconfiguration_generated.go:4:2: cannot find package "github.com/SINTEF-9012/gosm" in any of:
	D:\Go\src\github.com\SINTEF-9012\gosm (from $GOROOT)
	F:\MasterLab\go-ethereum\src\github.com\SINTEF-9012\gosm (from $GOPATH)

</failure>
  </testcase>
  <testcase name="NodeJS [testTriggerInsideTransition]" classname="testTriggerInsideTransition [General.StateMachine]" time="0.164">
    <failure message="Cannot run compiler&apos;nodejs&apos; on the current platform" type="org.aiotml.testing.errors.AiotMLTestCaseCompilerError">org.aiotml.testing.errors.AiotMLTestCaseCompilerError: Cannot run compiler'nodejs' on the current platform
Caused by: org.aiotml.testing.errors.AiotMLExecutionError: 
node -v - Non-zero return value
[stdout]

[stderr]
'node' �����ڲ����ⲿ���Ҳ���ǿ����еĳ���
���������ļ���

</failure>
  </testcase>
  <testcase name="Java [testTriggerInsideTransition]" classname="testTriggerInsideTransition [General.StateMachine]" time="0">
    <failure message="Cannot run compiler&apos;java&apos; on the current platform" type="org.aiotml.testing.errors.AiotMLTestCaseCompilerError">org.aiotml.testing.errors.AiotMLTestCaseCompilerError: Cannot run compiler'java' on the current platform
Caused by: org.aiotml.testing.errors.AiotMLExecutionError: 
mvn -v - Non-zero return value
[stdout]

[stderr]
'mvn' �����ڲ����ⲿ���Ҳ���ǿ����еĳ���
���������ļ���

</failure>
  </testcase>
  <testcase name="Posix [testTriggerInsideTransition]" classname="testTriggerInsideTransition [General.StateMachine]" time="0.001">
    <failure message="Cannot run compiler&apos;posix&apos; on the current platform" type="org.aiotml.testing.errors.AiotMLTestCaseCompilerError">org.aiotml.testing.errors.AiotMLTestCaseCompilerError: Cannot run compiler'posix' on the current platform
Caused by: org.aiotml.testing.errors.AiotMLExecutionError: 
make -v - Non-zero return value
[stdout]

[stderr]
'make' �����ڲ����ⲿ���Ҳ���ǿ����еĳ���
���������ļ���

</failure>
  </testcase>
  <testcase name="PosixMT [testTriggerInsideTransition]" classname="testTriggerInsideTransition [General.StateMachine]" time="0.001">
    <failure message="Cannot run compiler&apos;posixmt&apos; on the current platform" type="org.aiotml.testing.errors.AiotMLTestCaseCompilerError">org.aiotml.testing.errors.AiotMLTestCaseCompilerError: Cannot run compiler'posixmt' on the current platform
Caused by: org.aiotml.testing.errors.AiotMLExecutionError: 
make -v - Non-zero return value
[stdout]

[stderr]
'make' �����ڲ����ⲿ���Ҳ���ǿ����еĳ���
���������ļ���

</failure>
  </testcase>
  <testcase name="Go [testRegion3]" classname="testRegion3 [General.StateMachine]" time="0.193">
    <failure message="Test execution - Non-zero return value&#10;[stdout]&#10;&#10;[stderr]&#10;testconfiguration_generated.go:4:2: cannot find package &quot;github.com/SINTEF-9012/gosm&quot; in any of:&#10;	D:\Go\src\github.com\SINTEF-9012\gosm (from $GOROOT)&#10;	F:\MasterLab\go-ethereum\src\github.com\SINTEF-9012\gosm (from $GOPATH)&#10;" type="org.aiotml.testing.errors.AiotMLExecutionError">org.aiotml.testing.errors.AiotMLExecutionError: 
Test execution - Non-zero return value
[stdout]

[stderr]
testconfiguration_generated.go:4:2: cannot find package "github.com/SINTEF-9012/gosm" in any of:
	D:\Go\src\github.com\SINTEF-9012\gosm (from $GOROOT)
	F:\MasterLab\go-ethereum\src\github.com\SINTEF-9012\gosm (from $GOPATH)

</failure>
  </testcase>
  <testcase name="NodeJS [testDouble]" classname="testDouble [General.Types]" time="0.073">
    <failure message="Cannot run compiler&apos;nodejs&apos; on the current platform" type="org.aiotml.testing.errors.AiotMLTestCaseCompilerError">org.aiotml.testing.errors.AiotMLTestCaseCompilerError: Cannot run compiler'nodejs' on the current platform
Caused by: org.aiotml.testing.errors.AiotMLExecutionError: 
node -v - Non-zero return value
[stdout]

[stderr]
'node' �����ڲ����ⲿ���Ҳ���ǿ����еĳ���
���������ļ���

</failure>
  </testcase>
  <testcase name="Java [testDouble]" classname="testDouble [General.Types]" time="0.001">
    <failure message="Cannot run compiler&apos;java&apos; on the current platform" type="org.aiotml.testing.errors.AiotMLTestCaseCompilerError">org.aiotml.testing.errors.AiotMLTestCaseCompilerError: Cannot run compiler'java' on the current platform
Caused by: org.aiotml.testing.errors.AiotMLExecutionError: 
mvn -v - Non-zero return value
[stdout]

[stderr]
'mvn' �����ڲ����ⲿ���Ҳ���ǿ����еĳ���
���������ļ���

</failure>
  </testcase>
  <testcase name="Posix [testDouble]" classname="testDouble [General.Types]" time="0.001">
    <failure message="Cannot run compiler&apos;posix&apos; on the current platform" type="org.aiotml.testing.errors.AiotMLTestCaseCompilerError">org.aiotml.testing.errors.AiotMLTestCaseCompilerError: Cannot run compiler'posix' on the current platform
Caused by: org.aiotml.testing.errors.AiotMLExecutionError: 
make -v - Non-zero return value
[stdout]

[stderr]
'make' �����ڲ����ⲿ���Ҳ���ǿ����еĳ���
���������ļ���

</failure>
  </testcase>
  <testcase name="PosixMT [testDouble]" classname="testDouble [General.Types]" time="0">
    <failure message="Cannot run compiler&apos;posixmt&apos; on the current platform" type="org.aiotml.testing.errors.AiotMLTestCaseCompilerError">org.aiotml.testing.errors.AiotMLTestCaseCompilerError: Cannot run compiler'posixmt' on the current platform
Caused by: org.aiotml.testing.errors.AiotMLExecutionError: 
make -v - Non-zero return value
[stdout]

[stderr]
'make' �����ڲ����ⲿ���Ҳ���ǿ����еĳ���
���������ļ���

</failure>
  </testcase>
  <testcase name="Go [testBool]" classname="testBool [General.Types]" time="0.118">
    <failure message="Test execution - Non-zero return value&#10;[stdout]&#10;&#10;[stderr]&#10;testconfiguration_generated.go:4:2: cannot find package &quot;github.com/SINTEF-9012/gosm&quot; in any of:&#10;	D:\Go\src\github.com\SINTEF-9012\gosm (from $GOROOT)&#10;	F:\MasterLab\go-ethereum\src\github.com\SINTEF-9012\gosm (from $GOPATH)&#10;" type="org.aiotml.testing.errors.AiotMLExecutionError">org.aiotml.testing.errors.AiotMLExecutionError: 
Test execution - Non-zero return value
[stdout]

[stderr]
testconfiguration_generated.go:4:2: cannot find package "github.com/SINTEF-9012/gosm" in any of:
	D:\Go\src\github.com\SINTEF-9012\gosm (from $GOROOT)
	F:\MasterLab\go-ethereum\src\github.com\SINTEF-9012\gosm (from $GOPATH)

</failure>
  </testcase>
  <testcase name="NodeJS [testChar]" classname="testChar [General.Types]" time="0.001">
    <failure message="Cannot run compiler&apos;nodejs&apos; on the current platform" type="org.aiotml.testing.errors.AiotMLTestCaseCompilerError">org.aiotml.testing.errors.AiotMLTestCaseCompilerError: Cannot run compiler'nodejs' on the current platform
Caused by: org.aiotml.testing.errors.AiotMLExecutionError: 
node -v - Non-zero return value
[stdout]

[stderr]
'node' �����ڲ����ⲿ���Ҳ���ǿ����еĳ���
���������ļ���

</failure>
  </testcase>
  <testcase name="Java [testChar]" classname="testChar [General.Types]" time="0.001">
    <failure message="Cannot run compiler&apos;java&apos; on the current platform" type="org.aiotml.testing.errors.AiotMLTestCaseCompilerError">org.aiotml.testing.errors.AiotMLTestCaseCompilerError: Cannot run compiler'java' on the current platform
Caused by: org.aiotml.testing.errors.AiotMLExecutionError: 
mvn -v - Non-zero return value
[stdout]

[stderr]
'mvn' �����ڲ����ⲿ���Ҳ���ǿ����еĳ���
���������ļ���

</failure>
  </testcase>
  <testcase name="Posix [testChar]" classname="testChar [General.Types]" time="0">
    <failure message="Cannot run compiler&apos;posix&apos; on the current platform" type="org.aiotml.testing.errors.AiotMLTestCaseCompilerError">org.aiotml.testing.errors.AiotMLTestCaseCompilerError: Cannot run compiler'posix' on the current platform
Caused by: org.aiotml.testing.errors.AiotMLExecutionError: 
make -v - Non-zero return value
[stdout]

[stderr]
'make' �����ڲ����ⲿ���Ҳ���ǿ����еĳ���
���������ļ���

</failure>
  </testcase>
  <testcase name="PosixMT [testChar]" classname="testChar [General.Types]" time="0.001">
    <failure message="Cannot run compiler&apos;posixmt&apos; on the current platform" type="org.aiotml.testing.errors.AiotMLTestCaseCompilerError">org.aiotml.testing.errors.AiotMLTestCaseCompilerError: Cannot run compiler'posixmt' on the current platform
Caused by: org.aiotml.testing.errors.AiotMLExecutionError: 
make -v - Non-zero return value
[stdout]

[stderr]
'make' �����ڲ����ⲿ���Ҳ���ǿ����еĳ���
���������ļ���

</failure>
  </testcase>
  <testcase name="Go [testTriggerInsideTransition]" classname="testTriggerInsideTransition [General.StateMachine]" time="0.266">
    <failure message="Test execution - Non-zero return value&#10;[stdout]&#10;&#10;[stderr]&#10;testconfiguration_generated.go:4:2: cannot find package &quot;github.com/SINTEF-9012/gosm&quot; in any of:&#10;	D:\Go\src\github.com\SINTEF-9012\gosm (from $GOROOT)&#10;	F:\MasterLab\go-ethereum\src\github.com\SINTEF-9012\gosm (from $GOPATH)&#10;" type="org.aiotml.testing.errors.AiotMLExecutionError">org.aiotml.testing.errors.AiotMLExecutionError: 
Test execution - Non-zero return value
[stdout]

[stderr]
testconfiguration_generated.go:4:2: cannot find package "github.com/SINTEF-9012/gosm" in any of:
	D:\Go\src\github.com\SINTEF-9012\gosm (from $GOROOT)
	F:\MasterLab\go-ethereum\src\github.com\SINTEF-9012\gosm (from $GOPATH)

</failure>
  </testcase>
  <testcase name="NodeJS [testInt16]" classname="testInt16 [General.Types]" time="0.086">
    <failure message="Cannot run compiler&apos;nodejs&apos; on the current platform" type="org.aiotml.testing.errors.AiotMLTestCaseCompilerError">org.aiotml.testing.errors.AiotMLTestCaseCompilerError: Cannot run compiler'nodejs' on the current platform
Caused by: org.aiotml.testing.errors.AiotMLExecutionError: 
node -v - Non-zero return value
[stdout]

[stderr]
'node' �����ڲ����ⲿ���Ҳ���ǿ����еĳ���
���������ļ���

</failure>
  </testcase>
  <testcase name="Java [testInt16]" classname="testInt16 [General.Types]" time="0.001">
    <failure message="Cannot run compiler&apos;java&apos; on the current platform" type="org.aiotml.testing.errors.AiotMLTestCaseCompilerError">org.aiotml.testing.errors.AiotMLTestCaseCompilerError: Cannot run compiler'java' on the current platform
Caused by: org.aiotml.testing.errors.AiotMLExecutionError: 
mvn -v - Non-zero return value
[stdout]

[stderr]
'mvn' �����ڲ����ⲿ���Ҳ���ǿ����еĳ���
���������ļ���

</failure>
  </testcase>
  <testcase name="Posix [testInt16]" classname="testInt16 [General.Types]" time="0.001">
    <failure message="Cannot run compiler&apos;posix&apos; on the current platform" type="org.aiotml.testing.errors.AiotMLTestCaseCompilerError">org.aiotml.testing.errors.AiotMLTestCaseCompilerError: Cannot run compiler'posix' on the current platform
Caused by: org.aiotml.testing.errors.AiotMLExecutionError: 
make -v - Non-zero return value
[stdout]

[stderr]
'make' �����ڲ����ⲿ���Ҳ���ǿ����еĳ���
���������ļ���

</failure>
  </testcase>
  <testcase name="PosixMT [testInt16]" classname="testInt16 [General.Types]" time="0.001">
    <failure message="Cannot run compiler&apos;posixmt&apos; on the current platform" type="org.aiotml.testing.errors.AiotMLTestCaseCompilerError">org.aiotml.testing.errors.AiotMLTestCaseCompilerError: Cannot run compiler'posixmt' on the current platform
Caused by: org.aiotml.testing.errors.AiotMLExecutionError: 
make -v - Non-zero return value
[stdout]

[stderr]
'make' �����ڲ����ⲿ���Ҳ���ǿ����еĳ���
���������ļ���

</failure>
  </testcase>
  <testcase name="Go [testDouble]" classname="testDouble [General.Types]" time="0.218">
    <failure message="Test execution - Non-zero return value&#10;[stdout]&#10;&#10;[stderr]&#10;testconfiguration_generated.go:4:2: cannot find package &quot;github.com/SINTEF-9012/gosm&quot; in any of:&#10;	D:\Go\src\github.com\SINTEF-9012\gosm (from $GOROOT)&#10;	F:\MasterLab\go-ethereum\src\github.com\SINTEF-9012\gosm (from $GOPATH)&#10;" type="org.aiotml.testing.errors.AiotMLExecutionError">org.aiotml.testing.errors.AiotMLExecutionError: 
Test execution - Non-zero return value
[stdout]

[stderr]
testconfiguration_generated.go:4:2: cannot find package "github.com/SINTEF-9012/gosm" in any of:
	D:\Go\src\github.com\SINTEF-9012\gosm (from $GOROOT)
	F:\MasterLab\go-ethereum\src\github.com\SINTEF-9012\gosm (from $GOPATH)

</failure>
  </testcase>
  <testcase name="NodeJS [testFloat]" classname="testFloat [General.Types]" time="0.079">
    <failure message="Cannot run compiler&apos;nodejs&apos; on the current platform" type="org.aiotml.testing.errors.AiotMLTestCaseCompilerError">org.aiotml.testing.errors.AiotMLTestCaseCompilerError: Cannot run compiler'nodejs' on the current platform
Caused by: org.aiotml.testing.errors.AiotMLExecutionError: 
node -v - Non-zero return value
[stdout]

[stderr]
'node' �����ڲ����ⲿ���Ҳ���ǿ����еĳ���
���������ļ���

</failure>
  </testcase>
  <testcase name="Java [testFloat]" classname="testFloat [General.Types]" time="0.001">
    <failure message="Cannot run compiler&apos;java&apos; on the current platform" type="org.aiotml.testing.errors.AiotMLTestCaseCompilerError">org.aiotml.testing.errors.AiotMLTestCaseCompilerError: Cannot run compiler'java' on the current platform
Caused by: org.aiotml.testing.errors.AiotMLExecutionError: 
mvn -v - Non-zero return value
[stdout]

[stderr]
'mvn' �����ڲ����ⲿ���Ҳ���ǿ����еĳ���
���������ļ���

</failure>
  </testcase>
  <testcase name="Posix [testFloat]" classname="testFloat [General.Types]" time="0">
    <failure message="Cannot run compiler&apos;posix&apos; on the current platform" type="org.aiotml.testing.errors.AiotMLTestCaseCompilerError">org.aiotml.testing.errors.AiotMLTestCaseCompilerError: Cannot run compiler'posix' on the current platform
Caused by: org.aiotml.testing.errors.AiotMLExecutionError: 
make -v - Non-zero return value
[stdout]

[stderr]
'make' �����ڲ����ⲿ���Ҳ���ǿ����еĳ���
���������ļ���

</failure>
  </testcase>
  <testcase name="PosixMT [testFloat]" classname="testFloat [General.Types]" time="0.001">
    <failure message="Cannot run compiler&apos;posixmt&apos; on the current platform" type="org.aiotml.testing.errors.AiotMLTestCaseCompilerError">org.aiotml.testing.errors.AiotMLTestCaseCompilerError: Cannot run compiler'posixmt' on the current platform
Caused by: org.aiotml.testing.errors.AiotMLExecutionError: 
make -v - Non-zero return value
[stdout]

[stderr]
'make' �����ڲ����ⲿ���Ҳ���ǿ����еĳ���
���������ļ���

</failure>
  </testcase>
  <testcase name="Go [testChar]" classname="testChar [General.Types]" time="0.11">
    <failure message="Test execution - Non-zero return value&#10;[stdout]&#10;&#10;[stderr]&#10;testconfiguration_generated.go:4:2: cannot find package &quot;github.com/SINTEF-9012/gosm&quot; in any of:&#10;	D:\Go\src\github.com\SINTEF-9012\gosm (from $GOROOT)&#10;	F:\MasterLab\go-ethereum\src\github.com\SINTEF-9012\gosm (from $GOPATH)&#10;" type="org.aiotml.testing.errors.AiotMLExecutionError">org.aiotml.testing.errors.AiotMLExecutionError: 
Test execution - Non-zero return value
[stdout]

[stderr]
testconfiguration_generated.go:4:2: cannot find package "github.com/SINTEF-9012/gosm" in any of:
	D:\Go\src\github.com\SINTEF-9012\gosm (from $GOROOT)
	F:\MasterLab\go-ethereum\src\github.com\SINTEF-9012\gosm (from $GOPATH)

</failure>
  </testcase>
  <testcase name="NodeJS [testInt8]" classname="testInt8 [General.Types]" time="0.001">
    <failure message="Cannot run compiler&apos;nodejs&apos; on the current platform" type="org.aiotml.testing.errors.AiotMLTestCaseCompilerError">org.aiotml.testing.errors.AiotMLTestCaseCompilerError: Cannot run compiler'nodejs' on the current platform
Caused by: org.aiotml.testing.errors.AiotMLExecutionError: 
node -v - Non-zero return value
[stdout]

[stderr]
'node' �����ڲ����ⲿ���Ҳ���ǿ����еĳ���
���������ļ���

</failure>
  </testcase>
  <testcase name="Java [testInt8]" classname="testInt8 [General.Types]" time="0.001">
    <failure message="Cannot run compiler&apos;java&apos; on the current platform" type="org.aiotml.testing.errors.AiotMLTestCaseCompilerError">org.aiotml.testing.errors.AiotMLTestCaseCompilerError: Cannot run compiler'java' on the current platform
Caused by: org.aiotml.testing.errors.AiotMLExecutionError: 
mvn -v - Non-zero return value
[stdout]

[stderr]
'mvn' �����ڲ����ⲿ���Ҳ���ǿ����еĳ���
���������ļ���

</failure>
  </testcase>
  <testcase name="Posix [testInt8]" classname="testInt8 [General.Types]" time="0.001">
    <failure message="Cannot run compiler&apos;posix&apos; on the current platform" type="org.aiotml.testing.errors.AiotMLTestCaseCompilerError">org.aiotml.testing.errors.AiotMLTestCaseCompilerError: Cannot run compiler'posix' on the current platform
Caused by: org.aiotml.testing.errors.AiotMLExecutionError: 
make -v - Non-zero return value
[stdout]

[stderr]
'make' �����ڲ����ⲿ���Ҳ���ǿ����еĳ���
���������ļ���

</failure>
  </testcase>
  <testcase name="PosixMT [testInt8]" classname="testInt8 [General.Types]" time="0">
    <failure message="Cannot run compiler&apos;posixmt&apos; on the current platform" type="org.aiotml.testing.errors.AiotMLTestCaseCompilerError">org.aiotml.testing.errors.AiotMLTestCaseCompilerError: Cannot run compiler'posixmt' on the current platform
Caused by: org.aiotml.testing.errors.AiotMLExecutionError: 
make -v - Non-zero return value
[stdout]

[stderr]
'make' �����ڲ����ⲿ���Ҳ���ǿ����еĳ���
���������ļ���

</failure>
  </testcase>
  <testcase name="Go [testInt16]" classname="testInt16 [General.Types]" time="0.308">
    <failure message="Test execution - Non-zero return value&#10;[stdout]&#10;&#10;[stderr]&#10;testconfiguration_generated.go:4:2: cannot find package &quot;github.com/SINTEF-9012/gosm&quot; in any of:&#10;	D:\Go\src\github.com\SINTEF-9012\gosm (from $GOROOT)&#10;	F:\MasterLab\go-ethereum\src\github.com\SINTEF-9012\gosm (from $GOPATH)&#10;" type="org.aiotml.testing.errors.AiotMLExecutionError">org.aiotml.testing.errors.AiotMLExecutionError: 
Test execution - Non-zero return value
[stdout]

[stderr]
testconfiguration_generated.go:4:2: cannot find package "github.com/SINTEF-9012/gosm" in any of:
	D:\Go\src\github.com\SINTEF-9012\gosm (from $GOROOT)
	F:\MasterLab\go-ethereum\src\github.com\SINTEF-9012\gosm (from $GOPATH)

</failure>
  </testcase>
  <testcase name="NodeJS [testInt32]" classname="testInt32 [General.Types]" time="0.063">
    <failure message="Cannot run compiler&apos;nodejs&apos; on the current platform" type="org.aiotml.testing.errors.AiotMLTestCaseCompilerError">org.aiotml.testing.errors.AiotMLTestCaseCompilerError: Cannot run compiler'nodejs' on the current platform
Caused by: org.aiotml.testing.errors.AiotMLExecutionError: 
node -v - Non-zero return value
[stdout]

[stderr]
'node' �����ڲ����ⲿ���Ҳ���ǿ����еĳ���
���������ļ���

</failure>
  </testcase>
  <testcase name="Java [testInt32]" classname="testInt32 [General.Types]" time="0.001">
    <failure message="Cannot run compiler&apos;java&apos; on the current platform" type="org.aiotml.testing.errors.AiotMLTestCaseCompilerError">org.aiotml.testing.errors.AiotMLTestCaseCompilerError: Cannot run compiler'java' on the current platform
Caused by: org.aiotml.testing.errors.AiotMLExecutionError: 
mvn -v - Non-zero return value
[stdout]

[stderr]
'mvn' �����ڲ����ⲿ���Ҳ���ǿ����еĳ���
���������ļ���

</failure>
  </testcase>
  <testcase name="Posix [testInt32]" classname="testInt32 [General.Types]" time="0">
    <failure message="Cannot run compiler&apos;posix&apos; on the current platform" type="org.aiotml.testing.errors.AiotMLTestCaseCompilerError">org.aiotml.testing.errors.AiotMLTestCaseCompilerError: Cannot run compiler'posix' on the current platform
Caused by: org.aiotml.testing.errors.AiotMLExecutionError: 
make -v - Non-zero return value
[stdout]

[stderr]
'make' �����ڲ����ⲿ���Ҳ���ǿ����еĳ���
���������ļ���

</failure>
  </testcase>
  <testcase name="PosixMT [testInt32]" classname="testInt32 [General.Types]" time="0.001">
    <failure message="Cannot run compiler&apos;posixmt&apos; on the current platform" type="org.aiotml.testing.errors.AiotMLTestCaseCompilerError">org.aiotml.testing.errors.AiotMLTestCaseCompilerError: Cannot run compiler'posixmt' on the current platform
Caused by: org.aiotml.testing.errors.AiotMLExecutionError: 
make -v - Non-zero return value
[stdout]

[stderr]
'make' �����ڲ����ⲿ���Ҳ���ǿ����еĳ���
���������ļ���

</failure>
  </testcase>
  <testcase name="Go [testFloat]" classname="testFloat [General.Types]" time="0.186">
    <failure message="Test execution - Non-zero return value&#10;[stdout]&#10;&#10;[stderr]&#10;testconfiguration_generated.go:4:2: cannot find package &quot;github.com/SINTEF-9012/gosm&quot; in any of:&#10;	D:\Go\src\github.com\SINTEF-9012\gosm (from $GOROOT)&#10;	F:\MasterLab\go-ethereum\src\github.com\SINTEF-9012\gosm (from $GOPATH)&#10;" type="org.aiotml.testing.errors.AiotMLExecutionError">org.aiotml.testing.errors.AiotMLExecutionError: 
Test execution - Non-zero return value
[stdout]

[stderr]
testconfiguration_generated.go:4:2: cannot find package "github.com/SINTEF-9012/gosm" in any of:
	D:\Go\src\github.com\SINTEF-9012\gosm (from $GOROOT)
	F:\MasterLab\go-ethereum\src\github.com\SINTEF-9012\gosm (from $GOPATH)

</failure>
  </testcase>
  <testcase name="NodeJS [testUInt32]" classname="testUInt32 [General.Types]" time="0.083">
    <failure message="Cannot run compiler&apos;nodejs&apos; on the current platform" type="org.aiotml.testing.errors.AiotMLTestCaseCompilerError">org.aiotml.testing.errors.AiotMLTestCaseCompilerError: Cannot run compiler'nodejs' on the current platform
Caused by: org.aiotml.testing.errors.AiotMLExecutionError: 
node -v - Non-zero return value
[stdout]

[stderr]
'node' �����ڲ����ⲿ���Ҳ���ǿ����еĳ���
���������ļ���

</failure>
  </testcase>
  <testcase name="Java [testUInt32]" classname="testUInt32 [General.Types]" time="0.001">
    <failure message="Cannot run compiler&apos;java&apos; on the current platform" type="org.aiotml.testing.errors.AiotMLTestCaseCompilerError">org.aiotml.testing.errors.AiotMLTestCaseCompilerError: Cannot run compiler'java' on the current platform
Caused by: org.aiotml.testing.errors.AiotMLExecutionError: 
mvn -v - Non-zero return value
[stdout]

[stderr]
'mvn' �����ڲ����ⲿ���Ҳ���ǿ����еĳ���
���������ļ���

</failure>
  </testcase>
  <testcase name="Posix [testUInt32]" classname="testUInt32 [General.Types]" time="0.001">
    <failure message="Cannot run compiler&apos;posix&apos; on the current platform" type="org.aiotml.testing.errors.AiotMLTestCaseCompilerError">org.aiotml.testing.errors.AiotMLTestCaseCompilerError: Cannot run compiler'posix' on the current platform
Caused by: org.aiotml.testing.errors.AiotMLExecutionError: 
make -v - Non-zero return value
[stdout]

[stderr]
'make' �����ڲ����ⲿ���Ҳ���ǿ����еĳ���
���������ļ���

</failure>
  </testcase>
  <testcase name="PosixMT [testUInt32]" classname="testUInt32 [General.Types]" time="0">
    <failure message="Cannot run compiler&apos;posixmt&apos; on the current platform" type="org.aiotml.testing.errors.AiotMLTestCaseCompilerError">org.aiotml.testing.errors.AiotMLTestCaseCompilerError: Cannot run compiler'posixmt' on the current platform
Caused by: org.aiotml.testing.errors.AiotMLExecutionError: 
make -v - Non-zero return value
[stdout]

[stderr]
'make' �����ڲ����ⲿ���Ҳ���ǿ����еĳ���
���������ļ���

</failure>
  </testcase>
  <testcase name="Go [testInt8]" classname="testInt8 [General.Types]" time="0.118">
    <failure message="Test execution - Non-zero return value&#10;[stdout]&#10;&#10;[stderr]&#10;testconfiguration_generated.go:4:2: cannot find package &quot;github.com/SINTEF-9012/gosm&quot; in any of:&#10;	D:\Go\src\github.com\SINTEF-9012\gosm (from $GOROOT)&#10;	F:\MasterLab\go-ethereum\src\github.com\SINTEF-9012\gosm (from $GOPATH)&#10;" type="org.aiotml.testing.errors.AiotMLExecutionError">org.aiotml.testing.errors.AiotMLExecutionError: 
Test execution - Non-zero return value
[stdout]

[stderr]
testconfiguration_generated.go:4:2: cannot find package "github.com/SINTEF-9012/gosm" in any of:
	D:\Go\src\github.com\SINTEF-9012\gosm (from $GOROOT)
	F:\MasterLab\go-ethereum\src\github.com\SINTEF-9012\gosm (from $GOPATH)

</failure>
  </testcase>
  <testcase name="NodeJS [testUInt16]" classname="testUInt16 [General.Types]" time="0.001">
    <failure message="Cannot run compiler&apos;nodejs&apos; on the current platform" type="org.aiotml.testing.errors.AiotMLTestCaseCompilerError">org.aiotml.testing.errors.AiotMLTestCaseCompilerError: Cannot run compiler'nodejs' on the current platform
Caused by: org.aiotml.testing.errors.AiotMLExecutionError: 
node -v - Non-zero return value
[stdout]

[stderr]
'node' �����ڲ����ⲿ���Ҳ���ǿ����еĳ���
���������ļ���

</failure>
  </testcase>
  <testcase name="Java [testUInt16]" classname="testUInt16 [General.Types]" time="0">
    <failure message="Cannot run compiler&apos;java&apos; on the current platform" type="org.aiotml.testing.errors.AiotMLTestCaseCompilerError">org.aiotml.testing.errors.AiotMLTestCaseCompilerError: Cannot run compiler'java' on the current platform
Caused by: org.aiotml.testing.errors.AiotMLExecutionError: 
mvn -v - Non-zero return value
[stdout]

[stderr]
'mvn' �����ڲ����ⲿ���Ҳ���ǿ����еĳ���
���������ļ���

</failure>
  </testcase>
  <testcase name="Posix [testUInt16]" classname="testUInt16 [General.Types]" time="0.001">
    <failure message="Cannot run compiler&apos;posix&apos; on the current platform" type="org.aiotml.testing.errors.AiotMLTestCaseCompilerError">org.aiotml.testing.errors.AiotMLTestCaseCompilerError: Cannot run compiler'posix' on the current platform
Caused by: org.aiotml.testing.errors.AiotMLExecutionError: 
make -v - Non-zero return value
[stdout]

[stderr]
'make' �����ڲ����ⲿ���Ҳ���ǿ����еĳ���
���������ļ���

</failure>
  </testcase>
  <testcase name="PosixMT [testUInt16]" classname="testUInt16 [General.Types]" time="0.001">
    <failure message="Cannot run compiler&apos;posixmt&apos; on the current platform" type="org.aiotml.testing.errors.AiotMLTestCaseCompilerError">org.aiotml.testing.errors.AiotMLTestCaseCompilerError: Cannot run compiler'posixmt' on the current platform
Caused by: org.aiotml.testing.errors.AiotMLExecutionError: 
make -v - Non-zero return value
[stdout]

[stderr]
'make' �����ڲ����ⲿ���Ҳ���ǿ����еĳ���
���������ļ���

</failure>
  </testcase>
  <testcase name="Go [testInt32]" classname="testInt32 [General.Types]" time="0.281">
    <failure message="Test execution - Non-zero return value&#10;[stdout]&#10;&#10;[stderr]&#10;testconfiguration_generated.go:4:2: cannot find package &quot;github.com/SINTEF-9012/gosm&quot; in any of:&#10;	D:\Go\src\github.com\SINTEF-9012\gosm (from $GOROOT)&#10;	F:\MasterLab\go-ethereum\src\github.com\SINTEF-9012\gosm (from $GOPATH)&#10;" type="org.aiotml.testing.errors.AiotMLExecutionError">org.aiotml.testing.errors.AiotMLExecutionError: 
Test execution - Non-zero return value
[stdout]

[stderr]
testconfiguration_generated.go:4:2: cannot find package "github.com/SINTEF-9012/gosm" in any of:
	D:\Go\src\github.com\SINTEF-9012\gosm (from $GOROOT)
	F:\MasterLab\go-ethereum\src\github.com\SINTEF-9012\gosm (from $GOPATH)

</failure>
  </testcase>
  <testcase name="NodeJS [testUInt8]" classname="testUInt8 [General.Types]" time="0.078">
    <failure message="Cannot run compiler&apos;nodejs&apos; on the current platform" type="org.aiotml.testing.errors.AiotMLTestCaseCompilerError">org.aiotml.testing.errors.AiotMLTestCaseCompilerError: Cannot run compiler'nodejs' on the current platform
Caused by: org.aiotml.testing.errors.AiotMLExecutionError: 
node -v - Non-zero return value
[stdout]

[stderr]
'node' �����ڲ����ⲿ���Ҳ���ǿ����еĳ���
���������ļ���

</failure>
  </testcase>
  <testcase name="Java [testUInt8]" classname="testUInt8 [General.Types]" time="0.001">
    <failure message="Cannot run compiler&apos;java&apos; on the current platform" type="org.aiotml.testing.errors.AiotMLTestCaseCompilerError">org.aiotml.testing.errors.AiotMLTestCaseCompilerError: Cannot run compiler'java' on the current platform
Caused by: org.aiotml.testing.errors.AiotMLExecutionError: 
mvn -v - Non-zero return value
[stdout]

[stderr]
'mvn' �����ڲ����ⲿ���Ҳ���ǿ����еĳ���
���������ļ���

</failure>
  </testcase>
  <testcase name="Posix [testUInt8]" classname="testUInt8 [General.Types]" time="0.001">
    <failure message="Cannot run compiler&apos;posix&apos; on the current platform" type="org.aiotml.testing.errors.AiotMLTestCaseCompilerError">org.aiotml.testing.errors.AiotMLTestCaseCompilerError: Cannot run compiler'posix' on the current platform
Caused by: org.aiotml.testing.errors.AiotMLExecutionError: 
make -v - Non-zero return value
[stdout]

[stderr]
'make' �����ڲ����ⲿ���Ҳ���ǿ����еĳ���
���������ļ���

</failure>
  </testcase>
  <testcase name="PosixMT [testUInt8]" classname="testUInt8 [General.Types]" time="0">
    <failure message="Cannot run compiler&apos;posixmt&apos; on the current platform" type="org.aiotml.testing.errors.AiotMLTestCaseCompilerError">org.aiotml.testing.errors.AiotMLTestCaseCompilerError: Cannot run compiler'posixmt' on the current platform
Caused by: org.aiotml.testing.errors.AiotMLExecutionError: 
make -v - Non-zero return value
[stdout]

[stderr]
'make' �����ڲ����ⲿ���Ҳ���ǿ����еĳ���
���������ļ���

</failure>
  </testcase>
  <testcase name="Go [testUInt32]" classname="testUInt32 [General.Types]" time="0.183">
    <failure message="Test execution - Non-zero return value&#10;[stdout]&#10;&#10;[stderr]&#10;testconfiguration_generated.go:4:2: cannot find package &quot;github.com/SINTEF-9012/gosm&quot; in any of:&#10;	D:\Go\src\github.com\SINTEF-9012\gosm (from $GOROOT)&#10;	F:\MasterLab\go-ethereum\src\github.com\SINTEF-9012\gosm (from $GOPATH)&#10;" type="org.aiotml.testing.errors.AiotMLExecutionError">org.aiotml.testing.errors.AiotMLExecutionError: 
Test execution - Non-zero return value
[stdout]

[stderr]
testconfiguration_generated.go:4:2: cannot find package "github.com/SINTEF-9012/gosm" in any of:
	D:\Go\src\github.com\SINTEF-9012\gosm (from $GOROOT)
	F:\MasterLab\go-ethereum\src\github.com\SINTEF-9012\gosm (from $GOPATH)

</failure>
  </testcase>
  <testcase name="Go [testUInt16]" classname="testUInt16 [General.Types]" time="0.379">
    <failure message="Test execution - Non-zero return value&#10;[stdout]&#10;&#10;[stderr]&#10;testconfiguration_generated.go:4:2: cannot find package &quot;github.com/SINTEF-9012/gosm&quot; in any of:&#10;	D:\Go\src\github.com\SINTEF-9012\gosm (from $GOROOT)&#10;	F:\MasterLab\go-ethereum\src\github.com\SINTEF-9012\gosm (from $GOPATH)&#10;" type="org.aiotml.testing.errors.AiotMLExecutionError">org.aiotml.testing.errors.AiotMLExecutionError: 
Test execution - Non-zero return value
[stdout]

[stderr]
testconfiguration_generated.go:4:2: cannot find package "github.com/SINTEF-9012/gosm" in any of:
	D:\Go\src\github.com\SINTEF-9012\gosm (from $GOROOT)
	F:\MasterLab\go-ethereum\src\github.com\SINTEF-9012\gosm (from $GOPATH)

</failure>
  </testcase>
  <testcase name="Go [testUInt8]" classname="testUInt8 [General.Types]" time="0.632">
    <failure message="Test execution - Non-zero return value&#10;[stdout]&#10;&#10;[stderr]&#10;testconfiguration_generated.go:4:2: cannot find package &quot;github.com/SINTEF-9012/gosm&quot; in any of:&#10;	D:\Go\src\github.com\SINTEF-9012\gosm (from $GOROOT)&#10;	F:\MasterLab\go-ethereum\src\github.com\SINTEF-9012\gosm (from $GOPATH)&#10;" type="org.aiotml.testing.errors.AiotMLExecutionError">org.aiotml.testing.errors.AiotMLExecutionError: 
Test execution - Non-zero return value
[stdout]

[stderr]
testconfiguration_generated.go:4:2: cannot find package "github.com/SINTEF-9012/gosm" in any of:
	D:\Go\src\github.com\SINTEF-9012\gosm (from $GOROOT)
	F:\MasterLab\go-ethereum\src\github.com\SINTEF-9012\gosm (from $GOPATH)

</failure>
  </testcase>
</testsuite>